[14:27:11] [📅 Processing LIST for: 2025-10-28]
[14:27:11] ⏭️  [2025-10-28] Already exists: 2025-10-28_c258289429bd867a006944578882013d.json
[14:27:11] ⏭️  [2025-10-28] Already exists: 2025-10-28_3f2eeaa25e90c594579eb03dcb3ba44e.json
[14:27:11] ⏭️  [2025-10-28] Already exists: 2025-10-28_379051c5eec26f1eafcfa90e765cae24.json
[14:27:11] ⏭️  [2025-10-28] Already exists: 2025-10-28_5e1d2489273ba97fc160bf1aea842c3f.json
[14:27:11] ⏭️  [2025-10-28] Already exists: 2025-10-28_14067ad258facf647e2675c5e86a6f56.json
[14:27:11] ⏭️  [2025-10-28] Already exists: 2025-10-28_d8ff23a73a86eb232326212cf5fad010.json
[14:27:11] ⏭️  [2025-10-28] Already exists: 2025-10-28_7d8afb409a25d456ac5fd0c054656bc7.json
[14:27:11] ⏭️  [2025-10-28] Already exists: 2025-10-28_8519ed4911abfdac62e12062fd6489d4.json
[14:27:15] ⏭️  [2025-10-28] Already exists: 2025-10-28_554acda72e46820f1f030b5cdf931a97.json
[14:27:15] ⏭️  [2025-10-28] Already exists: 2025-10-28_ee39cda630e43bf82eee7a6badfd8b01.json
[14:27:15] ⏭️  [2025-10-28] Already exists: 2025-10-28_dfe1a89e3aae43be34394ca59e4a4e1a.json
[14:27:15] ⏭️  [2025-10-28] Already exists: 2025-10-28_8062f6ca5ec5c98aee1daa68f329f2d2.json
[14:27:15] ⏭️  [2025-10-28] Already exists: 2025-10-28_4473717f56c6ceb3e0385766588db7a4.json
[14:27:15] ⏭️  [2025-10-28] Already exists: 2025-10-28_b534bc916122997c0cf54fb4d558afb1.json
[14:27:15] ⏭️  [2025-10-28] Already exists: 2025-10-28_41118b483bd7377467e1bbc5180479a8.json
[14:27:15] ⏭️  [2025-10-28] Already exists: 2025-10-28_4f0876ab2ff3b285d2e69f789d4f93cc.json
[14:27:19] ⏭️  [2025-10-28] Already exists: 2025-10-28_99bac7055b0ac19afa2af59cd6c0ee07.json
[14:27:19] ⏭️  [2025-10-28] Already exists: 2025-10-28_06dd55322311b96c970d9939e7ffa492.json
[14:27:19] ⏭️  [2025-10-28] Already exists: 2025-10-28_4b9d7625a79fc3f1c84a8c9cee24cf34.json
[14:27:19] ⏭️  [2025-10-28] Already exists: 2025-10-28_27e905b997e519d8c9227184a1aefb35.json
[14:27:19] ⏭️  [2025-10-28] Already exists: 2025-10-28_f9254674cbe01daa8556ec81e03337ce.json
[14:27:19] ⏭️  [2025-10-28] Already exists: 2025-10-28_38970b938e1f0355b218bfc920ad8ec8.json
[14:27:19] ⏭️  [2025-10-28] Already exists: 2025-10-28_117435d8e822336064c41c51e8feb32f.json
[14:27:20] ⏭️  [2025-10-28] Already exists: 2025-10-28_702f1ee1bdcd2ed36cd7f58558fa16e0.json
[14:27:23] ⏭️  [2025-10-28] Already exists: 2025-10-28_330cf32be46e5ae15f40e68c82de53f3.json
[14:27:23] ⏭️  [2025-10-28] Already exists: 2025-10-28_93ece302c3b2917ab720c61d47aa9531.json
[14:27:23] ⏭️  [2025-10-28] Already exists: 2025-10-28_ca828659d10a9f0f43b2239b4db8c16c.json
[14:27:23] ⏭️  [2025-10-28] Already exists: 2025-10-28_185ddc62206982d7b503d531133ccddf.json
[14:27:23] ⏭️  [2025-10-28] Already exists: 2025-10-28_f71d12300e7f47ababa8ddfd6c67cbc5.json
[14:27:23] ⏭️  [2025-10-28] Already exists: 2025-10-28_6917539fe309c4c429238d23307b30c2.json
[14:27:23] ⏭️  [2025-10-28] Already exists: 2025-10-28_58468266b2e6297b9f7069f8df212f9d.json
[14:27:23] ⏭️  [2025-10-28] Already exists: 2025-10-28_87397bbaafe901eee3a7094bcc2127d7.json
[14:27:28] ⏭️  [2025-10-28] Already exists: 2025-10-28_55d2801a6c3de24da3c40e63d5cd9ea2.json
[14:27:28] ⏭️  [2025-10-28] Already exists: 2025-10-28_3574f2c603d4549db5e46e07a4c8b5b6.json
[14:27:28] ⏭️  [2025-10-28] Already exists: 2025-10-28_acec97a6366f7a9c9fcd6712bc4a5f1b.json
[14:27:28] ⏭️  [2025-10-28] Already exists: 2025-10-28_3d8709404971505498c3d16f7894442b.json
[14:27:28] ⏭️  [2025-10-28] Already exists: 2025-10-28_f364be641c10c0e5321884e485c34bee.json
[14:27:28] ⏭️  [2025-10-28] Already exists: 2025-10-28_4c676c50a10ea6b01e4c9e9fe8d409e7.json
[14:27:28] ⏭️  [2025-10-28] Already exists: 2025-10-28_bc4bf26627ff7e64b0642b4265f673bc.json
[14:27:30] 🎯 Finished 2025-10-28
[14:27:30]    📊 Success: 0 | Skipped: 39 | Failed: 0 | Total: 39
[14:27:30]    📝 Avg content length: 0 chars
[14:27:30] ✅ APP article scraping completed.
[14:27:30] 📊 Final Stats:
{
  "2025-10-28": {
    "success": 0,
    "failed": 0,
    "skipped": 39,
    "total": 39,
    "avgContentLength": 0
  }
}
