[15:51:29] [📅 Processing LIST for: 2025-10-28]
[15:51:29] ⏭️  [2025-10-28] Already exists: 2025-10-28_379051c5eec26f1eafcfa90e765cae24.json
[15:51:29] ⏭️  [2025-10-28] Already exists: 2025-10-28_c258289429bd867a006944578882013d.json
[15:51:29] ⏭️  [2025-10-28] Already exists: 2025-10-28_8519ed4911abfdac62e12062fd6489d4.json
[15:51:29] ⏭️  [2025-10-28] Already exists: 2025-10-28_d8ff23a73a86eb232326212cf5fad010.json
[15:51:29] ⏭️  [2025-10-28] Already exists: 2025-10-28_7d8afb409a25d456ac5fd0c054656bc7.json
[15:51:29] ⏭️  [2025-10-28] Already exists: 2025-10-28_3f2eeaa25e90c594579eb03dcb3ba44e.json
[15:51:30] ⏭️  [2025-10-28] Already exists: 2025-10-28_5e1d2489273ba97fc160bf1aea842c3f.json
[15:51:30] ⏭️  [2025-10-28] Already exists: 2025-10-28_14067ad258facf647e2675c5e86a6f56.json
[15:51:33] ⏭️  [2025-10-28] Already exists: 2025-10-28_b534bc916122997c0cf54fb4d558afb1.json
[15:51:33] ⏭️  [2025-10-28] Already exists: 2025-10-28_554acda72e46820f1f030b5cdf931a97.json
[15:51:33] ⏭️  [2025-10-28] Already exists: 2025-10-28_4473717f56c6ceb3e0385766588db7a4.json
[15:51:33] ⏭️  [2025-10-28] Already exists: 2025-10-28_41118b483bd7377467e1bbc5180479a8.json
[15:51:33] ⏭️  [2025-10-28] Already exists: 2025-10-28_8062f6ca5ec5c98aee1daa68f329f2d2.json
[15:51:33] ⏭️  [2025-10-28] Already exists: 2025-10-28_ee39cda630e43bf82eee7a6badfd8b01.json
[15:51:33] ⏭️  [2025-10-28] Already exists: 2025-10-28_4f0876ab2ff3b285d2e69f789d4f93cc.json
[15:51:33] ⏭️  [2025-10-28] Already exists: 2025-10-28_dfe1a89e3aae43be34394ca59e4a4e1a.json
[15:51:36] ⏭️  [2025-10-28] Already exists: 2025-10-28_06dd55322311b96c970d9939e7ffa492.json
[15:51:36] ⏭️  [2025-10-28] Already exists: 2025-10-28_99bac7055b0ac19afa2af59cd6c0ee07.json
[15:51:36] ⏭️  [2025-10-28] Already exists: 2025-10-28_702f1ee1bdcd2ed36cd7f58558fa16e0.json
[15:51:36] ⏭️  [2025-10-28] Already exists: 2025-10-28_4b9d7625a79fc3f1c84a8c9cee24cf34.json
[15:51:36] ⏭️  [2025-10-28] Already exists: 2025-10-28_27e905b997e519d8c9227184a1aefb35.json
[15:51:36] ⏭️  [2025-10-28] Already exists: 2025-10-28_38970b938e1f0355b218bfc920ad8ec8.json
[15:51:36] ⏭️  [2025-10-28] Already exists: 2025-10-28_117435d8e822336064c41c51e8feb32f.json
[15:51:36] ⏭️  [2025-10-28] Already exists: 2025-10-28_f9254674cbe01daa8556ec81e03337ce.json
[15:51:39] ⏭️  [2025-10-28] Already exists: 2025-10-28_f71d12300e7f47ababa8ddfd6c67cbc5.json
[15:51:39] ⏭️  [2025-10-28] Already exists: 2025-10-28_ca828659d10a9f0f43b2239b4db8c16c.json
[15:51:39] ⏭️  [2025-10-28] Already exists: 2025-10-28_58468266b2e6297b9f7069f8df212f9d.json
[15:51:39] ⏭️  [2025-10-28] Already exists: 2025-10-28_185ddc62206982d7b503d531133ccddf.json
[15:51:39] ⏭️  [2025-10-28] Already exists: 2025-10-28_330cf32be46e5ae15f40e68c82de53f3.json
[15:51:39] ⏭️  [2025-10-28] Already exists: 2025-10-28_6917539fe309c4c429238d23307b30c2.json
[15:51:39] ⏭️  [2025-10-28] Already exists: 2025-10-28_87397bbaafe901eee3a7094bcc2127d7.json
[15:51:39] ⏭️  [2025-10-28] Already exists: 2025-10-28_93ece302c3b2917ab720c61d47aa9531.json
[15:51:43] ⏭️  [2025-10-28] Already exists: 2025-10-28_3d8709404971505498c3d16f7894442b.json
[15:51:43] ⏭️  [2025-10-28] Already exists: 2025-10-28_acec97a6366f7a9c9fcd6712bc4a5f1b.json
[15:51:43] ⏭️  [2025-10-28] Already exists: 2025-10-28_f364be641c10c0e5321884e485c34bee.json
[15:51:43] ⏭️  [2025-10-28] Already exists: 2025-10-28_55d2801a6c3de24da3c40e63d5cd9ea2.json
[15:51:43] ⏭️  [2025-10-28] Already exists: 2025-10-28_bc4bf26627ff7e64b0642b4265f673bc.json
[15:51:43] ⏭️  [2025-10-28] Already exists: 2025-10-28_4c676c50a10ea6b01e4c9e9fe8d409e7.json
[15:51:43] ⏭️  [2025-10-28] Already exists: 2025-10-28_3574f2c603d4549db5e46e07a4c8b5b6.json
[15:52:06] ✅ Saved: 2025-10-28_3f002155a12d36ce7fbd6a2f6bf2da4f.json (1641 chars)
[15:53:17] ❌ [2025-10-28] Failed: Dry weather forecast for city... - Navigation timeout of 60000 ms exceeded
[15:53:21] ❌ [2025-10-28] Failed: Police powerlifting team wins 13 medals... - Navigation timeout of 60000 ms exceeded
[15:53:21] ❌ [2025-10-28] Failed: India tried to bribe Pakistani fisherman for spying: Talal C... - Navigation timeout of 60000 ms exceeded
[15:53:31] ✅ Saved: 2025-10-28_0e46a6a6ed1c3a5de56044e693f45791.json (979 chars)
[15:53:31] ✅ Saved: 2025-10-28_b71faf580a6d73862a485b4761e992bc.json (489 chars)
[15:53:32] ✅ Saved: 2025-10-28_6ad4e692e3d603aa333f5f6a55370d77.json (3567 chars)
[15:53:32] ✅ Saved: 2025-10-28_16dc4e92954cc795dbd655bd03182519.json (830 chars)
[15:53:33] ✅ Saved: 2025-10-28_0dc9c7321b062c93997c465867fe04a7.json (1564 chars)
[15:53:34] ⚠️  Failed URLs in this batch:
[15:53:34]    - https://www.app.com.pk/national/india-tried-to-bribe-pakistani-fisherman-for-spying-talal-chaudhry/: Navigation timeout of 60000 ms exceeded
[15:53:34]    - https://www.app.com.pk/domestic/dry-weather-forecast-for-city-24/: Navigation timeout of 60000 ms exceeded
[15:53:34]    - https://www.app.com.pk/domestic/police-powerlifting-team-wins-13-medals/: Navigation timeout of 60000 ms exceeded
[15:53:36] 🎯 Finished 2025-10-28
[15:53:36]    📊 Success: 6 | Skipped: 39 | Failed: 3 | Total: 48
[15:53:36]    📝 Avg content length: 1512 chars
[15:53:36] ✅ APP article scraping completed.
[15:53:36] 📊 Final Stats:
{
  "2025-10-28": {
    "success": 6,
    "failed": 3,
    "skipped": 39,
    "total": 48,
    "avgContentLength": 1512
  }
}
