[02:06:08] [📅 Processing LIST for: 2025-11-02]
[02:06:08] ⏭️  [2025-11-02] Already exists: 2025-11-02_b7c80268b6521baac1c79cfb7f49699c.json
[02:06:09] ⏭️  [2025-11-02] Already exists: 2025-11-02_ecd2ba772a5ab7f94a078f098ea216cc.json
[02:06:09] ⏭️  [2025-11-02] Already exists: 2025-11-02_3f002155a12d36ce7fbd6a2f6bf2da4f.json
[02:06:09] ⏭️  [2025-11-02] Already exists: 2025-11-02_d8e2b70d414ee0b5addc4b70a5f96d5c.json
[02:06:09] ⏭️  [2025-11-02] Already exists: 2025-11-02_b71faf580a6d73862a485b4761e992bc.json
[02:06:09] ⏭️  [2025-11-02] Already exists: 2025-11-02_20a0faf39aaf13754d32ca53d27d3ee0.json
[02:06:09] ⏭️  [2025-11-02] Already exists: 2025-11-02_2d77b677b9a0c2d215e257a91fa91261.json
[02:06:09] ⏭️  [2025-11-02] Already exists: 2025-11-02_16dc4e92954cc795dbd655bd03182519.json
[02:06:12] ⏭️  [2025-11-02] Already exists: 2025-11-02_f9254674cbe01daa8556ec81e03337ce.json
[02:06:12] ⏭️  [2025-11-02] Already exists: 2025-11-02_27e905b997e519d8c9227184a1aefb35.json
[02:06:12] ⏭️  [2025-11-02] Already exists: 2025-11-02_748163a9e6f1759c82edd12fdcca1102.json
[02:06:12] ⏭️  [2025-11-02] Already exists: 2025-11-02_4b9d7625a79fc3f1c84a8c9cee24cf34.json
[02:06:12] ⏭️  [2025-11-02] Already exists: 2025-11-02_f71d12300e7f47ababa8ddfd6c67cbc5.json
[02:06:12] ⏭️  [2025-11-02] Already exists: 2025-11-02_117435d8e822336064c41c51e8feb32f.json
[02:06:13] ⏭️  [2025-11-02] Already exists: 2025-11-02_6ad4e692e3d603aa333f5f6a55370d77.json
[02:06:13] ⏭️  [2025-11-02] Already exists: 2025-11-02_38970b938e1f0355b218bfc920ad8ec8.json
[02:06:15] ⏭️  [2025-11-02] Already exists: 2025-11-02_58468266b2e6297b9f7069f8df212f9d.json
[02:06:15] ⏭️  [2025-11-02] Already exists: 2025-11-02_70db3572c45eaadcb0502317dc0a0ee9.json
[02:06:41] ⚠️  [2025-11-02] Empty/short content: Pakistan’s batter Babar Azam raises his bat to ack... (46 chars)
[02:06:41] ❌ [2025-11-02] Failed: Pakistan’s batter Babar Azam raises his bat to acknowledge t... - Empty or too short content extracted
[02:06:41] ⚠️  [2025-11-02] Empty/short content: Pakistan’s captain Salman Ali Agha receives the tr... (46 chars)
[02:06:41] ❌ [2025-11-02] Failed: Pakistan’s captain Salman Ali Agha receives the trophy from ... - Empty or too short content extracted
[02:06:45] ⚠️  [2025-11-02] Empty/short content: Pakistani players celebrate and pose for a group p... (46 chars)
[02:06:45] ❌ [2025-11-02] Failed: Pakistani players celebrate and pose for a group photo with ... - Empty or too short content extracted
[02:06:45] ⚠️  Failed URLs in this batch:
[02:06:45]    - https://www.app.com.pk/sports/pakistans-captain-salman-ali-agha-receives-the-trophy-from-pcb-chairman-mohsin-naqvi-after-winning-the-series-and-the-third-twenty20-international-cricket-match-between-pakistan-and-south-afr/: Empty or too short content extracted
[02:06:45]    - https://www.app.com.pk/sports/pakistani-players-celebrate-and-pose-for-a-group-photo-with-the-trophy-after-winning-the-series-and-the-third-twenty20-international-cricket-match-between-pakistan-and-south-africa-at-the-gaddafi-cric/: Empty or too short content extracted
[02:06:45]    - https://www.app.com.pk/sports/pakistans-batter-babar-azam-raises-his-bat-to-acknowledge-the-crowd-after-completing-his-fifty-during-waving-bat-after-completed-fiffty-during-the-third-t20-international-cricket-match-betwee/: Empty or too short content extracted
[02:06:48] 🎯 Finished 2025-11-02
[02:06:48]    📊 Success: 0 | Skipped: 18 | Failed: 3 | Total: 21
[02:06:48]    📝 Avg content length: 0 chars
[02:06:48] ✅ APP article scraping completed.
[02:06:48] 📊 Final Stats:
{
  "2025-11-02": {
    "success": 0,
    "failed": 3,
    "skipped": 18,
    "total": 21,
    "avgContentLength": 0
  }
}
