[17:13:12] [📅 Processing LIST for: 2025-10-22]
[17:13:12] ⏭️  [2025-10-22] Already exists: 2025-10-22_7b5e4a93aa2e155ef79b17d455fc1b2d.json
[17:13:12] ⏭️  [2025-10-22] Already exists: 2025-10-22_9a1653a9b2e45c48ce64a26b24570633.json
[17:13:12] ⏭️  [2025-10-22] Already exists: 2025-10-22_6ea8b8671fd28f03ef803f5ab890c655.json
[17:13:13] ⏭️  [2025-10-22] Already exists: 2025-10-22_112f5fbb539a0ac5b1e0270aa72e3ff8.json
[17:13:13] ⏭️  [2025-10-22] Already exists: 2025-10-22_79863183b7de2604b66896c7574da002.json
[17:13:13] ⏭️  [2025-10-22] Already exists: 2025-10-22_79863183b7de2604b66896c7574da002.json
[17:13:13] ⏭️  [2025-10-22] Already exists: 2025-10-22_67e3ed05c013b11c7e449b5812f70af9.json
[17:13:13] ⏭️  [2025-10-22] Already exists: 2025-10-22_6b5b387813285d940f3c4de07353b87d.json
[17:13:16] ⏭️  [2025-10-22] Already exists: 2025-10-22_79863183b7de2604b66896c7574da002.json
[17:13:16] ⏭️  [2025-10-22] Already exists: 2025-10-22_79863183b7de2604b66896c7574da002.json
[17:13:16] ⏭️  [2025-10-22] Already exists: 2025-10-22_79863183b7de2604b66896c7574da002.json
[17:13:16] ⏭️  [2025-10-22] Already exists: 2025-10-22_a1bf417f10d0fb7f02a50708553787a7.json
[17:13:16] ⏭️  [2025-10-22] Already exists: 2025-10-22_79863183b7de2604b66896c7574da002.json
[17:13:16] ⏭️  [2025-10-22] Already exists: 2025-10-22_79863183b7de2604b66896c7574da002.json
[17:13:16] ⏭️  [2025-10-22] Already exists: 2025-10-22_79863183b7de2604b66896c7574da002.json
[17:13:16] ⏭️  [2025-10-22] Already exists: 2025-10-22_79863183b7de2604b66896c7574da002.json
[17:13:19] ⏭️  [2025-10-22] Already exists: 2025-10-22_7b5e4a93aa2e155ef79b17d455fc1b2d.json
[17:13:19] ⏭️  [2025-10-22] Already exists: 2025-10-22_3e911cac1b09f85173c1ffc0cf4a9a4d.json
[17:13:19] ⏭️  [2025-10-22] Already exists: 2025-10-22_a445da3f1d40ec13441ac7d2e0ae4c62.json
[17:13:19] ⏭️  [2025-10-22] Already exists: 2025-10-22_a02b57f7d21b61462019a8c65f8cca9e.json
[17:13:19] ⏭️  [2025-10-22] Already exists: 2025-10-22_3e911cac1b09f85173c1ffc0cf4a9a4d.json
[17:13:19] ⏭️  [2025-10-22] Already exists: 2025-10-22_a1bf417f10d0fb7f02a50708553787a7.json
[17:13:20] ⏭️  [2025-10-22] Already exists: 2025-10-22_2d971ab1cf8e337bb88d06d2669c39e1.json
[17:13:20] ⏭️  [2025-10-22] Already exists: 2025-10-22_d96bc3acb7a58b81d824af3c33ec0bd3.json
[17:13:23] ⏭️  [2025-10-22] Already exists: 2025-10-22_d9f17f65e7948d6ec2d70b42e34e1633.json
[17:13:23] ⏭️  [2025-10-22] Already exists: 2025-10-22_43454869f7f5c42b93ab4b3fbc548c6d.json
[17:13:23] ⏭️  [2025-10-22] Already exists: 2025-10-22_d9f17f65e7948d6ec2d70b42e34e1633.json
[17:13:23] ⏭️  [2025-10-22] Already exists: 2025-10-22_8b8e6f2ae24eb682fbed239a0a1b6095.json
[17:13:23] ⏭️  [2025-10-22] Already exists: 2025-10-22_43d62a1f022010db11079d921cbbb05e.json
[17:13:23] ⏭️  [2025-10-22] Already exists: 2025-10-22_93b42184eadf440bc52b4c202a5cba86.json
[17:13:23] ⏭️  [2025-10-22] Already exists: 2025-10-22_2d971ab1cf8e337bb88d06d2669c39e1.json
[17:13:23] ⏭️  [2025-10-22] Already exists: 2025-10-22_73c3c178bbc3cf9b10efecc49da52493.json
[17:13:27] ⏭️  [2025-10-22] Already exists: 2025-10-22_c95ee1f3aadf5625e1c691c42a2ba807.json
[17:13:27] ⏭️  [2025-10-22] Already exists: 2025-10-22_2b50956780177355c45a1e141fef0dcb.json
[17:13:27] ⏭️  [2025-10-22] Already exists: 2025-10-22_8c9f056d57fd96778299f27aa7cb3046.json
[17:13:27] ⏭️  [2025-10-22] Already exists: 2025-10-22_85d4f2d5f81f3db4c7150d822a8638f4.json
[17:13:28] ⏭️  [2025-10-22] Already exists: 2025-10-22_4c9340b7175b660653035595875b5280.json
[17:13:28] ⏭️  [2025-10-22] Already exists: 2025-10-22_8c9f056d57fd96778299f27aa7cb3046.json
[17:13:28] ⏭️  [2025-10-22] Already exists: 2025-10-22_9fcae40f8bd769966b50a27713a95266.json
[17:13:28] ⏭️  [2025-10-22] Already exists: 2025-10-22_f36312359cff4966ac18dc938ff9b4d3.json
[17:13:31] ⏭️  [2025-10-22] Already exists: 2025-10-22_3a27626a7559e01d58d39eb948703ff3.json
[17:13:31] ⏭️  [2025-10-22] Already exists: 2025-10-22_5302c53890adacdf01af190e7f509c96.json
[17:13:31] ⏭️  [2025-10-22] Already exists: 2025-10-22_1caa70a4ba2e069980d62056df6ae9d3.json
[17:13:31] ⏭️  [2025-10-22] Already exists: 2025-10-22_27bf2fda27c74361cec01881d88d6106.json
[17:13:32] ⏭️  [2025-10-22] Already exists: 2025-10-22_f569d58e797731be7b2f0d0b0507c16d.json
[17:13:32] ⏭️  [2025-10-22] Already exists: 2025-10-22_bb8770b0835366917a5e4c77ddd85c7b.json
[17:13:32] ⏭️  [2025-10-22] Already exists: 2025-10-22_c61ae7615584f20ce4fa5565ef4ab0e6.json
[17:13:32] ⏭️  [2025-10-22] Already exists: 2025-10-22_a6989a7efa66471a9413def7039f2b8b.json
[17:14:02] ✅ Saved: 2025-10-22_2509919dc6a2b241139f952845537775.json (858 chars)
[17:14:02] ✅ Saved: 2025-10-22_2509919dc6a2b241139f952845537775.json (858 chars)
[17:14:03] ✅ Saved: 2025-10-22_d5be3d58b982d3c48fed5bff5c5d3b0e.json (3396 chars)
[17:14:09] ✅ Saved: 2025-10-22_d5be3d58b982d3c48fed5bff5c5d3b0e.json (3396 chars)
[17:14:10] ⚠️  [2025-10-22] Empty/short content: A delegation of Parliamentarians and Political lea... (46 chars)
[17:14:10] ❌ [2025-10-22] Failed: A delegation of Parliamentarians and Political leaders from ... - Empty or too short content extracted
[17:14:10] ⚠️  [2025-10-22] Empty/short content: A delegation of Parliamentarians and Political lea... (46 chars)
[17:14:10] ❌ [2025-10-22] Failed: A delegation of Parliamentarians and Political leaders from ... - Empty or too short content extracted
[17:14:12] ⚠️  [2025-10-22] Empty/short content: A delegation of Parliamentarians and Political lea... (46 chars)
[17:14:12] ❌ [2025-10-22] Failed: A delegation of Parliamentarians and Political leaders from ... - Empty or too short content extracted
[17:14:13] ⚠️  [2025-10-22] Empty/short content: A delegation of Parliamentarians and Political lea... (46 chars)
[17:14:13] ❌ [2025-10-22] Failed: A delegation of Parliamentarians and Political leaders from ... - Empty or too short content extracted
[17:14:13] ⚠️  Failed URLs in this batch:
[17:14:13]    - https://www.app.com.pk/photos-section/a-delegation-of-parliamentarians-and-political-leaders-from-khyber-pakhtunkhwa-call-on-prime-minister-muhammad-shehbaz-sharif-4/: Empty or too short content extracted
[17:14:13]    - https://www.app.com.pk/photos-section/a-delegation-of-parliamentarians-and-political-leaders-from-khyber-pakhtunkhwa-call-on-prime-minister-muhammad-shehbaz-sharif-3/: Empty or too short content extracted
[17:14:13]    - https://www.app.com.pk/photos-section/a-delegation-of-parliamentarians-and-political-leaders-from-khyber-pakhtunkhwa-call-on-prime-minister-muhammad-shehbaz-sharif-2/: Empty or too short content extracted
[17:14:13]    - https://www.app.com.pk/photos-section/a-delegation-of-parliamentarians-and-political-leaders-from-khyber-pakhtunkhwa-call-on-prime-minister-muhammad-shehbaz-sharif/: Empty or too short content extracted
[17:14:17] 🎯 Finished 2025-10-22
[17:14:17]    📊 Success: 4 | Skipped: 48 | Failed: 4 | Total: 56
[17:14:17]    📝 Avg content length: 2127 chars
[17:14:17] ✅ APP article scraping completed.
[17:14:17] 📊 Final Stats:
{
  "2025-10-22": {
    "success": 4,
    "failed": 4,
    "skipped": 48,
    "total": 56,
    "avgContentLength": 2127
  }
}
