[11:11:42] [📅 Processing LIST for: 2025-10-25]
[11:11:42] ⏭️  [2025-10-25] Already exists: 2025-10-25_6549e2c1a1a77777953cd080715d12c5.json
[11:11:42] ⏭️  [2025-10-25] Already exists: 2025-10-25_12598d80718ff787076d58c1c511afce.json
[11:11:42] ⏭️  [2025-10-25] Already exists: 2025-10-25_3cf65fbe3ae6cb48b9cd490ce15d5e6a.json
[11:11:42] ⏭️  [2025-10-25] Already exists: 2025-10-25_0953d5a23f40d81340b3a0c53b09c560.json
[11:11:42] ⏭️  [2025-10-25] Already exists: 2025-10-25_4b1f1f52977a16fe24f6a2fcb614dfc3.json
[11:11:42] ⏭️  [2025-10-25] Already exists: 2025-10-25_1aa71d77c1732d4444fb7dc3abd93a63.json
[11:11:42] ⏭️  [2025-10-25] Already exists: 2025-10-25_f2cb93a6dd138ae0e16e87a20eb23a3f.json
[11:11:42] ⏭️  [2025-10-25] Already exists: 2025-10-25_5bdf06417d6e35727ce4e3f4cd8407ed.json
[11:11:46] ⏭️  [2025-10-25] Already exists: 2025-10-25_98ffee86b2eeeba21dd15162d03c37c5.json
[11:11:46] ⏭️  [2025-10-25] Already exists: 2025-10-25_618fb22f6e1d963aee9e21a4f98c07d1.json
[11:11:47] ⏭️  [2025-10-25] Already exists: 2025-10-25_35dcab125fbe8fd5d16fb85157818a0d.json
[11:11:47] ⏭️  [2025-10-25] Already exists: 2025-10-25_396826c83addc702d2c04b3ba468303e.json
[11:11:47] ⏭️  [2025-10-25] Already exists: 2025-10-25_7d1fb12df6f451cf890fd9a0f1eee17e.json
[11:11:47] ⏭️  [2025-10-25] Already exists: 2025-10-25_910fc65bacdb830c6515ea31e3676976.json
[11:11:47] ⏭️  [2025-10-25] Already exists: 2025-10-25_e47a945400d08e51a6e38d3636a1351a.json
[11:11:47] ⏭️  [2025-10-25] Already exists: 2025-10-25_6b7f46f3f57612c15eee9ce00550ab25.json
[11:11:51] ⏭️  [2025-10-25] Already exists: 2025-10-25_c05f90fdd4a82afd212f41ae8b790b54.json
[11:11:51] ⏭️  [2025-10-25] Already exists: 2025-10-25_4ac9cd0a9e30f3b4aae7593603bf8de7.json
[11:11:51] ⏭️  [2025-10-25] Already exists: 2025-10-25_1de22b104a680ed3441240f0185900bc.json
[11:11:51] ⏭️  [2025-10-25] Already exists: 2025-10-25_e608c4f93de22a414cb2ce0b509df472.json
[11:12:07] ✅ Saved: 2025-10-25_025514fff90e7582324addffd1f6ef7e.json (2570 chars)
[11:12:08] ✅ Saved: 2025-10-25_10f0dc85e052985bb47d6f75806dc417.json (1052 chars)
[11:12:10] ✅ Saved: 2025-10-25_8b02688457f2a5fd03f32a53b8ad795c.json (3472 chars)
[11:12:15] ✅ Saved: 2025-10-25_4a9b38a887e0e47411a47087be0fd19a.json (2741 chars)
[11:12:30] ✅ Saved: 2025-10-25_33f50f870b5345f7c7b8a987c71dc402.json (1033 chars)
[11:12:33] ✅ Saved: 2025-10-25_700cd7a374c28214b7c8ded8dc459f9e.json (1070 chars)
[11:12:34] ✅ Saved: 2025-10-25_a67c3fc5c2ff8d878a15598838a5148b.json (835 chars)
[11:12:35] ✅ Saved: 2025-10-25_cf773295095519f433163348e9e6db3b.json (1242 chars)
[11:12:35] ✅ Saved: 2025-10-25_fb8f57b2e8666d3ff5a35402b6975870.json (471 chars)
[11:12:37] ✅ Saved: 2025-10-25_2b04151912395940c6e4299ab41fe55c.json (1698 chars)
[11:12:41] 🎯 Finished 2025-10-25
[11:12:41]    📊 Success: 10 | Skipped: 20 | Failed: 0 | Total: 30
[11:12:41]    📝 Avg content length: 1618 chars
[11:12:41] ✅ APP article scraping completed.
[11:12:41] 📊 Final Stats:
{
  "2025-10-25": {
    "success": 10,
    "failed": 0,
    "skipped": 20,
    "total": 30,
    "avgContentLength": 1618
  }
}
