[22:43:17] [📅 Processing LIST for: 2025-10-26]
[22:43:17] ⏭️  [2025-10-26] Already exists: 2025-10-26_8e44aae61097926adf9668fe6c66b9a0.json
[22:43:17] ⏭️  [2025-10-26] Already exists: 2025-10-26_b67751ae2f851ee95b9fca119673502d.json
[22:43:17] ⏭️  [2025-10-26] Already exists: 2025-10-26_090083d554aeb6c604faaf0c4040c197.json
[22:43:17] ⏭️  [2025-10-26] Already exists: 2025-10-26_02d051e2ddf1eee76e348d9d4dabeeeb.json
[22:43:17] ⏭️  [2025-10-26] Already exists: 2025-10-26_0cb1e50a0ebf6537d3d97cc8ff5664a1.json
[22:43:17] ⏭️  [2025-10-26] Already exists: 2025-10-26_d7b573c0b0eadf41a24f3892605a94ce.json
[22:43:17] ⏭️  [2025-10-26] Already exists: 2025-10-26_ee5f7c19f56a7e690c0a2c6de67b69c9.json
[22:43:17] ⏭️  [2025-10-26] Already exists: 2025-10-26_3da02e7269e9e6900b37a7442c86020e.json
[22:43:20] ⏭️  [2025-10-26] Already exists: 2025-10-26_aa91cc87b3fce9fd317eb10b806db18b.json
[22:43:20] ⏭️  [2025-10-26] Already exists: 2025-10-26_10f0dc85e052985bb47d6f75806dc417.json
[22:43:20] ⏭️  [2025-10-26] Already exists: 2025-10-26_4a9b38a887e0e47411a47087be0fd19a.json
[22:43:20] ⏭️  [2025-10-26] Already exists: 2025-10-26_53050886b0afe4dd244a57904074e0e9.json
[22:43:20] ⏭️  [2025-10-26] Already exists: 2025-10-26_8b02688457f2a5fd03f32a53b8ad795c.json
[22:43:20] ⏭️  [2025-10-26] Already exists: 2025-10-26_b21b0f57b399086d4f722a50a34c8225.json
[22:43:20] ⏭️  [2025-10-26] Already exists: 2025-10-26_025514fff90e7582324addffd1f6ef7e.json
[22:43:20] ⏭️  [2025-10-26] Already exists: 2025-10-26_58c2352b661e34e5981e5dad58b6d3a0.json
[22:43:23] ⏭️  [2025-10-26] Already exists: 2025-10-26_13bd5c4a96c5ff17eb430bc9a1ba5b2c.json
[22:43:23] ⏭️  [2025-10-26] Already exists: 2025-10-26_33f50f870b5345f7c7b8a987c71dc402.json
[22:43:23] ⏭️  [2025-10-26] Already exists: 2025-10-26_792c31c79d0ed6587301be50dfd8bddf.json
[22:43:23] ⏭️  [2025-10-26] Already exists: 2025-10-26_7c80a1f6b3d7487a3c5c323ade12a363.json
[22:43:23] ⏭️  [2025-10-26] Already exists: 2025-10-26_c92841f7b3f27825aa6ceccced53178c.json
[22:43:23] ⏭️  [2025-10-26] Already exists: 2025-10-26_eee67665cbc38081380369b42edaaef4.json
[22:43:23] ⏭️  [2025-10-26] Already exists: 2025-10-26_b40dde2802650ce0ea7fe14c668210c2.json
[22:43:42] ⚠️  [2025-10-26] Empty/short content: Leaders of AJK PPP call on President Asif Ali Zard... (46 chars)
[22:43:42] ❌ [2025-10-26] Failed: Leaders of AJK PPP call on President Asif Ali Zardari to dis... - Empty or too short content extracted
[22:43:42] ⚠️  Failed URLs in this batch:
[22:43:42]    - https://www.app.com.pk/photos-section/leaders-of-ajk-ppp-call-on-president-asif-ali-zardari-to-discuss-issues-related-to-ajk-governance-and-the-role-of-the-party-the-meeting-is-being-attended-by-party-chairman-bilawal-bhutto-zardari-ppp/: Empty or too short content extracted
[22:43:44] ⏭️  [2025-10-26] Already exists: 2025-10-26_cb0647cab4da16a50429fc7bccfafe63.json
[22:43:44] ⏭️  [2025-10-26] Already exists: 2025-10-26_69bc1924b13111f40868873ec125ee07.json
[22:43:44] ⏭️  [2025-10-26] Already exists: 2025-10-26_cb09f0727439ef316d5d64403db8f755.json
[22:43:44] ⏭️  [2025-10-26] Already exists: 2025-10-26_f52dc27ed99626fab08fb8e1f6171037.json
[22:43:45] ⏭️  [2025-10-26] Already exists: 2025-10-26_1caedf326adf1d3a7418b8bfc513fbf6.json
[22:43:45] ⏭️  [2025-10-26] Already exists: 2025-10-26_b442a93de15388776f30b300b08327a2.json
[22:43:45] ⏭️  [2025-10-26] Already exists: 2025-10-26_f216c068470fd5db9798e631b58bbe9b.json
[22:43:45] ⏭️  [2025-10-26] Already exists: 2025-10-26_4e1b7412140afacf72e6d6ed317b9b0d.json
[22:43:48] ⏭️  [2025-10-26] Already exists: 2025-10-26_2a975b42fde5b7e7e01c9a6cc500c1f0.json
[22:43:48] ⏭️  [2025-10-26] Already exists: 2025-10-26_53da79405ff5de7096f2207ab7f12b52.json
[22:43:48] ⏭️  [2025-10-26] Already exists: 2025-10-26_7d8cf0156b327fae5d110c2a65cc972b.json
[22:43:49] ⏭️  [2025-10-26] Already exists: 2025-10-26_cdb3e9a4adc9044449b120b57fa0aaa7.json
[22:43:49] ⏭️  [2025-10-26] Already exists: 2025-10-26_6ed89a49b08eef931099821db3d508bb.json
[22:43:49] ⏭️  [2025-10-26] Already exists: 2025-10-26_12c71d93011894e365a4b937e72b1991.json
[22:43:49] ⏭️  [2025-10-26] Already exists: 2025-10-26_2cc492b1190048dc506bc984c34aa350.json
[22:43:49] ⏭️  [2025-10-26] Already exists: 2025-10-26_034bf05cdd48fd26674c098d7a079026.json
[22:43:52] ⏭️  [2025-10-26] Already exists: 2025-10-26_aa8042db40279f721ed4acb9a3b0fa88.json
[22:43:53] ⏭️  [2025-10-26] Already exists: 2025-10-26_f27afe84dd5b45cdb0fe0c53da1f75bb.json
[22:43:53] ⏭️  [2025-10-26] Already exists: 2025-10-26_7ed85d99d3837bce09e1d39ca974b596.json
[22:43:53] ⏭️  [2025-10-26] Already exists: 2025-10-26_3e73503073cbc4fc8c8371668cd1a8d5.json
[22:43:53] ⏭️  [2025-10-26] Already exists: 2025-10-26_1d4fa382df6f31e587e419494cf545e3.json
[22:43:53] ⏭️  [2025-10-26] Already exists: 2025-10-26_1fc889f85a360f0c1d30239bc24814ae.json
[22:43:53] ⏭️  [2025-10-26] Already exists: 2025-10-26_c912b3a5cf56cad2a6aaee158702bfdd.json
[22:43:53] ⏭️  [2025-10-26] Already exists: 2025-10-26_372a903e699a388e87a9f14518cb4d78.json
[22:43:56] ⏭️  [2025-10-26] Already exists: 2025-10-26_20470f02a24eb68a586ca81f0436d044.json
[22:43:57] ⏭️  [2025-10-26] Already exists: 2025-10-26_629830e87c2aee181a42a583e4e96748.json
[22:43:57] ⏭️  [2025-10-26] Already exists: 2025-10-26_c7f415c4941d7210bdd2e6d157bfd22b.json
[22:43:57] ⏭️  [2025-10-26] Already exists: 2025-10-26_935bd4bd3f86574bc26854bd0921c324.json
[22:43:57] ⏭️  [2025-10-26] Already exists: 2025-10-26_f8e61b7052020519b8e277bcf3ccb3c7.json
[22:44:11] ⚠️  [2025-10-26] Empty/short content: Prime Minister Muhammad Shehbaz Sharif inaugurates... (46 chars)
[22:44:11] ❌ [2025-10-26] Failed: Prime Minister Muhammad Shehbaz Sharif inaugurates restorati... - Empty or too short content extracted
[22:44:12] ⚠️  [2025-10-26] Empty/short content: Prime Minister Muhammad Shehbaz Sharif addresses t... (46 chars)
[22:44:12] ❌ [2025-10-26] Failed: Prime Minister Muhammad Shehbaz Sharif addresses the ceremon... - Empty or too short content extracted
[22:44:12] ⚠️  [2025-10-26] Empty/short content: Prime Minister Muhammad Shehbaz Sharif inaugurates... (46 chars)
[22:44:12] ❌ [2025-10-26] Failed: Prime Minister Muhammad Shehbaz Sharif inaugurates restorati... - Empty or too short content extracted
[22:44:12] ⚠️  Failed URLs in this batch:
[22:44:12]    - https://www.app.com.pk/photos-section/prime-minister-muhammad-shehbaz-sharif-addresses-the-ceremony-of-restoration-of-domestic-connections-of-regasified-liquified-natural-gas-2/: Empty or too short content extracted
[22:44:12]    - https://www.app.com.pk/photos-section/prime-minister-muhammad-shehbaz-sharif-inaugurates-restoration-of-domestic-connections-of-regasified-liquified-natural-gas-2/: Empty or too short content extracted
[22:44:12]    - https://www.app.com.pk/photos-section/prime-minister-muhammad-shehbaz-sharif-inaugurates-restoration-of-domestic-connections-of-regasified-liquified-natural-gas/: Empty or too short content extracted
[22:44:17] ⏭️  [2025-10-26] Already exists: 2025-10-26_0209dffd4b4b79b2a73c03ddbe0472ad.json
[22:44:17] ⏭️  [2025-10-26] Already exists: 2025-10-26_77ae2ec2495478e71b851d2794c5fc3d.json
[22:44:17] ⏭️  [2025-10-26] Already exists: 2025-10-26_8c6054ea55380d5648c13705146d41c0.json
[22:44:33] ✅ Saved: 2025-10-26_8b9646c7599a84111b0859b7349afcd0.json (3167 chars)
[22:44:34] ✅ Saved: 2025-10-26_e85770608057080e088252c97c57d905.json (2682 chars)
[22:44:34] ✅ Saved: 2025-10-26_e171479ba29f5bfdc5adfb9cab4603e8.json (2896 chars)
[22:44:35] ✅ Saved: 2025-10-26_92da4114e98304defe25cc488e894292.json (3020 chars)
[22:44:35] ✅ Saved: 2025-10-26_da9fc8864ac93f0d767b3689a3a70b2c.json (1252 chars)
[22:44:51] ✅ Saved: 2025-10-26_811a41c4e05cd4deb6e6deb1f68e7cd1.json (2889 chars)
[22:44:55] ✅ Saved: 2025-10-26_fda3cfdc08852ad2c7f2be51d8d198e9.json (3483 chars)
[22:44:56] ✅ Saved: 2025-10-26_fc66cd1ac5f6e8561cf8795d6ce99695.json (1852 chars)
[22:44:56] ✅ Saved: 2025-10-26_1a988b078a49825d920044d1e47c81fe.json (2074 chars)
[22:44:57] ⚠️  [2025-10-26] Empty/short content: Federal Minister for Information and Broadcasting,... (46 chars)
[22:44:57] ❌ [2025-10-26] Failed: Federal Minister for Information and Broadcasting, Attaullah... - Empty or too short content extracted
[22:44:57] ✅ Saved: 2025-10-26_0843e6421d7a1cb4a2a15a02831e68a0.json (1045 chars)
[22:44:57] ✅ Saved: 2025-10-26_559e2e6258ff91d755c2d7a0e38011f9.json (3052 chars)
[22:44:57] ✅ Saved: 2025-10-26_9e7bfabf4438a5b19af0ccc98926d799.json (2936 chars)
[22:44:57] ⚠️  Failed URLs in this batch:
[22:44:57]    - https://www.app.com.pk/photos-section/federal-minister-for-information-and-broadcasting-attaullah-tarar-in-a-group-photograph-with-the-winning-players-and-management-during-the-closing-ceremony-of-the-first-punjab-padel-championship-2025/: Empty or too short content extracted
[22:45:01] 🎯 Finished 2025-10-26
[22:45:01]    📊 Success: 12 | Skipped: 55 | Failed: 5 | Total: 72
[22:45:01]    📝 Avg content length: 2529 chars
[22:45:01] ✅ APP article scraping completed.
[22:45:01] 📊 Final Stats:
{
  "2025-10-26": {
    "success": 12,
    "failed": 5,
    "skipped": 55,
    "total": 72,
    "avgContentLength": 2529
  }
}
