[12:16:48] [📅 Processing LIST for: 2025-11-09]
[12:16:48] ⏭️  [2025-11-09] Already exists: 2025-11-09_8b520648f66baebf8e522dfa2c655f07.json
[12:16:48] ⏭️  [2025-11-09] Already exists: 2025-11-09_b8f95c890768f0964d0a52f7639c1abb.json
[12:16:49] ⏭️  [2025-11-09] Already exists: 2025-11-09_5082dcb2486b556e32d80c800b13767a.json
[12:16:49] ⏭️  [2025-11-09] Already exists: 2025-11-09_59d69440fa453080d88c5a0c740ffe61.json
[12:16:49] ⏭️  [2025-11-09] Already exists: 2025-11-09_61f4034facf7994ff86f9e362000426f.json
[12:16:49] ⏭️  [2025-11-09] Already exists: 2025-11-09_5b9a1635d6daa881ddac72194233a517.json
[12:16:49] ⏭️  [2025-11-09] Already exists: 2025-11-09_fbc041c25eacc14ae12c78368f68eb10.json
[12:16:49] ⏭️  [2025-11-09] Already exists: 2025-11-09_9180bce3a1e698911f41d00d2bcfccae.json
[12:16:52] ⏭️  [2025-11-09] Already exists: 2025-11-09_8a80bf54a2b9476f0225ad7f1f957ce1.json
[12:16:52] ⏭️  [2025-11-09] Already exists: 2025-11-09_01e5df7732faef582a1d2e4882bc48bd.json
[12:16:53] ⏭️  [2025-11-09] Already exists: 2025-11-09_e374ebaa9d7ea89e9739b7814d3acf38.json
[12:16:53] ⏭️  [2025-11-09] Already exists: 2025-11-09_86ecbe2196704de39077b6b2e721da98.json
[12:16:53] ⏭️  [2025-11-09] Already exists: 2025-11-09_06af47579aced6bca1f17cd280fd021c.json
[12:16:53] ⏭️  [2025-11-09] Already exists: 2025-11-09_ee4e424979391d798210d52180c5f14c.json
[12:16:53] ⏭️  [2025-11-09] Already exists: 2025-11-09_52fed28b6b58c90af8aa5833f2f0a5ec.json
[12:16:53] ⏭️  [2025-11-09] Already exists: 2025-11-09_d9b7a50d8dc1c0fbf9ce2e9816aa67a7.json
[12:16:55] ⏭️  [2025-11-09] Already exists: 2025-11-09_180617bbe554abf4e3545de2cd8a7983.json
[12:16:55] ⏭️  [2025-11-09] Already exists: 2025-11-09_b86dc814ffcac9c6e1a2cc21725cbc2f.json
[12:16:56] ⏭️  [2025-11-09] Already exists: 2025-11-09_56ee44217cb457177bf13b0c8782a406.json
[12:16:56] ⏭️  [2025-11-09] Already exists: 2025-11-09_674f7129e9093a5d71902c3f11142be0.json
[12:16:56] ⏭️  [2025-11-09] Already exists: 2025-11-09_7c6923303d7b4abc02c65dfd722f7df2.json
[12:16:56] ⏭️  [2025-11-09] Already exists: 2025-11-09_03855749dcd362f374b3bc054a63b0a0.json
[12:16:56] ⏭️  [2025-11-09] Already exists: 2025-11-09_7367cd3eccb4cee250742d7ae4adbd94.json
[12:16:56] ⏭️  [2025-11-09] Already exists: 2025-11-09_b73314a7f95beff49faa4d7df297c41a.json
[12:16:59] ⏭️  [2025-11-09] Already exists: 2025-11-09_3db01900f7fd67b987f7f204e271bc98.json
[12:17:00] ⏭️  [2025-11-09] Already exists: 2025-11-09_5ca77eb93ac389eb19519e7eed984d10.json
[12:17:00] ⏭️  [2025-11-09] Already exists: 2025-11-09_513a7feee3e3a68b72b1c3a8e62e0c0b.json
[12:17:00] ⏭️  [2025-11-09] Already exists: 2025-11-09_a8285b5959bff2ed01f2a970b07ebe1d.json
[12:17:00] ⏭️  [2025-11-09] Already exists: 2025-11-09_cfa5c3d8ea7616bf06c661e92ef5af64.json
[12:17:00] ⏭️  [2025-11-09] Already exists: 2025-11-09_74f6851fbf941f486670ae160da4344e.json
[12:17:00] ⏭️  [2025-11-09] Already exists: 2025-11-09_82f93c1bf2e2d77d289dba7233bbc5ca.json
[12:17:00] ⏭️  [2025-11-09] Already exists: 2025-11-09_77bb55a86bc8d9e1baf63e1d42705d60.json
[12:17:04] ⏭️  [2025-11-09] Already exists: 2025-11-09_9599edceedbca875a1bb292e03108275.json
[12:17:04] ⏭️  [2025-11-09] Already exists: 2025-11-09_a18d795878bf09aa63dfba3afc019788.json
[12:17:04] ⏭️  [2025-11-09] Already exists: 2025-11-09_47a7712e5480746526926fe54a3913ce.json
[12:17:04] ⏭️  [2025-11-09] Already exists: 2025-11-09_1fdb321936d9cc550115f21288d949e4.json
[12:17:04] ⏭️  [2025-11-09] Already exists: 2025-11-09_063ac8f68399869c0d328619510e62ce.json
[12:17:04] ⏭️  [2025-11-09] Already exists: 2025-11-09_f26d7b6d88d499bc4428aad851b7d6aa.json
[12:17:04] ⏭️  [2025-11-09] Already exists: 2025-11-09_b455bf9ae490243b8e824e573f9f10e2.json
[12:17:04] ⏭️  [2025-11-09] Already exists: 2025-11-09_64970aed3cac3efed33c95479119180a.json
[12:17:08] ⏭️  [2025-11-09] Already exists: 2025-11-09_6fefbb31d06e871cf3a75bbb9df7eef3.json
[12:17:08] ⏭️  [2025-11-09] Already exists: 2025-11-09_1e7c07ae72f2b2d40166f6923e7fae84.json
[12:17:08] ⏭️  [2025-11-09] Already exists: 2025-11-09_bf12d5beda94cd67ab9c51eb1887ef31.json
[12:17:11] 🎯 Finished 2025-11-09
[12:17:11]    📊 Success: 0 | Skipped: 43 | Failed: 0 | Total: 43
[12:17:11]    📝 Avg content length: 0 chars
[12:17:11] ✅ APP article scraping completed.
[12:17:11] 📊 Final Stats:
{
  "2025-11-09": {
    "success": 0,
    "failed": 0,
    "skipped": 43,
    "total": 43,
    "avgContentLength": 0
  }
}
