[20:47:29] [📅 Processing LIST for: 2025-10-25]
[20:47:29] ⏭️  [2025-10-25] Already exists: 2025-10-25_f2cb93a6dd138ae0e16e87a20eb23a3f.json
[20:47:29] ⏭️  [2025-10-25] Already exists: 2025-10-25_5bdf06417d6e35727ce4e3f4cd8407ed.json
[20:47:30] ⏭️  [2025-10-25] Already exists: 2025-10-25_3cf65fbe3ae6cb48b9cd490ce15d5e6a.json
[20:47:30] ⏭️  [2025-10-25] Already exists: 2025-10-25_1aa71d77c1732d4444fb7dc3abd93a63.json
[20:47:30] ⏭️  [2025-10-25] Already exists: 2025-10-25_0953d5a23f40d81340b3a0c53b09c560.json
[20:47:30] ⏭️  [2025-10-25] Already exists: 2025-10-25_4b1f1f52977a16fe24f6a2fcb614dfc3.json
[20:47:30] ⏭️  [2025-10-25] Already exists: 2025-10-25_12598d80718ff787076d58c1c511afce.json
[20:47:30] ⏭️  [2025-10-25] Already exists: 2025-10-25_6549e2c1a1a77777953cd080715d12c5.json
[20:47:33] ⏭️  [2025-10-25] Already exists: 2025-10-25_396826c83addc702d2c04b3ba468303e.json
[20:47:33] ⏭️  [2025-10-25] Already exists: 2025-10-25_e47a945400d08e51a6e38d3636a1351a.json
[20:47:33] ⏭️  [2025-10-25] Already exists: 2025-10-25_98ffee86b2eeeba21dd15162d03c37c5.json
[20:47:33] ⏭️  [2025-10-25] Already exists: 2025-10-25_910fc65bacdb830c6515ea31e3676976.json
[20:47:33] ⏭️  [2025-10-25] Already exists: 2025-10-25_35dcab125fbe8fd5d16fb85157818a0d.json
[20:47:33] ⏭️  [2025-10-25] Already exists: 2025-10-25_7d1fb12df6f451cf890fd9a0f1eee17e.json
[20:47:33] ⏭️  [2025-10-25] Already exists: 2025-10-25_618fb22f6e1d963aee9e21a4f98c07d1.json
[20:47:34] ⏭️  [2025-10-25] Already exists: 2025-10-25_6b7f46f3f57612c15eee9ce00550ab25.json
[20:47:38] ⏭️  [2025-10-25] Already exists: 2025-10-25_e608c4f93de22a414cb2ce0b509df472.json
[20:47:38] ⏭️  [2025-10-25] Already exists: 2025-10-25_c05f90fdd4a82afd212f41ae8b790b54.json
[20:47:38] ⏭️  [2025-10-25] Already exists: 2025-10-25_4ac9cd0a9e30f3b4aae7593603bf8de7.json
[20:47:38] ⏭️  [2025-10-25] Already exists: 2025-10-25_1de22b104a680ed3441240f0185900bc.json
[20:47:38] ⏭️  [2025-10-25] Already exists: 2025-10-25_025514fff90e7582324addffd1f6ef7e.json
[20:47:38] ⏭️  [2025-10-25] Already exists: 2025-10-25_8b02688457f2a5fd03f32a53b8ad795c.json
[20:47:38] ⏭️  [2025-10-25] Already exists: 2025-10-25_10f0dc85e052985bb47d6f75806dc417.json
[20:47:38] ⏭️  [2025-10-25] Already exists: 2025-10-25_4a9b38a887e0e47411a47087be0fd19a.json
[20:47:42] ⏭️  [2025-10-25] Already exists: 2025-10-25_58c2352b661e34e5981e5dad58b6d3a0.json
[20:47:42] ⏭️  [2025-10-25] Already exists: 2025-10-25_a67c3fc5c2ff8d878a15598838a5148b.json
[20:47:42] ⏭️  [2025-10-25] Already exists: 2025-10-25_33f50f870b5345f7c7b8a987c71dc402.json
[20:47:42] ⏭️  [2025-10-25] Already exists: 2025-10-25_700cd7a374c28214b7c8ded8dc459f9e.json
[20:47:42] ⏭️  [2025-10-25] Already exists: 2025-10-25_fb8f57b2e8666d3ff5a35402b6975870.json
[20:47:42] ⏭️  [2025-10-25] Already exists: 2025-10-25_53050886b0afe4dd244a57904074e0e9.json
[20:47:42] ⏭️  [2025-10-25] Already exists: 2025-10-25_2b04151912395940c6e4299ab41fe55c.json
[20:47:42] ⏭️  [2025-10-25] Already exists: 2025-10-25_cf773295095519f433163348e9e6db3b.json
[20:47:46] ⏭️  [2025-10-25] Already exists: 2025-10-25_83ad7dbf5a980d2308d84a0f4aa09bc1.json
[20:47:46] ⏭️  [2025-10-25] Already exists: 2025-10-25_c129090c5d6904deab858cf5330ae374.json
[20:47:46] ⏭️  [2025-10-25] Already exists: 2025-10-25_2966e50ae2d9747b5865c6d16952cfe0.json
[20:48:07] ✅ Saved: 2025-10-25_090083d554aeb6c604faaf0c4040c197.json (1932 chars)
[20:48:13] ✅ Saved: 2025-10-25_ee5f7c19f56a7e690c0a2c6de67b69c9.json (3227 chars)
[20:48:13] ✅ Saved: 2025-10-25_0cb1e50a0ebf6537d3d97cc8ff5664a1.json (1946 chars)
[20:48:14] ✅ Saved: 2025-10-25_d7b573c0b0eadf41a24f3892605a94ce.json (1579 chars)
[20:48:14] ✅ Saved: 2025-10-25_3da02e7269e9e6900b37a7442c86020e.json (1965 chars)
[20:48:32] ✅ Saved: 2025-10-25_13bd5c4a96c5ff17eb430bc9a1ba5b2c.json (1515 chars)
[20:48:32] ✅ Saved: 2025-10-25_b21b0f57b399086d4f722a50a34c8225.json (1290 chars)
[20:48:32] ⚠️  [2025-10-25] Empty/short content: Leaders of AJK PPP call on President Asif Ali Zard... (46 chars)
[20:48:32] ❌ [2025-10-25] Failed: Leaders of AJK PPP call on President Asif Ali Zardari to dis... - Empty or too short content extracted
[20:48:32] ✅ Saved: 2025-10-25_8e44aae61097926adf9668fe6c66b9a0.json (3336 chars)
[20:48:35] ✅ Saved: 2025-10-25_b67751ae2f851ee95b9fca119673502d.json (3365 chars)
[20:48:35] ✅ Saved: 2025-10-25_02d051e2ddf1eee76e348d9d4dabeeeb.json (3794 chars)
[20:48:35] ✅ Saved: 2025-10-25_aa91cc87b3fce9fd317eb10b806db18b.json (2230 chars)
[20:48:35] ⚠️  Failed URLs in this batch:
[20:48:35]    - https://www.app.com.pk/photos-section/leaders-of-ajk-ppp-call-on-president-asif-ali-zardari-to-discuss-issues-related-to-ajk-governance-and-the-role-of-the-party-the-meeting-is-being-attended-by-party-chairman-bilawal-bhutto-zardari-ppp/: Empty or too short content extracted
[20:48:39] 🎯 Finished 2025-10-25
[20:48:39]    📊 Success: 11 | Skipped: 35 | Failed: 1 | Total: 47
[20:48:39]    📝 Avg content length: 2380 chars
[20:48:39] ✅ APP article scraping completed.
[20:48:39] 📊 Final Stats:
{
  "2025-10-25": {
    "success": 11,
    "failed": 1,
    "skipped": 35,
    "total": 47,
    "avgContentLength": 2380
  }
}
