[15:22:19] [📅 Processing LIST for: 2025-10-26]
[15:22:19] ⏭️  [2025-10-26] Already exists: 2025-10-26_8e44aae61097926adf9668fe6c66b9a0.json
[15:22:19] ⏭️  [2025-10-26] Already exists: 2025-10-26_0cb1e50a0ebf6537d3d97cc8ff5664a1.json
[15:22:20] ⏭️  [2025-10-26] Already exists: 2025-10-26_d7b573c0b0eadf41a24f3892605a94ce.json
[15:22:20] ⏭️  [2025-10-26] Already exists: 2025-10-26_b67751ae2f851ee95b9fca119673502d.json
[15:22:20] ⏭️  [2025-10-26] Already exists: 2025-10-26_090083d554aeb6c604faaf0c4040c197.json
[15:22:20] ⏭️  [2025-10-26] Already exists: 2025-10-26_3da02e7269e9e6900b37a7442c86020e.json
[15:22:20] ⏭️  [2025-10-26] Already exists: 2025-10-26_02d051e2ddf1eee76e348d9d4dabeeeb.json
[15:22:20] ⏭️  [2025-10-26] Already exists: 2025-10-26_ee5f7c19f56a7e690c0a2c6de67b69c9.json
[15:22:22] ⏭️  [2025-10-26] Already exists: 2025-10-26_58c2352b661e34e5981e5dad58b6d3a0.json
[15:22:22] ⏭️  [2025-10-26] Already exists: 2025-10-26_4a9b38a887e0e47411a47087be0fd19a.json
[15:22:22] ⏭️  [2025-10-26] Already exists: 2025-10-26_53050886b0afe4dd244a57904074e0e9.json
[15:22:22] ⏭️  [2025-10-26] Already exists: 2025-10-26_025514fff90e7582324addffd1f6ef7e.json
[15:22:23] ⏭️  [2025-10-26] Already exists: 2025-10-26_aa91cc87b3fce9fd317eb10b806db18b.json
[15:22:23] ⏭️  [2025-10-26] Already exists: 2025-10-26_8b02688457f2a5fd03f32a53b8ad795c.json
[15:22:23] ⏭️  [2025-10-26] Already exists: 2025-10-26_b21b0f57b399086d4f722a50a34c8225.json
[15:22:23] ⏭️  [2025-10-26] Already exists: 2025-10-26_10f0dc85e052985bb47d6f75806dc417.json
[15:22:26] ⏭️  [2025-10-26] Already exists: 2025-10-26_c92841f7b3f27825aa6ceccced53178c.json
[15:22:26] ⏭️  [2025-10-26] Already exists: 2025-10-26_792c31c79d0ed6587301be50dfd8bddf.json
[15:22:26] ⏭️  [2025-10-26] Already exists: 2025-10-26_b40dde2802650ce0ea7fe14c668210c2.json
[15:22:27] ⏭️  [2025-10-26] Already exists: 2025-10-26_7c80a1f6b3d7487a3c5c323ade12a363.json
[15:22:27] ⏭️  [2025-10-26] Already exists: 2025-10-26_33f50f870b5345f7c7b8a987c71dc402.json
[15:22:27] ⏭️  [2025-10-26] Already exists: 2025-10-26_13bd5c4a96c5ff17eb430bc9a1ba5b2c.json
[15:22:27] ⏭️  [2025-10-26] Already exists: 2025-10-26_eee67665cbc38081380369b42edaaef4.json
[15:22:46] ⚠️  [2025-10-26] Empty/short content: Leaders of AJK PPP call on President Asif Ali Zard... (46 chars)
[15:22:46] ❌ [2025-10-26] Failed: Leaders of AJK PPP call on President Asif Ali Zardari to dis... - Empty or too short content extracted
[15:22:46] ⚠️  Failed URLs in this batch:
[15:22:46]    - https://www.app.com.pk/photos-section/leaders-of-ajk-ppp-call-on-president-asif-ali-zardari-to-discuss-issues-related-to-ajk-governance-and-the-role-of-the-party-the-meeting-is-being-attended-by-party-chairman-bilawal-bhutto-zardari-ppp/: Empty or too short content extracted
[15:22:48] ⏭️  [2025-10-26] Already exists: 2025-10-26_cb09f0727439ef316d5d64403db8f755.json
[15:22:48] ⏭️  [2025-10-26] Already exists: 2025-10-26_f52dc27ed99626fab08fb8e1f6171037.json
[15:22:49] ⏭️  [2025-10-26] Already exists: 2025-10-26_69bc1924b13111f40868873ec125ee07.json
[15:22:49] ⏭️  [2025-10-26] Already exists: 2025-10-26_1caedf326adf1d3a7418b8bfc513fbf6.json
[15:22:49] ⏭️  [2025-10-26] Already exists: 2025-10-26_f216c068470fd5db9798e631b58bbe9b.json
[15:22:49] ⏭️  [2025-10-26] Already exists: 2025-10-26_4e1b7412140afacf72e6d6ed317b9b0d.json
[15:22:49] ⏭️  [2025-10-26] Already exists: 2025-10-26_cb0647cab4da16a50429fc7bccfafe63.json
[15:22:49] ⏭️  [2025-10-26] Already exists: 2025-10-26_b442a93de15388776f30b300b08327a2.json
[15:22:52] ⏭️  [2025-10-26] Already exists: 2025-10-26_2a975b42fde5b7e7e01c9a6cc500c1f0.json
[15:22:52] ⏭️  [2025-10-26] Already exists: 2025-10-26_034bf05cdd48fd26674c098d7a079026.json
[15:22:52] ⏭️  [2025-10-26] Already exists: 2025-10-26_53da79405ff5de7096f2207ab7f12b52.json
[15:22:52] ⏭️  [2025-10-26] Already exists: 2025-10-26_6ed89a49b08eef931099821db3d508bb.json
[15:22:52] ⏭️  [2025-10-26] Already exists: 2025-10-26_7d8cf0156b327fae5d110c2a65cc972b.json
[15:22:58] ✅ Saved: 2025-10-26_2cc492b1190048dc506bc984c34aa350.json (2834 chars)
[15:22:59] ✅ Saved: 2025-10-26_12c71d93011894e365a4b937e72b1991.json (2609 chars)
[15:23:00] ✅ Saved: 2025-10-26_cdb3e9a4adc9044449b120b57fa0aaa7.json (2721 chars)
[15:23:20] ✅ Saved: 2025-10-26_aa8042db40279f721ed4acb9a3b0fa88.json (2157 chars)
[15:23:24] ✅ Saved: 2025-10-26_c912b3a5cf56cad2a6aaee158702bfdd.json (685 chars)
[15:23:25] ✅ Saved: 2025-10-26_f27afe84dd5b45cdb0fe0c53da1f75bb.json (822 chars)
[15:23:26] ✅ Saved: 2025-10-26_3e73503073cbc4fc8c8371668cd1a8d5.json (5944 chars)
[15:23:26] ✅ Saved: 2025-10-26_1d4fa382df6f31e587e419494cf545e3.json (1022 chars)
[15:23:26] ✅ Saved: 2025-10-26_7ed85d99d3837bce09e1d39ca974b596.json (3994 chars)
[15:23:26] ✅ Saved: 2025-10-26_1fc889f85a360f0c1d30239bc24814ae.json (770 chars)
[15:23:26] ✅ Saved: 2025-10-26_372a903e699a388e87a9f14518cb4d78.json (3314 chars)
[15:23:39] ✅ Saved: 2025-10-26_f8e61b7052020519b8e277bcf3ccb3c7.json (6939 chars)
[15:23:44] ⚠️  [2025-10-26] Empty/short content: Prime Minister Muhammad Shehbaz Sharif inaugurates... (46 chars)
[15:23:44] ❌ [2025-10-26] Failed: Prime Minister Muhammad Shehbaz Sharif inaugurates restorati... - Empty or too short content extracted
[15:23:47] ✅ Saved: 2025-10-26_c7f415c4941d7210bdd2e6d157bfd22b.json (1574 chars)
[15:23:47] ⚠️  [2025-10-26] Empty/short content: Prime Minister Muhammad Shehbaz Sharif addresses t... (46 chars)
[15:23:47] ❌ [2025-10-26] Failed: Prime Minister Muhammad Shehbaz Sharif addresses the ceremon... - Empty or too short content extracted
[15:23:48] ⚠️  [2025-10-26] Empty/short content: Prime Minister Muhammad Shehbaz Sharif inaugurates... (46 chars)
[15:23:48] ❌ [2025-10-26] Failed: Prime Minister Muhammad Shehbaz Sharif inaugurates restorati... - Empty or too short content extracted
[15:23:49] ✅ Saved: 2025-10-26_629830e87c2aee181a42a583e4e96748.json (2607 chars)
[15:23:49] ⚠️  Failed URLs in this batch:
[15:23:49]    - https://www.app.com.pk/photos-section/prime-minister-muhammad-shehbaz-sharif-addresses-the-ceremony-of-restoration-of-domestic-connections-of-regasified-liquified-natural-gas-2/: Empty or too short content extracted
[15:23:49]    - https://www.app.com.pk/photos-section/prime-minister-muhammad-shehbaz-sharif-inaugurates-restoration-of-domestic-connections-of-regasified-liquified-natural-gas-2/: Empty or too short content extracted
[15:23:49]    - https://www.app.com.pk/photos-section/prime-minister-muhammad-shehbaz-sharif-inaugurates-restoration-of-domestic-connections-of-regasified-liquified-natural-gas/: Empty or too short content extracted
[15:23:51] 🎯 Finished 2025-10-26
[15:23:51]    📊 Success: 14 | Skipped: 36 | Failed: 4 | Total: 54
[15:23:51]    📝 Avg content length: 2714 chars
[15:23:51] ✅ APP article scraping completed.
[15:23:51] 📊 Final Stats:
{
  "2025-10-26": {
    "success": 14,
    "failed": 4,
    "skipped": 36,
    "total": 54,
    "avgContentLength": 2714
  }
}
