[19:15:07] [📅 Processing LIST for: 2025-11-02]
[19:15:07] ⏭️  [2025-11-02] Already exists: 2025-11-02_2d77b677b9a0c2d215e257a91fa91261.json
[19:15:07] ⏭️  [2025-11-02] Already exists: 2025-11-02_b7c80268b6521baac1c79cfb7f49699c.json
[19:15:07] ⏭️  [2025-11-02] Already exists: 2025-11-02_ecd2ba772a5ab7f94a078f098ea216cc.json
[19:15:07] ⏭️  [2025-11-02] Already exists: 2025-11-02_16dc4e92954cc795dbd655bd03182519.json
[19:15:07] ⏭️  [2025-11-02] Already exists: 2025-11-02_20a0faf39aaf13754d32ca53d27d3ee0.json
[19:15:07] ⏭️  [2025-11-02] Already exists: 2025-11-02_b71faf580a6d73862a485b4761e992bc.json
[19:15:07] ⏭️  [2025-11-02] Already exists: 2025-11-02_3f002155a12d36ce7fbd6a2f6bf2da4f.json
[19:15:07] ⏭️  [2025-11-02] Already exists: 2025-11-02_d8e2b70d414ee0b5addc4b70a5f96d5c.json
[19:15:10] ⏭️  [2025-11-02] Already exists: 2025-11-02_27e905b997e519d8c9227184a1aefb35.json
[19:15:10] ⏭️  [2025-11-02] Already exists: 2025-11-02_6ad4e692e3d603aa333f5f6a55370d77.json
[19:15:10] ⏭️  [2025-11-02] Already exists: 2025-11-02_f71d12300e7f47ababa8ddfd6c67cbc5.json
[19:15:10] ⏭️  [2025-11-02] Already exists: 2025-11-02_117435d8e822336064c41c51e8feb32f.json
[19:15:10] ⏭️  [2025-11-02] Already exists: 2025-11-02_748163a9e6f1759c82edd12fdcca1102.json
[19:15:10] ⏭️  [2025-11-02] Already exists: 2025-11-02_38970b938e1f0355b218bfc920ad8ec8.json
[19:15:10] ⏭️  [2025-11-02] Already exists: 2025-11-02_f9254674cbe01daa8556ec81e03337ce.json
[19:15:10] ⏭️  [2025-11-02] Already exists: 2025-11-02_4b9d7625a79fc3f1c84a8c9cee24cf34.json
[19:15:14] ⏭️  [2025-11-02] Already exists: 2025-11-02_11cc59ae411cacbd2839dd637c034c7b.json
[19:15:14] ⏭️  [2025-11-02] Already exists: 2025-11-02_207925fabb3cdecb12c6f2050bc13391.json
[19:15:14] ⏭️  [2025-11-02] Already exists: 2025-11-02_d4149052daabc7827612992ca3d62c74.json
[19:15:14] ⏭️  [2025-11-02] Already exists: 2025-11-02_58468266b2e6297b9f7069f8df212f9d.json
[19:15:14] ⏭️  [2025-11-02] Already exists: 2025-11-02_70db3572c45eaadcb0502317dc0a0ee9.json
[19:15:31] ⚠️  [2025-11-02] Empty/short content: Pakistani players celebrate and pose for a group p... (46 chars)
[19:15:31] ❌ [2025-11-02] Failed: Pakistani players celebrate and pose for a group photo with ... - Empty or too short content extracted
[19:15:33] ⚠️  [2025-11-02] Empty/short content: Pakistan’s captain Salman Ali Agha receives the tr... (46 chars)
[19:15:33] ❌ [2025-11-02] Failed: Pakistan’s captain Salman Ali Agha receives the trophy from ... - Empty or too short content extracted
[19:15:33] ⚠️  [2025-11-02] Empty/short content: Pakistan’s batter Babar Azam raises his bat to ack... (46 chars)
[19:15:33] ❌ [2025-11-02] Failed: Pakistan’s batter Babar Azam raises his bat to acknowledge t... - Empty or too short content extracted
[19:15:33] ⚠️  Failed URLs in this batch:
[19:15:33]    - https://www.app.com.pk/sports/pakistans-captain-salman-ali-agha-receives-the-trophy-from-pcb-chairman-mohsin-naqvi-after-winning-the-series-and-the-third-twenty20-international-cricket-match-between-pakistan-and-south-afr/: Empty or too short content extracted
[19:15:33]    - https://www.app.com.pk/sports/pakistani-players-celebrate-and-pose-for-a-group-photo-with-the-trophy-after-winning-the-series-and-the-third-twenty20-international-cricket-match-between-pakistan-and-south-africa-at-the-gaddafi-cric/: Empty or too short content extracted
[19:15:33]    - https://www.app.com.pk/sports/pakistans-batter-babar-azam-raises-his-bat-to-acknowledge-the-crowd-after-completing-his-fifty-during-waving-bat-after-completed-fiffty-during-the-third-t20-international-cricket-match-betwee/: Empty or too short content extracted
[19:15:36] ⏭️  [2025-11-02] Already exists: 2025-11-02_86f8b7b640bcb797c2f2d75e305e98a5.json
[19:15:36] ⏭️  [2025-11-02] Already exists: 2025-11-02_b8ae167b3d1d6a6e9488b5f7dbf1d3c5.json
[19:15:36] ⏭️  [2025-11-02] Already exists: 2025-11-02_253a2d35b4be0a982298fdf4ffa20589.json
[19:15:36] ⏭️  [2025-11-02] Already exists: 2025-11-02_7be262bfc5178f6ff28bc2eac6720689.json
[19:15:36] ⏭️  [2025-11-02] Already exists: 2025-11-02_983759a395987fbc47ff101de8ce4d14.json
[19:15:36] ⏭️  [2025-11-02] Already exists: 2025-11-02_b3c6c2a8535e0382a8a974d7c082ca9a.json
[19:15:36] ⏭️  [2025-11-02] Already exists: 2025-11-02_b2afc4fe8abf5e88c3afe0fa4b4eafa7.json
[19:15:36] ⏭️  [2025-11-02] Already exists: 2025-11-02_832dcbda103f2536b2f3254a28892475.json
[19:15:40] ⏭️  [2025-11-02] Already exists: 2025-11-02_2ca78fb2417855f10a2d9723edd5893f.json
[19:15:40] ⏭️  [2025-11-02] Already exists: 2025-11-02_19b0013cdf45b7567e483ec948c2f3e1.json
[19:15:40] ⏭️  [2025-11-02] Already exists: 2025-11-02_5a5af5559a45dc61271b52e4eaf75db2.json
[19:15:40] ⏭️  [2025-11-02] Already exists: 2025-11-02_f4ec85300403dd1a9d959d9be6dca876.json
[19:15:40] ⏭️  [2025-11-02] Already exists: 2025-11-02_045fb84324714ed14ed2a1fc971fed50.json
[19:15:40] ⏭️  [2025-11-02] Already exists: 2025-11-02_da72856710e1ff95bb63d8368891f479.json
[19:15:41] ⏭️  [2025-11-02] Already exists: 2025-11-02_9087c1d6d0acac1bc580b273111d15a4.json
[19:15:41] ⏭️  [2025-11-02] Already exists: 2025-11-02_73d27a591d2b6df5c612f2f2c2352b0e.json
[19:15:58] ⚠️  [2025-11-02] Empty/short content: Artists from various foreign countries perform dur... (46 chars)
[19:15:58] ❌ [2025-11-02] Failed: Artists from various foreign countries perform during the Da... - Empty or too short content extracted
[19:15:58] ⚠️  Failed URLs in this batch:
[19:15:58]    - https://www.app.com.pk/photos-section/artists-from-various-foreign-countries-perform-during-the-dance-night-at-the-world-culture-festival-at-the-arts-council/: Empty or too short content extracted
[19:16:01] 🎯 Finished 2025-11-02
[19:16:01]    📊 Success: 0 | Skipped: 37 | Failed: 4 | Total: 41
[19:16:01]    📝 Avg content length: 0 chars
[19:16:01] ✅ APP article scraping completed.
[19:16:01] 📊 Final Stats:
{
  "2025-11-02": {
    "success": 0,
    "failed": 4,
    "skipped": 37,
    "total": 41,
    "avgContentLength": 0
  }
}
