[13:20:26] [📅 Processing LIST for: 2025-10-22]
[13:20:26] ⏭️  [2025-10-22] Already exists: 2025-10-22_6b5b387813285d940f3c4de07353b87d.json
[13:20:26] ⏭️  [2025-10-22] Already exists: 2025-10-22_79863183b7de2604b66896c7574da002.json
[13:20:26] ⏭️  [2025-10-22] Already exists: 2025-10-22_112f5fbb539a0ac5b1e0270aa72e3ff8.json
[13:20:26] ⏭️  [2025-10-22] Already exists: 2025-10-22_9a1653a9b2e45c48ce64a26b24570633.json
[13:20:26] ⏭️  [2025-10-22] Already exists: 2025-10-22_7b5e4a93aa2e155ef79b17d455fc1b2d.json
[13:20:26] ⏭️  [2025-10-22] Already exists: 2025-10-22_6ea8b8671fd28f03ef803f5ab890c655.json
[13:20:26] ⏭️  [2025-10-22] Already exists: 2025-10-22_67e3ed05c013b11c7e449b5812f70af9.json
[13:20:26] ⏭️  [2025-10-22] Already exists: 2025-10-22_79863183b7de2604b66896c7574da002.json
[13:20:29] ⏭️  [2025-10-22] Already exists: 2025-10-22_79863183b7de2604b66896c7574da002.json
[13:20:29] ⏭️  [2025-10-22] Already exists: 2025-10-22_79863183b7de2604b66896c7574da002.json
[13:20:29] ⏭️  [2025-10-22] Already exists: 2025-10-22_79863183b7de2604b66896c7574da002.json
[13:20:29] ⏭️  [2025-10-22] Already exists: 2025-10-22_79863183b7de2604b66896c7574da002.json
[13:20:29] ⏭️  [2025-10-22] Already exists: 2025-10-22_79863183b7de2604b66896c7574da002.json
[13:20:29] ⏭️  [2025-10-22] Already exists: 2025-10-22_a1bf417f10d0fb7f02a50708553787a7.json
[13:20:29] ⏭️  [2025-10-22] Already exists: 2025-10-22_79863183b7de2604b66896c7574da002.json
[13:20:29] ⏭️  [2025-10-22] Already exists: 2025-10-22_79863183b7de2604b66896c7574da002.json
[13:20:32] ⏭️  [2025-10-22] Already exists: 2025-10-22_3e911cac1b09f85173c1ffc0cf4a9a4d.json
[13:20:32] ⏭️  [2025-10-22] Already exists: 2025-10-22_a02b57f7d21b61462019a8c65f8cca9e.json
[13:20:32] ⏭️  [2025-10-22] Already exists: 2025-10-22_7b5e4a93aa2e155ef79b17d455fc1b2d.json
[13:20:32] ⏭️  [2025-10-22] Already exists: 2025-10-22_2d971ab1cf8e337bb88d06d2669c39e1.json
[13:20:32] ⏭️  [2025-10-22] Already exists: 2025-10-22_a1bf417f10d0fb7f02a50708553787a7.json
[13:20:33] ⏭️  [2025-10-22] Already exists: 2025-10-22_3e911cac1b09f85173c1ffc0cf4a9a4d.json
[13:20:33] ⏭️  [2025-10-22] Already exists: 2025-10-22_d96bc3acb7a58b81d824af3c33ec0bd3.json
[13:20:33] ⏭️  [2025-10-22] Already exists: 2025-10-22_a445da3f1d40ec13441ac7d2e0ae4c62.json
[13:20:36] ⏭️  [2025-10-22] Already exists: 2025-10-22_8b8e6f2ae24eb682fbed239a0a1b6095.json
[13:20:36] ⏭️  [2025-10-22] Already exists: 2025-10-22_d9f17f65e7948d6ec2d70b42e34e1633.json
[13:20:36] ⏭️  [2025-10-22] Already exists: 2025-10-22_43454869f7f5c42b93ab4b3fbc548c6d.json
[13:20:37] ⏭️  [2025-10-22] Already exists: 2025-10-22_73c3c178bbc3cf9b10efecc49da52493.json
[13:20:37] ⏭️  [2025-10-22] Already exists: 2025-10-22_d9f17f65e7948d6ec2d70b42e34e1633.json
[13:20:37] ⏭️  [2025-10-22] Already exists: 2025-10-22_2d971ab1cf8e337bb88d06d2669c39e1.json
[13:20:37] ⏭️  [2025-10-22] Already exists: 2025-10-22_43d62a1f022010db11079d921cbbb05e.json
[13:20:37] ⏭️  [2025-10-22] Already exists: 2025-10-22_93b42184eadf440bc52b4c202a5cba86.json
[13:20:40] ⏭️  [2025-10-22] Already exists: 2025-10-22_9fcae40f8bd769966b50a27713a95266.json
[13:20:40] ⏭️  [2025-10-22] Already exists: 2025-10-22_2b50956780177355c45a1e141fef0dcb.json
[13:20:40] ⏭️  [2025-10-22] Already exists: 2025-10-22_f36312359cff4966ac18dc938ff9b4d3.json
[13:20:41] ⏭️  [2025-10-22] Already exists: 2025-10-22_c95ee1f3aadf5625e1c691c42a2ba807.json
[13:20:41] ⏭️  [2025-10-22] Already exists: 2025-10-22_8c9f056d57fd96778299f27aa7cb3046.json
[13:20:41] ⏭️  [2025-10-22] Already exists: 2025-10-22_4c9340b7175b660653035595875b5280.json
[13:20:41] ⏭️  [2025-10-22] Already exists: 2025-10-22_85d4f2d5f81f3db4c7150d822a8638f4.json
[13:20:41] ⏭️  [2025-10-22] Already exists: 2025-10-22_8c9f056d57fd96778299f27aa7cb3046.json
[13:20:45] ⏭️  [2025-10-22] Already exists: 2025-10-22_27bf2fda27c74361cec01881d88d6106.json
[13:20:45] ⏭️  [2025-10-22] Already exists: 2025-10-22_bb8770b0835366917a5e4c77ddd85c7b.json
[13:20:46] ⏭️  [2025-10-22] Already exists: 2025-10-22_5302c53890adacdf01af190e7f509c96.json
[13:21:07] ✅ Saved: 2025-10-22_855213b09a09df4ef5e2390907abee9c.json (1083 chars)
[13:21:09] ✅ Saved: 2025-10-22_791a7a1877445adf37a043299e391ee7.json (1401 chars)
[13:21:09] ✅ Saved: 2025-10-22_9d7be8140d326307efc0ce3eec7a6b2c.json (891 chars)
[13:21:09] ✅ Saved: 2025-10-22_9d7be8140d326307efc0ce3eec7a6b2c.json (891 chars)
[13:21:10] ✅ Saved: 2025-10-22_a821ea38b604da8189fabbffad52c16f.json (1628 chars)
[13:21:27] ✅ Saved: 2025-10-22_10844c0630e6e8737c5704deac3a9d8c.json (1262 chars)
[13:21:30] 🎯 Finished 2025-10-22
[13:21:30]    📊 Success: 6 | Skipped: 43 | Failed: 0 | Total: 49
[13:21:30]    📝 Avg content length: 1193 chars
[13:21:30] ✅ APP article scraping completed.
[13:21:30] 📊 Final Stats:
{
  "2025-10-22": {
    "success": 6,
    "failed": 0,
    "skipped": 43,
    "total": 49,
    "avgContentLength": 1193
  }
}
