[16:27:49] [📅 Processing LIST for: 2025-11-03]
[16:27:49] ⏭️  [2025-11-03] Already exists: 2025-11-03_cd827c874268bfb126487c6d8ac7a832.json
[16:27:50] ⏭️  [2025-11-03] Already exists: 2025-11-03_e4ef2cfa40b27523ddf4af55f0324afb.json
[16:27:50] ⏭️  [2025-11-03] Already exists: 2025-11-03_c7f786b1863427dd97a169461a68612d.json
[16:27:50] ⏭️  [2025-11-03] Already exists: 2025-11-03_d6c42dfcb9b6c3336731a4bf54284f1d.json
[16:27:50] ⏭️  [2025-11-03] Already exists: 2025-11-03_c59de241049ef49d2ce271fdddf823e3.json
[16:27:50] ⏭️  [2025-11-03] Already exists: 2025-11-03_b913ea2ae0146f5d140508165ad4ff00.json
[16:27:50] ⏭️  [2025-11-03] Already exists: 2025-11-03_189c147b307bcc94a87e461d4d76b141.json
[16:27:50] ⏭️  [2025-11-03] Already exists: 2025-11-03_0d9bb4e540f34ad1ddbeccfd02ac1648.json
[16:27:52] ⏭️  [2025-11-03] Already exists: 2025-11-03_cb9dfc757c2f10902a7aacf3b6f9b23e.json
[16:27:52] ⏭️  [2025-11-03] Already exists: 2025-11-03_e729670f1a952d321e584164a30f2484.json
[16:27:52] ⏭️  [2025-11-03] Already exists: 2025-11-03_e94d92f758f58eac72b02feaee5b04e6.json
[16:27:53] ⏭️  [2025-11-03] Already exists: 2025-11-03_d5ea05763dce58f7a91a74e31f0ae12d.json
[16:27:53] ⏭️  [2025-11-03] Already exists: 2025-11-03_452367157a3245ef505b8d1821b070e8.json
[16:27:53] ⏭️  [2025-11-03] Already exists: 2025-11-03_6b56efdc93727ed1d799e6fa3ff78f1d.json
[16:27:53] ⏭️  [2025-11-03] Already exists: 2025-11-03_06175d1a27fe85ad2c38230e8b50eacf.json
[16:27:53] ⏭️  [2025-11-03] Already exists: 2025-11-03_1e2035d85e480a2dd079a4441392cf3d.json
[16:27:57] ⏭️  [2025-11-03] Already exists: 2025-11-03_970d9fd3083b3c14403b3429304e57d6.json
[16:27:57] ⏭️  [2025-11-03] Already exists: 2025-11-03_c6720a2a276e07413f2ac5e4db3b2fce.json
[16:27:57] ⏭️  [2025-11-03] Already exists: 2025-11-03_cf4644dbf19be115aa82c3c294de843b.json
[16:27:57] ⏭️  [2025-11-03] Already exists: 2025-11-03_c1d5b56a9b5f9d6026829148320a4f4c.json
[16:27:57] ⏭️  [2025-11-03] Already exists: 2025-11-03_d5514d1188fda1945351942d49619881.json
[16:27:57] ⏭️  [2025-11-03] Already exists: 2025-11-03_b9fcd8e773bd368bd3410bda56572740.json
[16:27:57] ⏭️  [2025-11-03] Already exists: 2025-11-03_70452445a56deaf4154341a3b89a9db1.json
[16:27:57] ⏭️  [2025-11-03] Already exists: 2025-11-03_9638005eeac1f12480184c6ad276b2e7.json
[16:28:01] ⏭️  [2025-11-03] Already exists: 2025-11-03_b35bad964fd2c4ab539704000f3fb45d.json
[16:28:01] ⏭️  [2025-11-03] Already exists: 2025-11-03_113a2e34e9c9c0b12cb6aac2d6802634.json
[16:28:01] ⏭️  [2025-11-03] Already exists: 2025-11-03_4b8154ef2686c5fbcd82623de19b1b6e.json
[16:28:01] ⏭️  [2025-11-03] Already exists: 2025-11-03_840aa42483dda3cb1f5bb1ba47fdfb1c.json
[16:28:01] ⏭️  [2025-11-03] Already exists: 2025-11-03_53bf64a0894feb79d0879d33b0a7b6fb.json
[16:28:01] ⏭️  [2025-11-03] Already exists: 2025-11-03_54dfaa25762e2a63d6027187fc9510b1.json
[16:28:01] ⏭️  [2025-11-03] Already exists: 2025-11-03_e9a7c780e914ffb076d881f283128021.json
[16:28:02] ⏭️  [2025-11-03] Already exists: 2025-11-03_89e2e8a6e6cfd2bd37cee009d2a83e20.json
[16:28:08] ⏭️  [2025-11-03] Already exists: 2025-11-03_fe8d9155956ec68e4ea1f25ce47c11f6.json
[16:28:08] ⏭️  [2025-11-03] Already exists: 2025-11-03_98431b0ba139d9ce996682fc96978e6d.json
[16:28:08] ⏭️  [2025-11-03] Already exists: 2025-11-03_9d250d7a097ca8bfa584a596839dd3b3.json
[16:28:08] ⏭️  [2025-11-03] Already exists: 2025-11-03_5840af545b2c43bfe07fa3612397c2f0.json
[16:28:08] ⏭️  [2025-11-03] Already exists: 2025-11-03_0fd6f689a59eae12d202cb6c8c092ab6.json
[16:28:08] ⏭️  [2025-11-03] Already exists: 2025-11-03_062d157ce22dae300047627bc68e452d.json
[16:28:08] ⏭️  [2025-11-03] Already exists: 2025-11-03_90f1a73b01f6faeda523dd2ed5dda9a1.json
[16:28:08] ⏭️  [2025-11-03] Already exists: 2025-11-03_1b9fa4534d41cfdacbf2096117dde00b.json
[16:28:11] ⏭️  [2025-11-03] Already exists: 2025-11-03_4d0d4577308b759a2715a47fc30bd364.json
[16:28:11] ⏭️  [2025-11-03] Already exists: 2025-11-03_1cdec98a19b27d47f0e698c8e456b418.json
[16:28:11] ⏭️  [2025-11-03] Already exists: 2025-11-03_a978251e2be423ef4e55e8c961b62d92.json
[16:28:11] ⏭️  [2025-11-03] Already exists: 2025-11-03_4c1eed6c9bb9821ec937b4e40a9e63d2.json
[16:28:11] ⏭️  [2025-11-03] Already exists: 2025-11-03_c1c8d251841ca377dac139ddce5a0321.json
[16:28:11] ⏭️  [2025-11-03] Already exists: 2025-11-03_59bc40c93549f8e66c87b7fc5dff7a71.json
[16:28:14] 🎯 Finished 2025-11-03
[16:28:14]    📊 Success: 0 | Skipped: 46 | Failed: 0 | Total: 46
[16:28:14]    📝 Avg content length: 0 chars
[16:28:14] ✅ APP article scraping completed.
[16:28:14] 📊 Final Stats:
{
  "2025-11-03": {
    "success": 0,
    "failed": 0,
    "skipped": 46,
    "total": 46,
    "avgContentLength": 0
  }
}
