[10:27:08] [📅 Processing LIST for: 2025-10-26]
[10:27:08] ⏭️  [2025-10-26] Already exists: 2025-10-26_ee5f7c19f56a7e690c0a2c6de67b69c9.json
[10:27:08] ⏭️  [2025-10-26] Already exists: 2025-10-26_b67751ae2f851ee95b9fca119673502d.json
[10:27:08] ⏭️  [2025-10-26] Already exists: 2025-10-26_3da02e7269e9e6900b37a7442c86020e.json
[10:27:08] ⏭️  [2025-10-26] Already exists: 2025-10-26_d7b573c0b0eadf41a24f3892605a94ce.json
[10:27:08] ⏭️  [2025-10-26] Already exists: 2025-10-26_0cb1e50a0ebf6537d3d97cc8ff5664a1.json
[10:27:08] ⏭️  [2025-10-26] Already exists: 2025-10-26_090083d554aeb6c604faaf0c4040c197.json
[10:27:08] ⏭️  [2025-10-26] Already exists: 2025-10-26_02d051e2ddf1eee76e348d9d4dabeeeb.json
[10:27:08] ⏭️  [2025-10-26] Already exists: 2025-10-26_8e44aae61097926adf9668fe6c66b9a0.json
[10:27:12] ⏭️  [2025-10-26] Already exists: 2025-10-26_4a9b38a887e0e47411a47087be0fd19a.json
[10:27:12] ⏭️  [2025-10-26] Already exists: 2025-10-26_025514fff90e7582324addffd1f6ef7e.json
[10:27:12] ⏭️  [2025-10-26] Already exists: 2025-10-26_b21b0f57b399086d4f722a50a34c8225.json
[10:27:12] ⏭️  [2025-10-26] Already exists: 2025-10-26_53050886b0afe4dd244a57904074e0e9.json
[10:27:12] ⏭️  [2025-10-26] Already exists: 2025-10-26_aa91cc87b3fce9fd317eb10b806db18b.json
[10:27:12] ⏭️  [2025-10-26] Already exists: 2025-10-26_58c2352b661e34e5981e5dad58b6d3a0.json
[10:27:12] ⏭️  [2025-10-26] Already exists: 2025-10-26_8b02688457f2a5fd03f32a53b8ad795c.json
[10:27:12] ⏭️  [2025-10-26] Already exists: 2025-10-26_10f0dc85e052985bb47d6f75806dc417.json
[10:27:15] ⏭️  [2025-10-26] Already exists: 2025-10-26_13bd5c4a96c5ff17eb430bc9a1ba5b2c.json
[10:27:15] ⏭️  [2025-10-26] Already exists: 2025-10-26_33f50f870b5345f7c7b8a987c71dc402.json
[10:27:42] ✅ Saved: 2025-10-26_7c80a1f6b3d7487a3c5c323ade12a363.json (553 chars)
[10:27:42] ✅ Saved: 2025-10-26_c92841f7b3f27825aa6ceccced53178c.json (1641 chars)
[10:27:43] ✅ Saved: 2025-10-26_792c31c79d0ed6587301be50dfd8bddf.json (970 chars)
[10:27:44] ⚠️  [2025-10-26] Empty/short content: Leaders of AJK PPP call on President Asif Ali Zard... (46 chars)
[10:27:44] ❌ [2025-10-26] Failed: Leaders of AJK PPP call on President Asif Ali Zardari to dis... - Empty or too short content extracted
[10:27:44] ✅ Saved: 2025-10-26_eee67665cbc38081380369b42edaaef4.json (1678 chars)
[10:27:46] ✅ Saved: 2025-10-26_b40dde2802650ce0ea7fe14c668210c2.json (1528 chars)
[10:27:46] ⚠️  Failed URLs in this batch:
[10:27:46]    - https://www.app.com.pk/photos-section/leaders-of-ajk-ppp-call-on-president-asif-ali-zardari-to-discuss-issues-related-to-ajk-governance-and-the-role-of-the-party-the-meeting-is-being-attended-by-party-chairman-bilawal-bhutto-zardari-ppp/: Empty or too short content extracted
[10:28:05] ✅ Saved: 2025-10-26_1caedf326adf1d3a7418b8bfc513fbf6.json (1657 chars)
[10:28:08] ✅ Saved: 2025-10-26_69bc1924b13111f40868873ec125ee07.json (2803 chars)
[10:28:08] ✅ Saved: 2025-10-26_f216c068470fd5db9798e631b58bbe9b.json (2149 chars)
[10:28:08] ✅ Saved: 2025-10-26_4e1b7412140afacf72e6d6ed317b9b0d.json (498 chars)
[10:28:09] ✅ Saved: 2025-10-26_cb0647cab4da16a50429fc7bccfafe63.json (1855 chars)
[10:28:09] ✅ Saved: 2025-10-26_b442a93de15388776f30b300b08327a2.json (519 chars)
[10:28:10] ✅ Saved: 2025-10-26_cb09f0727439ef316d5d64403db8f755.json (2964 chars)
[10:28:13] 🎯 Finished 2025-10-26
[10:28:13]    📊 Success: 12 | Skipped: 18 | Failed: 1 | Total: 31
[10:28:13]    📝 Avg content length: 1568 chars
[10:28:13] ✅ APP article scraping completed.
[10:28:13] 📊 Final Stats:
{
  "2025-10-26": {
    "success": 12,
    "failed": 1,
    "skipped": 18,
    "total": 31,
    "avgContentLength": 1568
  }
}
