[18:28:16] [📅 Processing LIST for: 2025-10-28]
[18:28:16] ⏭️  [2025-10-28] Already exists: 2025-10-28_5e1d2489273ba97fc160bf1aea842c3f.json
[18:29:23] ❌ [2025-10-28] Failed: Pak–Turk Friendship Week celebrations reflect deep cultural ... - Navigation timeout of 60000 ms exceeded
[18:29:24] ❌ [2025-10-28] Failed: CJCSC Gen Sahir meets Bangladeshi Army Chief... - Navigation timeout of 60000 ms exceeded
[18:29:24] ❌ [2025-10-28] Failed: Turkmenistan to host 30th anniversary of  its neutrality on ... - Navigation timeout of 60000 ms exceeded
[18:29:24] ❌ [2025-10-28] Failed: Solar energy revolution is Pakistan’s wake-up call: Danyal C... - Navigation timeout of 60000 ms exceeded
[18:29:24] ❌ [2025-10-28] Failed: PNCA launches Albert Camus’ The Stranger by SADEQUAIN... - Navigation timeout of 60000 ms exceeded
[18:29:25] ❌ [2025-10-28] Failed: Dry weather likely to persist across most parts of country: ... - Navigation timeout of 60000 ms exceeded
[18:29:30] ✅ Saved: 2025-10-28_8519ed4911abfdac62e12062fd6489d4.json (1175 chars)
[18:29:30] ⚠️  Failed URLs in this batch:
[18:29:30]    - https://www.app.com.pk/national/pnca-launches-albert-camus-the-stranger-by-sadequain/: Navigation timeout of 60000 ms exceeded
[18:29:30]    - https://www.app.com.pk/national/pak-turk-friendship-week-celebrations-reflect-deep-cultural-and-historical-bonds/: Navigation timeout of 60000 ms exceeded
[18:29:30]    - https://www.app.com.pk/national/dry-weather-likely-to-persist-across-most-parts-of-country-smog-alert-issuedpmd/: Navigation timeout of 60000 ms exceeded
[18:29:30]    - https://www.app.com.pk/national/solar-energy-revolution-is-pakistans-wake-up-call-danyal-chaudhry/: Navigation timeout of 60000 ms exceeded
[18:29:30]    - https://www.app.com.pk/national/turkmenistan-to-host-30th-anniversary-of-its-neutrality-on-dec-12/: Navigation timeout of 60000 ms exceeded
[18:29:30]    - https://www.app.com.pk/national/cjcsc-gen-sahir-meets-bangladeshi-army-chief-2/: Navigation timeout of 60000 ms exceeded
[18:29:33] ⏭️  [2025-10-28] Already exists: 2025-10-28_4473717f56c6ceb3e0385766588db7a4.json
[18:29:33] ⏭️  [2025-10-28] Already exists: 2025-10-28_ee39cda630e43bf82eee7a6badfd8b01.json
[18:29:33] ⏭️  [2025-10-28] Already exists: 2025-10-28_8062f6ca5ec5c98aee1daa68f329f2d2.json
[18:29:33] ⏭️  [2025-10-28] Already exists: 2025-10-28_b534bc916122997c0cf54fb4d558afb1.json
[18:29:33] ⏭️  [2025-10-28] Already exists: 2025-10-28_41118b483bd7377467e1bbc5180479a8.json
[18:29:33] ⏭️  [2025-10-28] Already exists: 2025-10-28_dfe1a89e3aae43be34394ca59e4a4e1a.json
[18:29:33] ⏭️  [2025-10-28] Already exists: 2025-10-28_554acda72e46820f1f030b5cdf931a97.json
[18:29:33] ⏭️  [2025-10-28] Already exists: 2025-10-28_4f0876ab2ff3b285d2e69f789d4f93cc.json
[18:29:37] ⏭️  [2025-10-28] Already exists: 2025-10-28_06dd55322311b96c970d9939e7ffa492.json
[18:29:37] ⏭️  [2025-10-28] Already exists: 2025-10-28_99bac7055b0ac19afa2af59cd6c0ee07.json
[18:29:37] ⏭️  [2025-10-28] Already exists: 2025-10-28_702f1ee1bdcd2ed36cd7f58558fa16e0.json
[18:29:40] 🎯 Finished 2025-10-28
[18:29:40]    📊 Success: 1 | Skipped: 12 | Failed: 6 | Total: 19
[18:29:40]    📝 Avg content length: 1175 chars
[18:29:40] ✅ APP article scraping completed.
[18:29:40] 📊 Final Stats:
{
  "2025-10-28": {
    "success": 1,
    "failed": 6,
    "skipped": 12,
    "total": 19,
    "avgContentLength": 1175
  }
}
