[12:56:23] [📅 Processing LIST for: 2025-11-03]
[12:56:24] ⏭️  [2025-11-03] Already exists: 2025-11-03_cd827c874268bfb126487c6d8ac7a832.json
[12:56:24] ⏭️  [2025-11-03] Already exists: 2025-11-03_189c147b307bcc94a87e461d4d76b141.json
[12:56:24] ⏭️  [2025-11-03] Already exists: 2025-11-03_0d9bb4e540f34ad1ddbeccfd02ac1648.json
[12:56:24] ⏭️  [2025-11-03] Already exists: 2025-11-03_d6c42dfcb9b6c3336731a4bf54284f1d.json
[12:56:24] ⏭️  [2025-11-03] Already exists: 2025-11-03_e4ef2cfa40b27523ddf4af55f0324afb.json
[12:56:24] ⏭️  [2025-11-03] Already exists: 2025-11-03_c59de241049ef49d2ce271fdddf823e3.json
[12:56:24] ⏭️  [2025-11-03] Already exists: 2025-11-03_b913ea2ae0146f5d140508165ad4ff00.json
[12:56:24] ⏭️  [2025-11-03] Already exists: 2025-11-03_c7f786b1863427dd97a169461a68612d.json
[12:56:28] ⏭️  [2025-11-03] Already exists: 2025-11-03_cb9dfc757c2f10902a7aacf3b6f9b23e.json
[12:56:28] ⏭️  [2025-11-03] Already exists: 2025-11-03_d5ea05763dce58f7a91a74e31f0ae12d.json
[12:56:28] ⏭️  [2025-11-03] Already exists: 2025-11-03_6b56efdc93727ed1d799e6fa3ff78f1d.json
[12:56:28] ⏭️  [2025-11-03] Already exists: 2025-11-03_e94d92f758f58eac72b02feaee5b04e6.json
[12:56:28] ⏭️  [2025-11-03] Already exists: 2025-11-03_452367157a3245ef505b8d1821b070e8.json
[12:56:28] ⏭️  [2025-11-03] Already exists: 2025-11-03_e729670f1a952d321e584164a30f2484.json
[12:56:28] ⏭️  [2025-11-03] Already exists: 2025-11-03_1e2035d85e480a2dd079a4441392cf3d.json
[12:56:28] ⏭️  [2025-11-03] Already exists: 2025-11-03_06175d1a27fe85ad2c38230e8b50eacf.json
[12:56:31] ⏭️  [2025-11-03] Already exists: 2025-11-03_c1d5b56a9b5f9d6026829148320a4f4c.json
[12:56:31] ⏭️  [2025-11-03] Already exists: 2025-11-03_70452445a56deaf4154341a3b89a9db1.json
[12:56:31] ⏭️  [2025-11-03] Already exists: 2025-11-03_970d9fd3083b3c14403b3429304e57d6.json
[12:56:31] ⏭️  [2025-11-03] Already exists: 2025-11-03_d5514d1188fda1945351942d49619881.json
[12:56:31] ⏭️  [2025-11-03] Already exists: 2025-11-03_9638005eeac1f12480184c6ad276b2e7.json
[12:56:31] ⏭️  [2025-11-03] Already exists: 2025-11-03_b9fcd8e773bd368bd3410bda56572740.json
[12:56:31] ⏭️  [2025-11-03] Already exists: 2025-11-03_c6720a2a276e07413f2ac5e4db3b2fce.json
[12:56:32] ⏭️  [2025-11-03] Already exists: 2025-11-03_cf4644dbf19be115aa82c3c294de843b.json
[12:57:23] ✅ Saved: 2025-11-03_b35bad964fd2c4ab539704000f3fb45d.json (2785 chars)
[12:57:24] ✅ Saved: 2025-11-03_840aa42483dda3cb1f5bb1ba47fdfb1c.json (375 chars)
[12:57:28] 🎯 Finished 2025-11-03
[12:57:28]    📊 Success: 2 | Skipped: 24 | Failed: 0 | Total: 26
[12:57:28]    📝 Avg content length: 1580 chars
[12:57:28] ✅ APP article scraping completed.
[12:57:28] 📊 Final Stats:
{
  "2025-11-03": {
    "success": 2,
    "failed": 0,
    "skipped": 24,
    "total": 26,
    "avgContentLength": 1580
  }
}
