[23:51:38] [📅 Processing LIST for: 2025-10-23]
[23:51:38] ⏭️  [2025-10-23] Already exists: 2025-10-23_2509919dc6a2b241139f952845537775.json
[23:51:39] ⏭️  [2025-10-23] Already exists: 2025-10-23_1caa70a4ba2e069980d62056df6ae9d3.json
[23:51:39] ⏭️  [2025-10-23] Already exists: 2025-10-23_e5e4a451d159ad79d682f459197daf0b.json
[23:51:39] ⏭️  [2025-10-23] Already exists: 2025-10-23_d5be3d58b982d3c48fed5bff5c5d3b0e.json
[23:51:39] ⏭️  [2025-10-23] Already exists: 2025-10-23_c61ae7615584f20ce4fa5565ef4ab0e6.json
[23:51:39] ⏭️  [2025-10-23] Already exists: 2025-10-23_2cad6dab2b4f2d19e8e86c9fc1c438e8.json
[23:51:39] ⏭️  [2025-10-23] Already exists: 2025-10-23_3a27626a7559e01d58d39eb948703ff3.json
[23:51:39] ⏭️  [2025-10-23] Already exists: 2025-10-23_612bdbc2a782ce1e469434cf380d4446.json
[23:51:42] ⏭️  [2025-10-23] Already exists: 2025-10-23_05ecf2f59d630999fc5e8747876ddc33.json
[23:51:42] ⏭️  [2025-10-23] Already exists: 2025-10-23_31134b7e0db5c82bdf01f8288c051be6.json
[23:51:42] ⏭️  [2025-10-23] Already exists: 2025-10-23_6a01ca77f4c3b21da0d20ae7fee79e1c.json
[23:51:42] ⏭️  [2025-10-23] Already exists: 2025-10-23_f569d58e797731be7b2f0d0b0507c16d.json
[23:51:42] ⏭️  [2025-10-23] Already exists: 2025-10-23_ab22aadb43784137c8c82111304efeda.json
[23:51:42] ⏭️  [2025-10-23] Already exists: 2025-10-23_fd811d285bc46d4564f2132a0aff9e31.json
[23:51:42] ⏭️  [2025-10-23] Already exists: 2025-10-23_6636f9d3b259cd46df62c5f992c664b7.json
[23:51:42] ⏭️  [2025-10-23] Already exists: 2025-10-23_a6989a7efa66471a9413def7039f2b8b.json
[23:51:46] ⏭️  [2025-10-23] Already exists: 2025-10-23_5df8838d18a07d01a9fd824b8ba8bcfc.json
[23:51:46] ⏭️  [2025-10-23] Already exists: 2025-10-23_a708d17c2f9a5ac63d1efb4f01a80622.json
[23:51:46] ⏭️  [2025-10-23] Already exists: 2025-10-23_829babb501838ca7b6418a592409ead0.json
[23:51:46] ⏭️  [2025-10-23] Already exists: 2025-10-23_21ead57b083f6d380e806780512b5725.json
[23:51:46] ⏭️  [2025-10-23] Already exists: 2025-10-23_fe1c452572b94b4ebbc764a611d35ad2.json
[23:51:46] ⏭️  [2025-10-23] Already exists: 2025-10-23_ecc5a8a15f3b3547774e64b8859e5bae.json
[23:51:46] ⏭️  [2025-10-23] Already exists: 2025-10-23_16b1e3228f312229833f111b3b3c3412.json
[23:52:03] ⚠️  [2025-10-23] Empty/short content: Saudi Ambassador to Pakistan Nawaf bin Saeed Al-Ma... (46 chars)
[23:52:03] ❌ [2025-10-23] Failed: Saudi Ambassador to Pakistan Nawaf bin Saeed Al-Maliky and M... - Empty or too short content extracted
[23:52:03] ⚠️  Failed URLs in this batch:
[23:52:03]    - https://www.app.com.pk/photos-section/saudi-ambassador-to-pakistan-nawaf-bin-saeed-al-maliky-and-managing-director-pakistan-bait-ul-mal-senator-capt-shaheen-khalid-butt-inaugurating-date-distribution-program-in-pakistan-while-distri/: Empty or too short content extracted
[23:52:08] ⏭️  [2025-10-23] Already exists: 2025-10-23_d202620d2b90c35ced977c827e497ff1.json
[23:52:08] ⏭️  [2025-10-23] Already exists: 2025-10-23_4e31e79e86552f03298eecd9596d2e19.json
[23:52:08] ⏭️  [2025-10-23] Already exists: 2025-10-23_b1a56826a40f5d417c6b25aca2c42cf3.json
[23:52:08] ⏭️  [2025-10-23] Already exists: 2025-10-23_8bb15b5e5b73793d829bfe720943edd4.json
[23:52:08] ⏭️  [2025-10-23] Already exists: 2025-10-23_04e943b5b758f7da1d470ca274e2da27.json
[23:52:08] ⏭️  [2025-10-23] Already exists: 2025-10-23_cd20111af420a34261fc84c90c3b1baf.json
[23:52:08] ⏭️  [2025-10-23] Already exists: 2025-10-23_0b12df200d78af6127d586e5ec706e94.json
[23:52:08] ⏭️  [2025-10-23] Already exists: 2025-10-23_53efbb60cc5491286c2bfbbfa37aad56.json
[23:52:11] ⏭️  [2025-10-23] Already exists: 2025-10-23_77af9da2d480bb036c020e10af3e1ef2.json
[23:52:11] ⏭️  [2025-10-23] Already exists: 2025-10-23_aed3865b05a359a44b419764958479c1.json
[23:52:11] ⏭️  [2025-10-23] Already exists: 2025-10-23_cb28f916ca000472f9f45b9b872db395.json
[23:52:11] ⏭️  [2025-10-23] Already exists: 2025-10-23_913325b8c7d180c1df8901a560ad462a.json
[23:52:11] ⏭️  [2025-10-23] Already exists: 2025-10-23_a570caab90d8724540017edf683cc8e2.json
[23:52:12] ⏭️  [2025-10-23] Already exists: 2025-10-23_1ad9e17770d32326fdf0db515bba852c.json
[23:52:12] ⏭️  [2025-10-23] Already exists: 2025-10-23_559a8229b8f4c38e17cf12e780f5c67d.json
[23:52:16] ✅ Saved: 2025-10-23_96a7880caa38c8db2cc2419ea0da8878.json (2203 chars)
[23:52:18] 🎯 Finished 2025-10-23
[23:52:18]    📊 Success: 1 | Skipped: 38 | Failed: 1 | Total: 40
[23:52:18]    📝 Avg content length: 2203 chars
[23:52:18] ✅ APP article scraping completed.
[23:52:18] 📊 Final Stats:
{
  "2025-10-23": {
    "success": 1,
    "failed": 1,
    "skipped": 38,
    "total": 40,
    "avgContentLength": 2203
  }
}
