[23:30:33] [📅 Processing LIST for: 2025-11-08] (94 items)
[23:30:33] ⏭️  [2025-11-08] Already exists: 2025-11-08_312853b4694c1896c71ffd53d72a83f6.json
[23:30:33] ⏭️  [2025-11-08] Already exists: 2025-11-08_cbbdb93a96432ad7b6fe67639d1dd618.json
[23:30:33] ⏭️  [2025-11-08] Already exists: 2025-11-08_c3c22a0a3f5a3e535f96db1f1724e9e6.json
[23:30:33] ⏭️  [2025-11-08] Already exists: 2025-11-08_b9d1d19c6678487d39f44b4a44c5c5f5.json
[23:30:33] ⏭️  [2025-11-08] Already exists: 2025-11-08_3489fe66688ce64bf866b4ee27f601b9.json
[23:30:33] ⏭️  [2025-11-08] Already exists: 2025-11-08_eabdaf0ba02cae8445d6ff33440567ca.json
[23:30:33] ⏭️  [2025-11-08] Already exists: 2025-11-08_c08b6c32ce7d5ef794c7f70779921b74.json
[23:30:33] ⏭️  [2025-11-08] Already exists: 2025-11-08_0d5985498b8caac658c572d071f9c766.json
[23:30:33] [📅 Processing LIST for: 2025-11-08] (94 items)
[23:30:33] ⏭️  [2025-11-08] Already exists: 2025-11-08_c08b6c32ce7d5ef794c7f70779921b74.json
[23:30:33] ⏭️  [2025-11-08] Already exists: 2025-11-08_312853b4694c1896c71ffd53d72a83f6.json
[23:30:33] ⏭️  [2025-11-08] Already exists: 2025-11-08_b9d1d19c6678487d39f44b4a44c5c5f5.json
[23:30:33] ⏭️  [2025-11-08] Already exists: 2025-11-08_c3c22a0a3f5a3e535f96db1f1724e9e6.json
[23:30:33] ⏭️  [2025-11-08] Already exists: 2025-11-08_cbbdb93a96432ad7b6fe67639d1dd618.json
[23:30:34] ⏭️  [2025-11-08] Already exists: 2025-11-08_3489fe66688ce64bf866b4ee27f601b9.json
[23:30:34] ⏭️  [2025-11-08] Already exists: 2025-11-08_0d5985498b8caac658c572d071f9c766.json
[23:30:34] ⏭️  [2025-11-08] Already exists: 2025-11-08_eabdaf0ba02cae8445d6ff33440567ca.json
[23:30:35] ⏭️  [2025-11-08] Already exists: 2025-11-08_19f511c2332ff95886007b360559d485.json
[23:30:35] ⏭️  [2025-11-08] Already exists: 2025-11-08_2a40b86cbfd789717a072f4f80be0b55.json
[23:30:35] ⏭️  [2025-11-08] Already exists: 2025-11-08_817aec127df90588700665c8e5a023e3.json
[23:30:35] ⏭️  [2025-11-08] Already exists: 2025-11-08_3789edfe78d516a14b8444a91e2ea0f7.json
[23:30:35] ⏭️  [2025-11-08] Already exists: 2025-11-08_c3c19494cff7b1a1c43cfc73f8cfeb91.json
[23:30:35] ⏭️  [2025-11-08] Already exists: 2025-11-08_e9c9cf3628556670fae408f30bb3c044.json
[23:30:35] ⏭️  [2025-11-08] Already exists: 2025-11-08_2a24a55d6ef997a11d86ce1daf7332da.json
[23:30:36] ⏭️  [2025-11-08] Already exists: 2025-11-08_4044c91e789597271fb0448929cc5219.json
[23:30:38] ⏭️  [2025-11-08] Already exists: 2025-11-08_c273763da7e480110373fd854d2421fa.json
[23:30:38] ⏭️  [2025-11-08] Already exists: 2025-11-08_56a447dc92f0d132d1097b69a7dec69d.json
[23:30:38] ⏭️  [2025-11-08] Already exists: 2025-11-08_b8a865ec05291e420e2c45eeec656001.json
[23:30:38] ⏭️  [2025-11-08] Already exists: 2025-11-08_801d12987c229a34397df38127c6066e.json
[23:30:38] ⏭️  [2025-11-08] Already exists: 2025-11-08_36ea00d447e980a9d2c8bdf3fb692b77.json
[23:30:38] ⏭️  [2025-11-08] Already exists: 2025-11-08_da21ee4ea2ea283d010f0b672f961097.json
[23:30:38] ⏭️  [2025-11-08] Already exists: 2025-11-08_4b54e206a812312907a27a65b7bdb49a.json
[23:30:38] ⏭️  [2025-11-08] Already exists: 2025-11-08_42cdfcd957134c1033de43c305cd0c04.json
[23:30:40] ⏭️  [2025-11-08] Already exists: 2025-11-08_07d56412555523e62da93daa5198a6e6.json
[23:30:40] ⏭️  [2025-11-08] Already exists: 2025-11-08_897734aebc724f2d1c343656be6092ee.json
[23:30:40] ⏭️  [2025-11-08] Already exists: 2025-11-08_6a0163eb5faf97a47f4a6556c680f763.json
[23:30:40] ⏭️  [2025-11-08] Already exists: 2025-11-08_ba73662e38c56582db97f12a6195a5e7.json
[23:30:40] ⏭️  [2025-11-08] Already exists: 2025-11-08_43c9be85fa60101705e016ba5d5cb0a9.json
[23:30:40] ⏭️  [2025-11-08] Already exists: 2025-11-08_8b3636f1e13d0403f9bb41411b375511.json
[23:30:40] ⏭️  [2025-11-08] Already exists: 2025-11-08_4d4644e63d1715a8cd9a5f7bd3d87528.json
[23:30:40] ⏭️  [2025-11-08] Already exists: 2025-11-08_36bf076335b8267f1b361914ff079bb0.json
[23:30:42] ⏭️  [2025-11-08] Already exists: 2025-11-08_d33e610d4c856430691f76a12b99e370.json
[23:30:42] ⏭️  [2025-11-08] Already exists: 2025-11-08_9a875949058e647d9f0dd33941880ae1.json
[23:30:42] ⏭️  [2025-11-08] Already exists: 2025-11-08_07f50582b8782852cd036f438fdb0eae.json
[23:30:42] ⏭️  [2025-11-08] Already exists: 2025-11-08_27b04b8229a1e534d43842a90be31b35.json
[23:30:42] ⏭️  [2025-11-08] Already exists: 2025-11-08_966b8a9ef5209e7d963af721195c9337.json
[23:30:42] ⏭️  [2025-11-08] Already exists: 2025-11-08_a1730e4d7f3fedb22c8e14cf32730f47.json
[23:30:42] ⏭️  [2025-11-08] Already exists: 2025-11-08_6b8681e00312e73fcad4d17382075e7f.json
[23:30:42] ⏭️  [2025-11-08] Already exists: 2025-11-08_1c0daaa208637623c1dc1bed3f0c49aa.json
[23:30:45] ⏭️  [2025-11-08] Already exists: 2025-11-08_93e2d1b332736a7183d088e9c860bf7c.json
[23:30:45] ⏭️  [2025-11-08] Already exists: 2025-11-08_bf374fdd03b7052fb2aeed93c79801f2.json
[23:30:45] ⏭️  [2025-11-08] Already exists: 2025-11-08_426023fcb7f3dbf2c3e72eb744951c1b.json
[23:30:45] ⏭️  [2025-11-08] Already exists: 2025-11-08_6c13c1516a9dffb0c0c68d38e3fe09d4.json
[23:30:45] ⏭️  [2025-11-08] Already exists: 2025-11-08_44b034b3bcb380963deac36fef960325.json
[23:30:45] ⏭️  [2025-11-08] Already exists: 2025-11-08_f76c4d9d16ac5900e3b60d90acedd4f1.json
[23:30:45] ⏭️  [2025-11-08] Already exists: 2025-11-08_67c05d63e5b2258bf409833830f885bd.json
[23:30:45] ⏭️  [2025-11-08] Already exists: 2025-11-08_9fa00cb871187289a748938fe8150f96.json
[23:30:46] ⏭️  [2025-11-08] Already exists: 2025-11-08_ea3d6ac20b53831ba687b03742553fb2.json
[23:30:46] ⏭️  [2025-11-08] Already exists: 2025-11-08_bfd4ca6c48d1a3d38f78cf9a33b8cb55.json
[23:30:46] ⏭️  [2025-11-08] Already exists: 2025-11-08_89ca40bf1d80ca1fdc25edb90cc9c686.json
[23:30:46] ⏭️  [2025-11-08] Already exists: 2025-11-08_8baea72fbc59395387a634672ffa49ad.json
[23:30:46] ⏭️  [2025-11-08] Already exists: 2025-11-08_919821fd078a86d640595aeea96b234b.json
[23:30:46] ⏭️  [2025-11-08] Already exists: 2025-11-08_f2356694755452745eb081e8451df96b.json
[23:30:46] ⏭️  [2025-11-08] Already exists: 2025-11-08_a40d4ebc4c4224684871031d60b1ae3c.json
[23:30:46] ⏭️  [2025-11-08] Already exists: 2025-11-08_0dbdc082f1244087e095a1283c2f8bf4.json
[23:30:49] ⏭️  [2025-11-08] Already exists: 2025-11-08_a563fba06534d4fb61b79d03409343ab.json
[23:30:49] ⏭️  [2025-11-08] Already exists: 2025-11-08_6991ff6b771cd77222d4b55577dc2fdf.json
[23:30:49] ⏭️  [2025-11-08] Already exists: 2025-11-08_643b152568b9fe967939fef323d61c66.json
[23:30:49] ⏭️  [2025-11-08] Already exists: 2025-11-08_4e84c04c940f8ee9d2f9b4751004d710.json
[23:30:49] ⏭️  [2025-11-08] Already exists: 2025-11-08_f877c1952aea8dbc0845abee32ddbddd.json
[23:30:49] ⏭️  [2025-11-08] Already exists: 2025-11-08_547ebb98c02bf1b86c8cdbbc396cefc5.json
[23:30:49] ⏭️  [2025-11-08] Already exists: 2025-11-08_239e8cd0937c64874d7115b7d2f5d805.json
[23:30:49] ⏭️  [2025-11-08] Already exists: 2025-11-08_2aed36713013bbc5c10365b1cfb926b5.json
[23:30:50] ⏭️  [2025-11-08] Already exists: 2025-11-08_eb61073b3891f651c4adf2a064ba6962.json
[23:30:50] ⏭️  [2025-11-08] Already exists: 2025-11-08_0d08f2aba567d13c42f0b31a438980a6.json
[23:30:50] ⏭️  [2025-11-08] Already exists: 2025-11-08_7896952e8d48f8c4fa0714aef2230cc3.json
[23:30:50] ⏭️  [2025-11-08] Already exists: 2025-11-08_6a92e954275cc856526c7a4806a0616b.json
[23:30:50] ⏭️  [2025-11-08] Already exists: 2025-11-08_f0a275e1f37fffc1508a50c9e1226c7f.json
[23:30:50] ⏭️  [2025-11-08] Already exists: 2025-11-08_ff30eb54b398bc0b8dc767d818a1ccf8.json
[23:30:59] ✅ Saved: 2025-11-08_048f4ce9d121793f3c47ac08892ad216.json (3651 chars)
[23:31:03] ✅ Saved: 2025-11-08_d681a47230dbd153026bb020238ea69c.json (2404 chars)
[23:31:05] ⏭️  [2025-11-08] Already exists: 2025-11-08_da26fbd3d94b57b7a51e5533cc4cc997.json
[23:31:05] ⏭️  [2025-11-08] Already exists: 2025-11-08_f757eddb065c3f89c9f512cad35836b9.json
[23:31:14] ✅ Saved: 2025-11-08_6828b7883b304566cc93c301eb6489be.json (2087 chars)
[23:31:15] ✅ Saved: 2025-11-08_d6aeb4a0c94e270db4c70e51a56a5ff6.json (2918 chars)
[23:31:17] ✅ Saved: 2025-11-08_0b15618d35bae4bf30283531ab6e1593.json (2873 chars)
[23:31:20] ✅ Saved: 2025-11-08_7e24b0c089355e7c61f89fc1c68c0d76.json (3090 chars)
[23:31:23] ✅ Saved: 2025-11-08_df7566ce29ded4b9d40e4e998a4c9170.json (4131 chars)
[23:31:25] ✅ Saved: 2025-11-08_4b23463a6f7998411fd183acaf249adc.json (4014 chars)
[23:31:27] ⏭️  [2025-11-08] Already exists: 2025-11-08_95381e6f69cf3d59ebe06b517f2e359d.json
[23:31:27] ⏭️  [2025-11-08] Already exists: 2025-11-08_8693a30e5c30792ce411c84d8640b9dd.json
[23:31:38] ✅ Saved: 2025-11-08_0f7c4b86f7f2c44aeace91c232e0d927.json (10109 chars)
[23:31:39] ✅ Saved: 2025-11-08_76e880d2ff2f5d01b3ed2d75dca9b586.json (4761 chars)
[23:31:43] ✅ Saved: 2025-11-08_f6d131d110a2798903175a03baeaed7b.json (3053 chars)
[23:31:45] ✅ Saved: 2025-11-08_d762f26fbc6deecb73cc5703fe562c21.json (2633 chars)
[23:31:46] ✅ Saved: 2025-11-08_84987987018d40d65c9f964ae4c0930f.json (3760 chars)
[23:31:50] ✅ Saved: 2025-11-08_9af35eedb39094416b9b92a95ed9153a.json (2766 chars)
[23:31:53] ⏭️  [2025-11-08] Already exists: 2025-11-08_d7cb56651307a6e1080cfb5a029bb14f.json
[23:31:53] ⏭️  [2025-11-08] Already exists: 2025-11-08_a4f841052b5dcbadf711d9488d800593.json
[23:31:53] ⏭️  [2025-11-08] Already exists: 2025-11-08_d298d9843c09e742d50d65d0be28371d.json
[23:31:53] ⏭️  [2025-11-08] Already exists: 2025-11-08_49acac7edf407a1dc1cc4c3404f2b31b.json
[23:31:53] ⏭️  [2025-11-08] Already exists: 2025-11-08_fabbf1213246f6e57122a50f9f382996.json
[23:31:53] ⏭️  [2025-11-08] Already exists: 2025-11-08_c056a7f1f4893de4f159b0a25ad837d2.json
[23:31:55] 🎯 Finished 2025-11-08
[23:31:55]    📊 Success: 14 | Skipped: 80 | Failed: 0 | Total: 94
[23:31:55]    📝 Avg content length: 3732 chars
[23:31:55] ✅ DAWN article scraping completed.
[23:31:55] 📊 Final Stats:
{
  "2025-11-08": {
    "success": 14,
    "failed": 0,
    "skipped": 80,
    "total": 94,
    "avgContentLength": 3732
  }
}
