[11:50:28] 📚 [2025-10-21] Processing 82 articles
[11:50:33] ✅ [2025-10-21] Scraped: 3 civilians killed in Muridke operation, claims Punjab minis...
[11:50:34] ✅ [2025-10-21] Scraped: ‘Smog theatre’: Will cannons and towers clear polluted air?...
[11:50:36] ✅ [2025-10-21] Scraped: Top basketball European club competitions to return to Israe...
[11:50:38] ⏭️  [2025-10-21] Already exists: rain-interrupts-pakistans-crucial-womens-world-cup-clash-against-south-africa
[11:50:38] ⏭️  [2025-10-21] Already exists: jannik-sinner-skipping-davis-cup-finals-to-focus-on-australian-open-preparations
[11:50:38] ⏭️  [2025-10-21] Already exists: ke-says-nepra-revision-has-slashed-its-tariff-by-rs76-per-unit-will-have-far-reaching-consequences
[11:50:41] ⏭️  [2025-10-21] Already exists: lesser-known-parties-withdraw-plea-seeking-to-become-opposition-alliance-ttaps-namesake
[11:50:41] ⏭️  [2025-10-21] Already exists: maccabi-tel-aviv-to-decline-tickets-for-european-tie-at-aston-villa
[11:50:45] ✅ [2025-10-21] Scraped: France intensifies hunt for Louvre raiders who stole royal j...
[11:50:49] ⏭️  [2025-10-21] Already exists: south-africa-grind-to-86-2-at-tea-in-reply-to-pakistans-333-in-second-test
[11:50:49] ⏭️  [2025-10-21] Already exists: liquor-and-arms-recovery-case-islamabad-court-issues-arrest-warrant-for-gandapur-over-persistent-no-shows
[11:50:49] ⏭️  [2025-10-21] Already exists: 26th-amendment-case-justice-mazhar-says-regular-constitutional-benches-branches-of-same-tree
[11:50:53] ⏭️  [2025-10-21] Already exists: china-hawk-sanae-takaichi-named-japans-first-woman-prime-minister
[11:50:53] ⏭️  [2025-10-21] Already exists: fresh-polio-case-in-kp-takes-this-years-tally-to-30
[11:50:53] ⏭️  [2025-10-21] Already exists: lahore-karachi-among-top-5-most-polluted-cities-in-world
[11:50:56] ⏭️  [2025-10-21] Already exists: 1950284
[11:50:56] ⏭️  [2025-10-21] Already exists: natures-rights
[11:50:57] ⏭️  [2025-10-21] Already exists: 1950303
[11:51:00] ⏭️  [2025-10-21] Already exists: ceasefire-triggers-2436-point-rally-on-psx
[11:51:00] ⏭️  [2025-10-21] Already exists: modi-may-face-quad-and-brics-choice
[11:51:00] ⏭️  [2025-10-21] Already exists: 1950299
[11:51:05] ⏭️  [2025-10-21] Already exists: 1950310
[11:51:05] ⏭️  [2025-10-21] Already exists: 1950311
[11:51:05] ⏭️  [2025-10-21] Already exists: us-australia-sign-pact-on-critical-minerals
[11:51:08] ⏭️  [2025-10-21] Already exists: khamenei-rules-out-talks-with-bully-trump
[11:51:09] ⏭️  [2025-10-21] Already exists: us-sends-nuke-workers-home-as-shutdown-drags
[11:51:09] ⏭️  [2025-10-21] Already exists: 1950308
[11:51:13] ⏭️  [2025-10-21] Already exists: colombia-recalls-ambassador-from-us-after-trumps-drug-remarks
[11:51:13] ⏭️  [2025-10-21] Already exists: kp-cm-afridi-vows-to-resist-centres-every-unconstitutional-step
[11:51:13] ⏭️  [2025-10-21] Already exists: first-test-tube-baby-born-in-dera-ismail-khan
[11:51:17] ⏭️  [2025-10-21] Already exists: wb-team-assesses-achievements-of-400m-higher-education-project
[11:51:17] ⏭️  [2025-10-21] Already exists: unicef-wants-every-child-immunised-against-polio-amid-drop-in-refusal-cases
[11:51:18] ⏭️  [2025-10-21] Already exists: population-surge-declared-national-emergency
[11:51:20] ⏭️  [2025-10-21] Already exists: report-sought-on-posting-of-ptv-md
[11:51:20] ⏭️  [2025-10-21] Already exists: notices-issued-to-14-medical-colleges-for-overcharging-fee-pmdc
[11:51:20] ⏭️  [2025-10-21] Already exists: search-committee-receives-750-applications-for-hec-chairman-post
[11:51:24] ⏭️  [2025-10-21] Already exists: hindu-community-celebrates-diwali-with-joy-and-tradition-in-sindh
[11:51:24] ⏭️  [2025-10-21] Already exists: doctor-arrested-in-sargodha-for-torture-of-house-help
[11:51:24] ⏭️  [2025-10-21] Already exists: minor-burnt-after-being-thrown-into-popcorn-furnace-in-sheikhpura
[11:51:27] ⏭️  [2025-10-21] Already exists: haaland-kane-and-mbappe-battle-to-be-europes-best
[11:51:27] ⏭️  [2025-10-21] Already exists: karachi-police-make-first-arrest-using-facial-recognition-technology
[11:51:27] ⏭️  [2025-10-21] Already exists: murad-approves-expansion-of-safe-city-project-to-karachis-dha-other-areas
[11:51:30] ⏭️  [2025-10-21] Already exists: balochistan-assembly-adopts-resolution-against-killing-of-mpas-brother
[11:51:30] ⏭️  [2025-10-21] Already exists: balochistan-levies-suspends-six-personnel-over-fake-promotions
[11:51:31] ⏭️  [2025-10-21] Already exists: justice-mulakhail-takes-oath-as-acting-bhc-cj
[11:51:35] ⏭️  [2025-10-21] Already exists: pia-gearing-up-for-direct-us-flights-says-aviation-minister
[11:51:35] ⏭️  [2025-10-21] Already exists: 8-militants-gunned-down-in-dera-ismail-khan
[11:51:35] ⏭️  [2025-10-21] Already exists: ihc-to-hear-bars-plea-on-justice-jahangiris-appointment
[11:51:38] ⏭️  [2025-10-21] Already exists: mediators-scramble-to-salvage-gaza-truce
[11:51:38] ⏭️  [2025-10-21] Already exists: court-allows-trump-to-deploy-soldiers-in-portland
[11:51:38] ⏭️  [2025-10-21] Already exists: commission-being-formed-to-protect-minority-rights
[11:51:42] ⏭️  [2025-10-21] Already exists: pakistan-afghanistan-agree-to-immediate-ceasefire-after-doha-talks-defence-minister
[11:51:42] ⏭️  [2025-10-21] Already exists: 45-electric-buses-arrive-in-rawalpindi
[11:51:42] ⏭️  [2025-10-21] Already exists: athapaththu-conjures-miracle-as-sri-lanka-snatch-victory-over-bangladesh
[11:51:46] ⏭️  [2025-10-21] Already exists: pakistans-jf-17-block-iii-jets-touch-down-in-azerbaijan-for-bilateral-aerial-combat-exercise
[11:51:46] ⏭️  [2025-10-21] Already exists: lahore-ranks-second-most-polluted-city-in-world-in-terms-of-air-quality
[11:51:46] ⏭️  [2025-10-21] Already exists: pakistan-sells-first-women-bank-to-uae-firm
[11:51:50] ⏭️  [2025-10-21] Already exists: suparco-launches-countrys-first-hyperspectral-satellite
[11:51:51] ⏭️  [2025-10-21] Already exists: authorities-in-punjab-closing-in-on-tlp-chiefs-whereabouts
[11:51:53] ✅ [2025-10-21] Scraped: Notices issued to Adiala jail superintendent, others on KP C...
[11:51:55] ⏭️  [2025-10-21] Already exists: talibans-new-ploy
[11:51:56] ⏭️  [2025-10-21] Already exists: why-are-multinationals-exiting-pakistan
[11:51:59] ✅ [2025-10-21] Scraped: Need for safeguards...
[11:52:02] ⏭️  [2025-10-21] Already exists: measured-response
[11:52:02] ⏭️  [2025-10-21] Already exists: pakistan-fall-to-great-britain-end-fourth-in-sultan-of-johor-cup
[11:52:05] ✅ [2025-10-21] Scraped: Trump vows to keep ‘massive’ tariffs on India until Russian ...
[11:52:08] ⏭️  [2025-10-21] Already exists: pakistan-cricket-board-to-finalise-new-odi-skipper-ahead-of-south-africa-series
[11:52:10] ✅ [2025-10-21] Scraped: LHC informed CNIC of Arshad ‘chaiwala’ restored after Nadra ...
[11:52:11] ✅ [2025-10-21] Scraped: Saudi telecom giant launches AI hub in Pakistan...
[11:52:13] ⏭️  [2025-10-21] Already exists: another-doha-pact
[11:52:13] ⏭️  [2025-10-21] Already exists: kp-cm-afridi-calls-for-a-grand-peace-jirgah-on-oct-25
[11:52:16] ✅ [2025-10-21] Scraped: Shaheen named Pakistan men’s ODI captain, set to start stint...
[11:52:20] ⏭️  [2025-10-21] Already exists: now-the-hard-part
[11:52:24] ✅ [2025-10-21] Scraped: Veteran Bollywood comedian Asrani passes away at 84 after pr...
[11:52:24] ✅ [2025-10-21] Scraped: Doha truce...
[11:52:28] ⏭️  [2025-10-21] Already exists: zimbabwe-roped-in-after-afghanistan-pulls-out-of-upcoming-tri-nation-series
[11:52:29] ⏭️  [2025-10-21] Already exists: only-positive-way-forward-is-for-afghanistan-to-abide-by-doha-agreement-talal-chaudhry
[11:52:29] ⏭️  [2025-10-21] Already exists: beyond-baku-belem
[11:52:31] ⏭️  [2025-10-21] Already exists: no-space-for-war-in-nuclearised-environment-coas-munir-cautions-india
[11:52:32] ⏭️  [2025-10-21] Already exists: make-israel-great-again
[11:52:32] ⏭️  [2025-10-21] Already exists: shift-in-kabul-ties-imminent-as-more-terror-hideouts-hit
[11:52:36] ⏭️  [2025-10-21] Already exists: from-sar-to-menaap
[11:52:38] 📊 [2025-10-21] Summary: 82 success, 0 failed
