[23:51:10] [📅 Processing LIST for: 2025-10-23] (98 items)
[23:51:10] ⏭️  [2025-10-23] Already exists: 2025-10-23_7f74b13b3a35e08fa045c128427c1bbb.json
[23:51:10] ⏭️  [2025-10-23] Already exists: 2025-10-23_209e947a775ff2d5829868ea0ce031f7.json
[23:51:10] ⏭️  [2025-10-23] Already exists: 2025-10-23_fb3b4f75af61201d95d0df57e6d311c7.json
[23:51:10] ⏭️  [2025-10-23] Already exists: 2025-10-23_19094156f4a2e597d31476fdb5b652fd.json
[23:51:10] ⏭️  [2025-10-23] Already exists: 2025-10-23_b7d0c1e9297faa45c65ff86e2cda5893.json
[23:51:10] ⏭️  [2025-10-23] Already exists: 2025-10-23_d1485ac885b6e7faac7e813434daf63b.json
[23:51:10] ⏭️  [2025-10-23] Already exists: 2025-10-23_9541dc1f76ae8d57d1a281cbf1658531.json
[23:51:10] ⏭️  [2025-10-23] Already exists: 2025-10-23_fe7886b1a3af38e5878730f6fe3847aa.json
[23:51:12] ⏭️  [2025-10-23] Already exists: 2025-10-23_f4d75c2fcc40ffe1f40a43323c661e37.json
[23:51:12] ⏭️  [2025-10-23] Already exists: 2025-10-23_c6d7496ddeeec350a4f210f5675aeeb9.json
[23:51:12] ⏭️  [2025-10-23] Already exists: 2025-10-23_37615960c215d3c94c54fe127eeb5003.json
[23:51:12] ⏭️  [2025-10-23] Already exists: 2025-10-23_16ecfd43a63f9f4ac9da08198cfb95bd.json
[23:51:12] ⏭️  [2025-10-23] Already exists: 2025-10-23_cfacdfd4cce8cdeca91c24ba06a35228.json
[23:51:12] ⏭️  [2025-10-23] Already exists: 2025-10-23_7e54c22a50ac090b6c95bb850ab39e8d.json
[23:51:12] ⏭️  [2025-10-23] Already exists: 2025-10-23_2e4716089e31ab7393474928db8a47b2.json
[23:51:12] ⏭️  [2025-10-23] Already exists: 2025-10-23_5580fbaa12f9f9effaf2ec2e1a3ca949.json
[23:51:14] ⏭️  [2025-10-23] Already exists: 2025-10-23_98d07455f8fbfda8500954e768dd1a37.json
[23:51:14] ⏭️  [2025-10-23] Already exists: 2025-10-23_1c2ae4bd51e47ae8bf497ed3bbcde9b9.json
[23:51:14] ⏭️  [2025-10-23] Already exists: 2025-10-23_6ad93b3df9e6a087f5df26c4ff10ad38.json
[23:51:14] ⏭️  [2025-10-23] Already exists: 2025-10-23_92c7e3755bcf8acecb40f3078249e8ac.json
[23:51:14] ⏭️  [2025-10-23] Already exists: 2025-10-23_0a422e6738bb545a0b17ff0217bfdba0.json
[23:51:14] ⏭️  [2025-10-23] Already exists: 2025-10-23_d504ff8f1012130fe3bbab16a4d5a17a.json
[23:51:14] ⏭️  [2025-10-23] Already exists: 2025-10-23_5112f9f4f50f895dbfca93634a7fa8b8.json
[23:51:14] ⏭️  [2025-10-23] Already exists: 2025-10-23_04b9528e8dfb2f076912f0f75bee8ba9.json
[23:51:16] ⏭️  [2025-10-23] Already exists: 2025-10-23_0a8bb6457e0cf5920fa0e8b9d2efb9ec.json
[23:51:16] ⏭️  [2025-10-23] Already exists: 2025-10-23_3a04738b6b2854439abf32f5e8ba2154.json
[23:51:16] ⏭️  [2025-10-23] Already exists: 2025-10-23_2c9bdaf202d5adc569197dc9795676bc.json
[23:51:16] ⏭️  [2025-10-23] Already exists: 2025-10-23_efb73b4d775aefaf2a835cc3b00ad0aa.json
[23:51:16] ⏭️  [2025-10-23] Already exists: 2025-10-23_bcb89942b9b75c827ccfed91ed6c15ef.json
[23:51:16] ⏭️  [2025-10-23] Already exists: 2025-10-23_54b91aa7382b6eeb951f1528df283aed.json
[23:51:16] ⏭️  [2025-10-23] Already exists: 2025-10-23_fc72ff66006c098212f6b24848adc38d.json
[23:51:16] ⏭️  [2025-10-23] Already exists: 2025-10-23_ba926807ad751f498a49343006676c31.json
[23:51:18] ⏭️  [2025-10-23] Already exists: 2025-10-23_cc6801568930339a9aaea218b61e357a.json
[23:51:18] ⏭️  [2025-10-23] Already exists: 2025-10-23_7f2d6bf9af3d58e7505e6efc733c877a.json
[23:51:18] ⏭️  [2025-10-23] Already exists: 2025-10-23_2c815dd1120e3b6633f5bfbfc765b90d.json
[23:51:18] ⏭️  [2025-10-23] Already exists: 2025-10-23_43d0a4cf1890ecfb41f8d5b03d1a3232.json
[23:51:18] ⏭️  [2025-10-23] Already exists: 2025-10-23_124a23bf9776f0c43a274bdb6f1a0ec5.json
[23:51:18] ⏭️  [2025-10-23] Already exists: 2025-10-23_1f156a0a2f59473293bd46c93699d535.json
[23:51:18] ⏭️  [2025-10-23] Already exists: 2025-10-23_3af97134d15ab5a8559e4445531b0e82.json
[23:51:18] ⏭️  [2025-10-23] Already exists: 2025-10-23_4bed623fd19762c0cdd6b0673df27a1b.json
[23:51:19] ⏭️  [2025-10-23] Already exists: 2025-10-23_40929c789f8e4f1dfb0a41e38297f23f.json
[23:51:19] ⏭️  [2025-10-23] Already exists: 2025-10-23_304e078d89b8d340a4299efd551788af.json
[23:51:19] ⏭️  [2025-10-23] Already exists: 2025-10-23_0ed00cd3ab30005cf06e6a9b61bd62b7.json
[23:51:19] ⏭️  [2025-10-23] Already exists: 2025-10-23_096ea4b41f8c6962d87373498c80d1e1.json
[23:51:19] ⏭️  [2025-10-23] Already exists: 2025-10-23_563d33c3ce932359069a7bedd8ee5869.json
[23:51:19] ⏭️  [2025-10-23] Already exists: 2025-10-23_1444255c09d1d1ae2f240ce900237523.json
[23:51:19] ⏭️  [2025-10-23] Already exists: 2025-10-23_5d6196734dcc0b5671ad806993f80214.json
[23:51:19] ⏭️  [2025-10-23] Already exists: 2025-10-23_9eaa58c518d8f08eecb157df005c0310.json
[23:51:20] ⏭️  [2025-10-23] Already exists: 2025-10-23_dc56a729d6306deedba1c7d599b2cf35.json
[23:51:20] ⏭️  [2025-10-23] Already exists: 2025-10-23_8418240a073dd5c792dd84a0f0d0f8ef.json
[23:51:20] ⏭️  [2025-10-23] Already exists: 2025-10-23_15112ba5964ff88760b5ba92984d4895.json
[23:51:20] ⏭️  [2025-10-23] Already exists: 2025-10-23_e6c187bfabc1df7bcc6521d719b20a45.json
[23:51:20] ⏭️  [2025-10-23] Already exists: 2025-10-23_a86ae6bf03e4e038e38f9ef4eb25950b.json
[23:51:20] ⏭️  [2025-10-23] Already exists: 2025-10-23_9cba51066d99e1ecda47ba9c2087843e.json
[23:51:20] ⏭️  [2025-10-23] Already exists: 2025-10-23_1c5b75041d84b5cb6e63db1b44baf7e9.json
[23:51:20] ⏭️  [2025-10-23] Already exists: 2025-10-23_dac5801930cda0e193d6c031a99095de.json
[23:51:22] ⏭️  [2025-10-23] Already exists: 2025-10-23_e7ac9ad853e8b32c51b5fb709da6d7bc.json
[23:51:22] ⏭️  [2025-10-23] Already exists: 2025-10-23_0d9a3e5536f35e8edbf60532e47b9b8a.json
[23:51:22] ⏭️  [2025-10-23] Already exists: 2025-10-23_a866e02bac36379bb3bcf7f31ad67b51.json
[23:51:22] ⏭️  [2025-10-23] Already exists: 2025-10-23_f4f3cc724ac54fae1a045ead35831293.json
[23:51:22] ⏭️  [2025-10-23] Already exists: 2025-10-23_6ea2690d5082fd9fefb4d87a6f74340a.json
[23:51:22] ⏭️  [2025-10-23] Already exists: 2025-10-23_adb9957c8d5b62953923ea0ca5722ad7.json
[23:51:22] ⏭️  [2025-10-23] Already exists: 2025-10-23_2817f048864313d4de37a54715c2f711.json
[23:51:22] ⏭️  [2025-10-23] Already exists: 2025-10-23_ca8ee8dcff3520cdc732a8c48377c4c9.json
[23:51:24] ⏭️  [2025-10-23] Already exists: 2025-10-23_73a3a8435996da11499464b6b42ecefe.json
[23:51:24] ⏭️  [2025-10-23] Already exists: 2025-10-23_d56610467301728eb8731c2bc4d070d0.json
[23:51:24] ⏭️  [2025-10-23] Already exists: 2025-10-23_e8c9344c039ef48e4ed47fdcb3bb1b2e.json
[23:51:24] ⏭️  [2025-10-23] Already exists: 2025-10-23_e6046a8248f2935724413ad17297f024.json
[23:51:24] ⏭️  [2025-10-23] Already exists: 2025-10-23_88ad1e6201edd9a68e0ddfe3892c5747.json
[23:51:24] ⏭️  [2025-10-23] Already exists: 2025-10-23_51d755c6b6ed1a549ad9f93fc05b7f8c.json
[23:51:24] ⏭️  [2025-10-23] Already exists: 2025-10-23_83b4d065590d954d9bc6cd392961e955.json
[23:51:24] ⏭️  [2025-10-23] Already exists: 2025-10-23_8da0dda268cc091c93a4d2ca5460bbd0.json
[23:51:25] ⏭️  [2025-10-23] Already exists: 2025-10-23_f501dc9d1f2bca32e39c4aecccc884b4.json
[23:51:25] ⏭️  [2025-10-23] Already exists: 2025-10-23_ebafef89e1ef96f187ef8adf3c55c564.json
[23:51:25] ⏭️  [2025-10-23] Already exists: 2025-10-23_3551beee927e3b9a4a6e14025884af61.json
[23:51:25] ⏭️  [2025-10-23] Already exists: 2025-10-23_b6a0858dfcc0e7f1ed455b92d6e576d6.json
[23:51:25] ⏭️  [2025-10-23] Already exists: 2025-10-23_0a9401f97ceb92a24bd5a11fa1476917.json
[23:51:25] ⏭️  [2025-10-23] Already exists: 2025-10-23_7050538285bb51cea49d42f53081d3cd.json
[23:51:25] ⏭️  [2025-10-23] Already exists: 2025-10-23_4899360fafeea68588c53a4143ade645.json
[23:51:25] ⏭️  [2025-10-23] Already exists: 2025-10-23_d08144b513b84ec162277344db28a3a9.json
[23:51:27] ⏭️  [2025-10-23] Already exists: 2025-10-23_4a48d308d03eef97b38cde442320b2d8.json
[23:51:27] ⏭️  [2025-10-23] Already exists: 2025-10-23_73cc18b37c8419aef1e92faa1ea4a132.json
[23:51:27] ⏭️  [2025-10-23] Already exists: 2025-10-23_bf954933f48bb7eaa69c52789ec7b66e.json
[23:51:27] ⏭️  [2025-10-23] Already exists: 2025-10-23_67d2499cea1bfc3d3e6ee1e7984dbabd.json
[23:51:27] ⏭️  [2025-10-23] Already exists: 2025-10-23_de7e0f0218b3ac6db236400529c96703.json
[23:51:27] ⏭️  [2025-10-23] Already exists: 2025-10-23_ac67d83da0a63bd24b3483e3b812877c.json
[23:51:27] ⏭️  [2025-10-23] Already exists: 2025-10-23_d18731dd8c6a76a37d337ffe47a32fb4.json
[23:51:27] ⏭️  [2025-10-23] Already exists: 2025-10-23_a17127d69890570007d1e3aeb7561ced.json
[23:51:30] ⏭️  [2025-10-23] Already exists: 2025-10-23_b7c3b65e9ae3cda79f9b1b0d521b25a1.json
[23:51:30] ⏭️  [2025-10-23] Already exists: 2025-10-23_a0cb451029218784c0968599898e4694.json
[23:51:30] ⏭️  [2025-10-23] Already exists: 2025-10-23_da686668d527d07fc54590c2683448c6.json
[23:51:30] ⏭️  [2025-10-23] Already exists: 2025-10-23_3803b0b76666cfd12986889c4c3d26f1.json
[23:51:30] ⏭️  [2025-10-23] Already exists: 2025-10-23_5015b4fe499386540a0745520e3050ad.json
[23:51:30] ⏭️  [2025-10-23] Already exists: 2025-10-23_0f87d64e89badc6b834af719acda9d2b.json
[23:51:30] ⏭️  [2025-10-23] Already exists: 2025-10-23_43365f65dda06bb3ae733965e6215f57.json
[23:51:30] ⏭️  [2025-10-23] Already exists: 2025-10-23_2f4537b9893d8a44740bb55b4f5ea18e.json
[23:51:32] ⏭️  [2025-10-23] Already exists: 2025-10-23_54285cccc40e42e3a3ea7b1a6048b596.json
[23:51:32] ⏭️  [2025-10-23] Already exists: 2025-10-23_75cdf32e30acb2dcb1c3788944a2d6a6.json
[23:51:34] 🎯 Finished 2025-10-23
[23:51:34]    📊 Success: 0 | Skipped: 98 | Failed: 0 | Total: 98
[23:51:34]    📝 Avg content length: 0 chars
[23:51:34] ✅ DAWN article scraping completed.
[23:51:34] 📊 Final Stats:
{
  "2025-10-23": {
    "success": 0,
    "failed": 0,
    "skipped": 98,
    "total": 98,
    "avgContentLength": 0
  }
}
