[23:19:24] [📅 Processing LIST for: 2025-10-26] (33 items)
[23:19:24] ⏭️  [2025-10-26] Already exists: 2025-10-26_c416b375b1df5c4b5970ddc5075df9de.json
[23:19:24] ⏭️  [2025-10-26] Already exists: 2025-10-26_4853d3c40d9475325c485dea38bdbd4a.json
[23:19:24] ⏭️  [2025-10-26] Already exists: 2025-10-26_92ee3dc227c58a843e88c225ccea9fbf.json
[23:19:24] ⏭️  [2025-10-26] Already exists: 2025-10-26_88c6afd95ce42937e8459d42c37f8536.json
[23:19:24] ⏭️  [2025-10-26] Already exists: 2025-10-26_bcb89942b9b75c827ccfed91ed6c15ef.json
[23:19:24] ⏭️  [2025-10-26] Already exists: 2025-10-26_0d9a3e5536f35e8edbf60532e47b9b8a.json
[23:19:24] ⏭️  [2025-10-26] Already exists: 2025-10-26_3a04738b6b2854439abf32f5e8ba2154.json
[23:19:24] ⏭️  [2025-10-26] Already exists: 2025-10-26_8c02a1b194a6139aec616e1f0bf83ec5.json
[23:19:24] [📅 Processing LIST for: 2025-10-26] (33 items)
[23:19:24] ⏭️  [2025-10-26] Already exists: 2025-10-26_4853d3c40d9475325c485dea38bdbd4a.json
[23:19:24] ⏭️  [2025-10-26] Already exists: 2025-10-26_0d9a3e5536f35e8edbf60532e47b9b8a.json
[23:19:24] ⏭️  [2025-10-26] Already exists: 2025-10-26_c416b375b1df5c4b5970ddc5075df9de.json
[23:19:24] ⏭️  [2025-10-26] Already exists: 2025-10-26_88c6afd95ce42937e8459d42c37f8536.json
[23:19:24] ⏭️  [2025-10-26] Already exists: 2025-10-26_8c02a1b194a6139aec616e1f0bf83ec5.json
[23:19:24] ⏭️  [2025-10-26] Already exists: 2025-10-26_92ee3dc227c58a843e88c225ccea9fbf.json
[23:19:24] ⏭️  [2025-10-26] Already exists: 2025-10-26_3a04738b6b2854439abf32f5e8ba2154.json
[23:19:24] ⏭️  [2025-10-26] Already exists: 2025-10-26_bcb89942b9b75c827ccfed91ed6c15ef.json
[23:19:25] ⏭️  [2025-10-26] Already exists: 2025-10-26_0a9401f97ceb92a24bd5a11fa1476917.json
[23:19:25] ⏭️  [2025-10-26] Already exists: 2025-10-26_4bed623fd19762c0cdd6b0673df27a1b.json
[23:19:25] ⏭️  [2025-10-26] Already exists: 2025-10-26_19094156f4a2e597d31476fdb5b652fd.json
[23:19:25] ⏭️  [2025-10-26] Already exists: 2025-10-26_73cc18b37c8419aef1e92faa1ea4a132.json
[23:19:25] ⏭️  [2025-10-26] Already exists: 2025-10-26_40929c789f8e4f1dfb0a41e38297f23f.json
[23:19:25] ⏭️  [2025-10-26] Already exists: 2025-10-26_db719fe548834ddd43a2850c77c03a42.json
[23:19:25] ⏭️  [2025-10-26] Already exists: 2025-10-26_d56610467301728eb8731c2bc4d070d0.json
[23:19:25] ⏭️  [2025-10-26] Already exists: 2025-10-26_a392f4894c589aa990df64e6ac468763.json
[23:19:27] ⏭️  [2025-10-26] Already exists: 2025-10-26_2ae6656b4f4e5799cef29ef2d4de0c80.json
[23:19:27] ⏭️  [2025-10-26] Already exists: 2025-10-26_0a02521881d1ce1b8a3d81100fe6e0c1.json
[23:19:27] ⏭️  [2025-10-26] Already exists: 2025-10-26_336aaf281cad504444a261c80b0e2f4d.json
[23:19:27] ⏭️  [2025-10-26] Already exists: 2025-10-26_824a644a4e90542b756ef6fd9a2e0313.json
[23:19:27] ⏭️  [2025-10-26] Already exists: 2025-10-26_d4a617c2a745d87f9b3057af6189ab10.json
[23:19:27] ⏭️  [2025-10-26] Already exists: 2025-10-26_2f057ff6113f51fdc3ac96e9d7dd7f05.json
[23:19:27] ⏭️  [2025-10-26] Already exists: 2025-10-26_7e54c22a50ac090b6c95bb850ab39e8d.json
[23:19:27] ⏭️  [2025-10-26] Already exists: 2025-10-26_962a378480fb4c94e3b22af0b71d5a24.json
[23:19:28] ⏭️  [2025-10-26] Already exists: 2025-10-26_54b91aa7382b6eeb951f1528df283aed.json
[23:19:28] ⏭️  [2025-10-26] Already exists: 2025-10-26_5580fbaa12f9f9effaf2ec2e1a3ca949.json
[23:19:28] ⏭️  [2025-10-26] Already exists: 2025-10-26_e6046a8248f2935724413ad17297f024.json
[23:19:28] ⏭️  [2025-10-26] Already exists: 2025-10-26_73a3a8435996da11499464b6b42ecefe.json
[23:19:28] ⏭️  [2025-10-26] Already exists: 2025-10-26_83b4d065590d954d9bc6cd392961e955.json
[23:19:28] ⏭️  [2025-10-26] Already exists: 2025-10-26_a69bffa13097518160bf056475e485c5.json
[23:19:28] ⏭️  [2025-10-26] Already exists: 2025-10-26_f501dc9d1f2bca32e39c4aecccc884b4.json
[23:19:28] ⏭️  [2025-10-26] Already exists: 2025-10-26_8da0dda268cc091c93a4d2ca5460bbd0.json
[23:19:30] ⏭️  [2025-10-26] Already exists: 2025-10-26_d9a04f6cc0149514a0b857c3bee13b22.json
[23:19:31] 🎯 Finished 2025-10-26
[23:19:31]    📊 Success: 0 | Skipped: 33 | Failed: 0 | Total: 33
[23:19:31]    📝 Avg content length: 0 chars
[23:19:31] ✅ DAWN article scraping completed.
[23:19:31] 📊 Final Stats:
{
  "2025-10-26": {
    "success": 0,
    "failed": 0,
    "skipped": 33,
    "total": 33,
    "avgContentLength": 0
  }
}
