[11:40:16] 📚 [2025-10-21] Processing 80 articles
[11:40:22] ✅ [2025-10-21] Scraped: Jannik Sinner skipping Davis Cup Finals to focus on Australi...
[11:40:23] ✅ [2025-10-21] Scraped: KE says Nepra revision has slashed its tariff by Rs7.6 per u...
[11:40:23] ✅ [2025-10-21] Scraped: Rain interrupts Pakistan’s crucial Women’s World Cup clash a...
[11:40:29] ✅ [2025-10-21] Scraped: Lesser-known parties withdraw plea seeking to become opposit...
[11:40:31] ✅ [2025-10-21] Scraped: Maccabi Tel Aviv to decline tickets for European tie at Asto...
[11:40:32] ✅ [2025-10-21] Scraped: France intensifies hunt for Louvre raiders...
[11:40:38] ✅ [2025-10-21] Scraped: Liquor and arms recovery case: Islamabad court issues arrest...
[11:40:38] ✅ [2025-10-21] Scraped: South Africa grind to 86-2 at tea in reply to Pakistan’s 333...
[11:40:39] ✅ [2025-10-21] Scraped: 26th Amendment case: Justice Mazhar says regular, constituti...
[11:40:46] ✅ [2025-10-21] Scraped: Fresh polio case in KP takes this year’s tally to 30...
[11:40:47] ✅ [2025-10-21] Scraped: China hawk Sanae Takaichi named Japan’s first woman prime mi...
[11:40:47] ✅ [2025-10-21] Scraped: Lahore, Karachi among top 5 most polluted cities in world...
[11:40:55] ✅ [2025-10-21] Scraped: Pakistan is strewn with obstructed, polluted and abandoned w...
[11:40:56] ✅ [2025-10-21] Scraped: Federal ombudsperson overturns dismissal of woman on materni...
[11:40:57] ✅ [2025-10-21] Scraped: In an effort to create a tough brand, Pakistan is picking to...
[11:41:02] ✅ [2025-10-21] Scraped: Modi may face Quad and Brics choice...
[11:41:03] ✅ [2025-10-21] Scraped: Editorial: It is hoped this time Kabul is serious about stop...
[11:41:03] ✅ [2025-10-21] Scraped: Pak-Afghan ceasefire triggers 2,436-point rally on PSX...
[11:41:11] ✅ [2025-10-21] Scraped: September sees $110m current account surplus after 2 months...
[11:41:11] ✅ [2025-10-21] Scraped: ‘Burger cotton’ scandal rocks Sindh after ginner found alleg...
[11:41:11] ✅ [2025-10-21] Scraped: US, Australia sign pact on critical minerals...
[11:41:18] ✅ [2025-10-21] Scraped: US sends nuke workers home as shutdown drags...
[11:41:19] ✅ [2025-10-21] Scraped: Khamenei rules out talks with ‘bully’ Trump...
[11:41:19] ✅ [2025-10-21] Scraped: Parliamentary committee recommends full deregulation of suga...
[11:41:26] ✅ [2025-10-21] Scraped: First test tube baby born in Dera Ismail Khan...
[11:41:28] ✅ [2025-10-21] Scraped: Colombia recalls ambassador from US after Trump’s drug remar...
[11:41:28] ✅ [2025-10-21] Scraped: KP CM Afridi vows to resist Centre’s ‘every unconstitutional...
[11:41:36] ✅ [2025-10-21] Scraped: Population surge declared national emergency...
[11:41:36] ✅ [2025-10-21] Scraped: WB team assesses achievements of $400m higher education proj...
[11:41:37] ✅ [2025-10-21] Scraped: Unicef wants every child immunised against polio amid drop i...
[11:41:44] ✅ [2025-10-21] Scraped: Report sought on posting of PTV MD...
[11:41:44] ✅ [2025-10-21] Scraped: Search committee receives 750 applications for HEC chairman ...
[11:41:45] ✅ [2025-10-21] Scraped: Notices issued to 14 medical colleges for overcharging fee: ...
[11:41:52] ✅ [2025-10-21] Scraped: Doctor arrested in Sargodha for ‘torture’ of house help...
[11:41:53] ✅ [2025-10-21] Scraped: Minor burnt after being thrown into popcorn furnace in Sheik...
[11:41:53] ✅ [2025-10-21] Scraped: Hindu community celebrates Diwali with joy and tradition in ...
[11:42:01] ✅ [2025-10-21] Scraped: Haaland, Kane and Mbappe battle to be Europe’s best...
[11:42:02] ✅ [2025-10-21] Scraped: Karachi police make first arrest using facial recognition te...
[11:42:02] ✅ [2025-10-21] Scraped: Murad approves expansion of safe city project to Karachi’s D...
[11:42:10] ✅ [2025-10-21] Scraped: Justice Mulakhail takes oath as acting BHC CJ...
[11:42:11] ✅ [2025-10-21] Scraped: Balochistan Levies suspends six personnel over ‘fake promoti...
[11:42:12] ✅ [2025-10-21] Scraped: Balochistan Assembly adopts resolution against killing of MP...
[11:42:18] ✅ [2025-10-21] Scraped: IHC to hear bar’s plea on Justice Jahangiri’s appointment...
[11:42:19] ✅ [2025-10-21] Scraped: 8 militants gunned down in Dera Ismail Khan...
[11:42:20] ✅ [2025-10-21] Scraped: PIA gearing up for direct US flights, says aviation minister...
[11:42:26] ✅ [2025-10-21] Scraped: Court allows Trump to deploy soldiers in Portland...
[11:42:28] ✅ [2025-10-21] Scraped: Mediators scramble to salvage Gaza truce...
[11:42:28] ✅ [2025-10-21] Scraped: Commission being formed to protect minority rights...
[11:42:35] ✅ [2025-10-21] Scraped: Pakistan sells First Women Bank to UAE firm...
[11:42:36] ✅ [2025-10-21] Scraped: Athapaththu conjures miracle as Sri Lanka snatch victory ove...
[11:42:36] ✅ [2025-10-21] Scraped: Pakistan, Afghanistan agree to immediate ceasefire after Doh...
[11:42:42] ✅ [2025-10-21] Scraped: Pakistan’s JF-17 Block-III jets touch down in Azerbaijan for...
[11:42:43] ✅ [2025-10-21] Scraped: Zimbabwe roped in after Afghanistan pulls out of upcoming tr...
[11:42:44] ✅ [2025-10-21] Scraped: Shift in Kabul ties imminent as more terror hideouts hit...
[11:42:52] ✅ [2025-10-21] Scraped: No space for war in nuclearised environment, COAS Munir caut...
[11:42:52] ✅ [2025-10-21] Scraped: Suparco launches country’s first ‘hyperspectral satellite’...
[11:42:52] ✅ [2025-10-21] Scraped: 45 electric buses arrive in Rawalpindi...
[11:42:59] ✅ [2025-10-21] Scraped: WHY ARE MULTINATIONALS EXITING PAKISTAN?...
[11:42:59] ✅ [2025-10-21] Scraped: Lahore ranks second most polluted city in world in terms of ...
[11:42:59] ✅ [2025-10-21] Scraped: The TLP issue...
[11:43:05] ✅ [2025-10-21] Scraped: Taliban’s new ploy...
[11:43:05] ✅ [2025-10-21] Scraped: Airspace ban for India extended until Nov 24...
[11:43:06] ✅ [2025-10-21] Scraped: ‘Wherever the source of terrorism is, a heavy price will be ...
[11:43:11] ✅ [2025-10-21] Scraped: Only positive way forward is for Afghanistan to abide by Doh...
[11:43:11] ✅ [2025-10-21] Scraped: Pakistan fall to Great Britain, end fourth in Sultan of Joho...
[11:43:12] ✅ [2025-10-21] Scraped: Measured response...
[11:43:20] ✅ [2025-10-21] Scraped: KP CM Afridi calls for a grand peace jirgah on Oct 25...
[11:43:20] ✅ [2025-10-21] Scraped: Departing MNCs...
[11:43:20] ✅ [2025-10-21] Scraped: Authorities in Punjab closing in on TLP chief’s whereabouts...
[11:43:26] ✅ [2025-10-21] Scraped: Pakistan fight back to draw 3-3 against Australia in Sultan ...
[11:43:27] ✅ [2025-10-21] Scraped: Notice issued to DHA coffee shop for ‘unlawfully using Thai ...
[11:43:27] ✅ [2025-10-21] Scraped: Another Doha pact...
[11:43:32] ✅ [2025-10-21] Scraped: Suicide attack targeting security forces foiled in North Waz...
[11:43:33] ✅ [2025-10-21] Scraped: Spiralling conflict...
[11:43:33] ✅ [2025-10-21] Scraped: Pakistan Cricket Board to finalise new ODI skipper ahead of ...
[11:43:40] ✅ [2025-10-21] Scraped: ‘Fourth Format’ emerges amid fears over future of Test crick...
[11:43:41] ✅ [2025-10-21] Scraped: Now, the hard part...
[11:43:42] ✅ [2025-10-21] Scraped: Make Israel Great Again...
[11:43:47] ✅ [2025-10-21] Scraped: Beyond Baku & Belem...
[11:43:48] ✅ [2025-10-21] Scraped: From SAR to MENAAP...
[11:43:51] 📊 [2025-10-21] Summary: 80 success, 0 failed
