[11:45:53] 📚 [2025-10-22] Processing 81 articles
[11:46:00] ✅ [2025-10-22] Scraped: Planned Barca v Villarreal match in Miami cancelled, says La...
[11:46:00] ✅ [2025-10-22] Scraped: PFF announces signing of MoU with Saudi Arabian Football Fed...
[11:46:01] ✅ [2025-10-22] Scraped: Aurangzeb ‘quite hopeful’ Pakistan can achieve close to 3.5p...
[11:46:10] ✅ [2025-10-22] Scraped: FM Dar, Saudi counterpart discuss Gaza, reaffirm commitment ...
[11:46:10] ✅ [2025-10-22] Scraped: Pak-India rivalry hits the cage as Rizwan meets Rudra Pratap...
[11:46:10] ✅ [2025-10-22] Scraped: After KP CM’s complaints, Naqvi says bulletproof vehicles to...
[11:46:17] ✅ [2025-10-22] Scraped: Muthusamy, Rabada take South Africa into 71-run lead over Pa...
[11:46:18] ✅ [2025-10-22] Scraped: Rawalpindi ATC again issues non-bailable arrest warrant for ...
[11:46:18] ✅ [2025-10-22] Scraped: How Pakistan’s crypto craze has made it a scammer’s paradise...
[11:46:27] ✅ [2025-10-22] Scraped: North Korea fires ballistic missiles as Trump prepares for E...
[11:46:29] ✅ [2025-10-22] Scraped: Justice Ayesha says 26th Amendment does not bar full court f...
[11:46:29] ✅ [2025-10-22] Scraped: US President Trump says he spoke to Modi about having ‘no wa...
[11:46:37] ✅ [2025-10-22] Scraped: Imperial College London refutes Punjab govt’s claims of camp...
[11:46:38] ✅ [2025-10-22] Scraped: Pakistan Navy ship seizes drugs worth nearly $1bn in Arabian...
[11:46:39] ✅ [2025-10-22] Scraped: How agricultural insurance can play pivotal role in mitigati...
[11:46:45] ✅ [2025-10-22] Scraped: PM Shehbaz launches key semiconductor initiative aiming to t...
[11:46:46] ✅ [2025-10-22] Scraped: Editorial: Burdening Shaheen with ODI captaincy may not be t...
[11:46:48] ✅ [2025-10-22] Scraped: Line of contention between Pakistan and Afghanistan...
[11:46:55] ✅ [2025-10-22] Scraped: PSG hit seven, Barcelona, Arsenal run riot as Champions Leag...
[11:46:57] ✅ [2025-10-22] Scraped: LG polls in Islamabad face further delay as another amendmen...
[11:46:57] ✅ [2025-10-22] Scraped: Medicines for Hepatitis C cure arrives from Egypt...
[11:47:03] ✅ [2025-10-22] Scraped: PHC seeks govt response in crematorium case...
[11:47:04] ✅ [2025-10-22] Scraped: Afghan refugees in Lower Dir told to return voluntarily or f...
[11:47:04] ✅ [2025-10-22] Scraped: Pindi declared model district for dengue control as capital ...
[11:47:11] ✅ [2025-10-22] Scraped: KP CM orders public awareness amid upswing in dengue cases...
[11:47:11] ✅ [2025-10-22] Scraped: Deportation of illegal Afghans from Lahore enters ‘final pha...
[11:47:12] ✅ [2025-10-22] Scraped: Face masks declared a must for Punjab traffic police, sanita...
[11:47:21] ✅ [2025-10-22] Scraped: Cable operators seek Punjab govt intervention after Lesco cu...
[11:47:21] ✅ [2025-10-22] Scraped: Pakistan down Bahrain in Asian Youth Games volleyball...
[11:47:21] ✅ [2025-10-22] Scraped: Mikael cruises into ITF Jr tennis quarterfinals...
[11:47:28] ✅ [2025-10-22] Scraped: Sindh govt downplays dengue outbreak, confirms 276 new cases...
[11:47:28] ✅ [2025-10-22] Scraped: No armed group will be allowed to operate in country, declar...
[11:47:29] ✅ [2025-10-22] Scraped: SHC orders police to register FIRs of 2 ‘missing’ MQM-London...
[11:47:37] ✅ [2025-10-22] Scraped: Jobless man in custody ‘for murdering 2 daughters’ in Karach...
[11:47:38] ✅ [2025-10-22] Scraped: Key schemes for Balochistan okayed...
[11:47:39] ✅ [2025-10-22] Scraped: IHC restrains NAB from auctioning Zulfi Bukhari’s property...
[11:47:46] ✅ [2025-10-22] Scraped: Trump begins demolition of White House’s East Wing to prepar...
[11:47:47] ✅ [2025-10-22] Scraped: IHC to hear all pleas on Imran’s jail visitation tomorrow...
[11:47:47] ✅ [2025-10-22] Scraped: Mehmood Khan Achakzai nominated for NA opposition leader...
[11:47:54] ✅ [2025-10-22] Scraped: Delhi gasps after firework frenzy...
[11:47:57] ✅ [2025-10-22] Scraped: Erdogan in Doha with eye on purchase of Qatari Eurofighter j...
[11:47:57] ✅ [2025-10-22] Scraped: Mosquitoes seen in Iceland for first time...
[11:48:05] ✅ [2025-10-22] Scraped: Women’s access to finance expands, says SBP chief...
[11:48:05] ✅ [2025-10-22] Scraped: Giuffre’s memoir goes on sale, piling pressure on Prince And...
[11:48:06] ✅ [2025-10-22] Scraped: Pakistan trade imbalance with 9 states deepens...
[11:48:12] ✅ [2025-10-22] Scraped: Planned Trump-Putin summit unlikely in ‘near future’...
[11:48:12] ✅ [2025-10-22] Scraped: Farmers win wheat price hike, ask for more...
[11:48:12] ✅ [2025-10-22] Scraped: Foreign firms repatriate $752m in July-September...
[11:48:18] ✅ [2025-10-22] Scraped: Gaza ceasefire vital to food delivery, but aid flow far too ...
[11:48:19] ✅ [2025-10-22] Scraped: Punjab flood grant may convince PPP to bury BISP hatchet...
[11:48:20] ✅ [2025-10-22] Scraped: ECP backtracks on Punjab local govt polls...
[11:48:27] ✅ [2025-10-22] Scraped: Canada rediscovers the love for its first national sport...
[11:48:27] ✅ [2025-10-22] Scraped: TLP funders, supporters to face terrorism charges...
[11:48:29] ✅ [2025-10-22] Scraped: Can international law stop wars?...
[11:48:35] ✅ [2025-10-22] Scraped: Notices issued to Adiala jail superintendent, others on KP C...
[11:48:36] ✅ [2025-10-22] Scraped: Mohsin Naqvi adamant on ceremony for Asia Cup trophy handove...
[11:48:36] ✅ [2025-10-22] Scraped: 45 electric buses arrive in Rawalpindi...
[11:48:42] ✅ [2025-10-22] Scraped: Authorities in Punjab closing in on TLP chief’s whereabouts...
[11:48:43] ✅ [2025-10-22] Scraped: Lahore ranks second most polluted city in world in terms of ...
[11:48:44] ✅ [2025-10-22] Scraped: COAS Munir reiterates any violation of Pakistan’s territoria...
[11:48:50] ✅ [2025-10-22] Scraped: Doha truce...
[11:48:50] ✅ [2025-10-22] Scraped: LHC informed CNIC of Arshad ‘chaiwala’ restored after Nadra ...
[11:48:50] ✅ [2025-10-22] Scraped: Pakistan’s JF-17 Block-III jets touch down in Azerbaijan for...
[11:48:57] ✅ [2025-10-22] Scraped: Too many battlefronts...
[11:48:57] ✅ [2025-10-22] Scraped: Trump vows to keep ‘massive’ tariffs on India until Russian ...
[11:48:58] ✅ [2025-10-22] Scraped: Need for safeguards...
[11:49:03] ✅ [2025-10-22] Scraped: AWS outage, cable damage leave net users high and dry...
[11:49:04] ✅ [2025-10-22] Scraped: Modi may face Quad and Brics choice...
[11:49:04] ✅ [2025-10-22] Scraped: Shaheen named Pakistan men’s ODI captain, set to start stint...
[11:49:11] ✅ [2025-10-22] Scraped: Constitutional hero...
[11:49:11] ✅ [2025-10-22] Scraped: Saudi telecom giant launches AI hub in Pakistan...
[11:49:12] ✅ [2025-10-22] Scraped: Veteran Bollywood comedian Asrani passes away at 84 after pr...
[11:49:17] ✅ [2025-10-22] Scraped: Pakistan-Afghanistan peace hinges on Taliban halting incursi...
[11:49:18] ✅ [2025-10-22] Scraped: Beyond Baku & Belem...
[11:49:18] ✅ [2025-10-22] Scraped: Pakistan sells First Women Bank to UAE firm...
[11:49:24] ✅ [2025-10-22] Scraped: Taliban’s new ploy...
[11:49:25] ✅ [2025-10-22] Scraped: Now, the hard part...
[11:49:26] ✅ [2025-10-22] Scraped: Lahore, Karachi among top 5 most polluted cities in world...
[11:49:33] ✅ [2025-10-22] Scraped: Pakistan, Afghanistan agree to immediate ceasefire after Doh...
[11:49:33] ✅ [2025-10-22] Scraped: It’s complex and beautiful...
[11:49:34] ✅ [2025-10-22] Scraped: Nature’s rights...
[11:49:38] 📊 [2025-10-22] Summary: 81 success, 0 failed
