[13:04:11] 📚 [2025-10-21] Processing 85 articles
[13:04:11] ⏭️  [2025-10-21] Already exists: who-says-india-has-much-to-do-on-toxic-cough-syrup-despite-some-progress
[13:04:11] ⏭️  [2025-10-21] Already exists: gb-election-commission-freezes-financial-administrative-powers-of-regional-govt-amid-concern-of-pre-poll-manipulation
[13:04:11] ⏭️  [2025-10-21] Already exists: england-womens-double-world-cup-winner-emily-scarratt-retires-from-rugby
[13:04:15] ⏭️  [2025-10-21] Already exists: top-basketball-european-club-competitions-to-return-to-israel-on-december-1-say-organisers
[13:04:15] ⏭️  [2025-10-21] Already exists: smog-theatre-will-cannons-and-towers-clear-polluted-air
[13:04:15] ⏭️  [2025-10-21] Already exists: 3-civilians-killed-in-muridke-operation-claims-punjab-minister
[13:04:19] ⏭️  [2025-10-21] Already exists: jannik-sinner-skipping-davis-cup-finals-to-focus-on-australian-open-preparations
[13:04:19] ⏭️  [2025-10-21] Already exists: play-resumes-after-rain-interruption-in-pakistans-crucial-womens-world-cup-clash-against-south-africa
[13:04:19] ⏭️  [2025-10-21] Already exists: ke-says-nepra-revision-has-slashed-its-tariff-by-rs76-per-unit-will-have-far-reaching-consequences
[13:04:22] ⏭️  [2025-10-21] Already exists: france-intensifies-hunt-for-louvre-raiders-who-stole-royal-jewels
[13:04:22] ⏭️  [2025-10-21] Already exists: maccabi-tel-aviv-to-decline-tickets-for-european-tie-at-aston-villa
[13:04:22] ⏭️  [2025-10-21] Already exists: lesser-known-parties-withdraw-plea-seeking-to-become-opposition-alliance-ttaps-namesake
[13:04:25] ⏭️  [2025-10-21] Already exists: patient-stubbs-leads-south-africa-fightback-but-pakistan-still-on-top-in-second-test
[13:04:25] ⏭️  [2025-10-21] Already exists: 26th-amendment-case-justice-mazhar-says-regular-constitutional-benches-branches-of-same-tree
[13:04:25] ⏭️  [2025-10-21] Already exists: liquor-and-arms-recovery-case-islamabad-court-issues-arrest-warrant-for-gandapur-over-persistent-no-shows
[13:04:27] ⏭️  [2025-10-21] Already exists: fresh-polio-case-in-kp-takes-this-years-tally-to-30
[13:04:28] ⏭️  [2025-10-21] Already exists: lahore-karachi-among-top-5-most-polluted-cities-in-world
[13:04:28] ⏭️  [2025-10-21] Already exists: china-hawk-sanae-takaichi-named-japans-first-woman-prime-minister
[13:04:32] ⏭️  [2025-10-21] Already exists: 1950303
[13:04:32] ⏭️  [2025-10-21] Already exists: 1950284
[13:04:32] ⏭️  [2025-10-21] Already exists: natures-rights
[13:04:36] ⏭️  [2025-10-21] Already exists: ceasefire-triggers-2436-point-rally-on-psx
[13:04:36] ⏭️  [2025-10-21] Already exists: modi-may-face-quad-and-brics-choice
[13:04:36] ⏭️  [2025-10-21] Already exists: 1950299
[13:04:40] ⏭️  [2025-10-21] Already exists: 1950311
[13:04:40] ⏭️  [2025-10-21] Already exists: 1950310
[13:04:40] ⏭️  [2025-10-21] Already exists: us-australia-sign-pact-on-critical-minerals
[13:04:44] ⏭️  [2025-10-21] Already exists: 1950308
[13:04:45] ⏭️  [2025-10-21] Already exists: khamenei-rules-out-talks-with-bully-trump
[13:04:45] ⏭️  [2025-10-21] Already exists: us-sends-nuke-workers-home-as-shutdown-drags
[13:04:49] ⏭️  [2025-10-21] Already exists: colombia-recalls-ambassador-from-us-after-trumps-drug-remarks
[13:04:49] ⏭️  [2025-10-21] Already exists: first-test-tube-baby-born-in-dera-ismail-khan
[13:04:50] ⏭️  [2025-10-21] Already exists: kp-cm-afridi-vows-to-resist-centres-every-unconstitutional-step
[13:04:54] ⏭️  [2025-10-21] Already exists: population-surge-declared-national-emergency
[13:04:54] ⏭️  [2025-10-21] Already exists: unicef-wants-every-child-immunised-against-polio-amid-drop-in-refusal-cases
[13:04:54] ⏭️  [2025-10-21] Already exists: wb-team-assesses-achievements-of-400m-higher-education-project
[13:04:58] ⏭️  [2025-10-21] Already exists: notices-issued-to-14-medical-colleges-for-overcharging-fee-pmdc
[13:04:58] ⏭️  [2025-10-21] Already exists: report-sought-on-posting-of-ptv-md
[13:04:58] ⏭️  [2025-10-21] Already exists: search-committee-receives-750-applications-for-hec-chairman-post
[13:05:02] ⏭️  [2025-10-21] Already exists: doctor-arrested-in-sargodha-for-torture-of-house-help
[13:05:02] ⏭️  [2025-10-21] Already exists: minor-burnt-after-being-thrown-into-popcorn-furnace-in-sheikhpura
[13:05:02] ⏭️  [2025-10-21] Already exists: hindu-community-celebrates-diwali-with-joy-and-tradition-in-sindh
[13:05:07] ⏭️  [2025-10-21] Already exists: karachi-police-make-first-arrest-using-facial-recognition-technology
[13:05:07] ⏭️  [2025-10-21] Already exists: murad-approves-expansion-of-safe-city-project-to-karachis-dha-other-areas
[13:05:07] ⏭️  [2025-10-21] Already exists: haaland-kane-and-mbappe-battle-to-be-europes-best
[13:05:09] ⏭️  [2025-10-21] Already exists: justice-mulakhail-takes-oath-as-acting-bhc-cj
[13:05:09] ⏭️  [2025-10-21] Already exists: balochistan-assembly-adopts-resolution-against-killing-of-mpas-brother
[13:05:10] ⏭️  [2025-10-21] Already exists: balochistan-levies-suspends-six-personnel-over-fake-promotions
[13:05:13] ⏭️  [2025-10-21] Already exists: ihc-to-hear-bars-plea-on-justice-jahangiris-appointment
[13:05:13] ⏭️  [2025-10-21] Already exists: 8-militants-gunned-down-in-dera-ismail-khan
[13:05:13] ⏭️  [2025-10-21] Already exists: pia-gearing-up-for-direct-us-flights-says-aviation-minister
[13:05:17] ⏭️  [2025-10-21] Already exists: court-allows-trump-to-deploy-soldiers-in-portland
[13:05:17] ⏭️  [2025-10-21] Already exists: mediators-scramble-to-salvage-gaza-truce
[13:05:17] ⏭️  [2025-10-21] Already exists: commission-being-formed-to-protect-minority-rights
[13:05:22] ⏭️  [2025-10-21] Already exists: athapaththu-conjures-miracle-as-sri-lanka-snatch-victory-over-bangladesh
[13:05:22] ⏭️  [2025-10-21] Already exists: 45-electric-buses-arrive-in-rawalpindi
[13:05:22] ⏭️  [2025-10-21] Already exists: pakistan-afghanistan-agree-to-immediate-ceasefire-after-doha-talks-defence-minister
[13:05:26] ⏭️  [2025-10-21] Already exists: pakistan-sells-first-women-bank-to-uae-firm
[13:05:26] ⏭️  [2025-10-21] Already exists: lahore-ranks-second-most-polluted-city-in-world-in-terms-of-air-quality
[13:05:26] ⏭️  [2025-10-21] Already exists: pakistans-jf-17-block-iii-jets-touch-down-in-azerbaijan-for-bilateral-aerial-combat-exercise
[13:05:29] ⏭️  [2025-10-21] Already exists: notices-issued-to-adiala-jail-superintendent-others-on-kp-cms-plea-seeking-meeting-with-imran
[13:05:30] ⏭️  [2025-10-21] Already exists: suparco-launches-countrys-first-hyperspectral-satellite
[13:05:30] ⏭️  [2025-10-21] Already exists: authorities-in-punjab-closing-in-on-tlp-chiefs-whereabouts
[13:05:32] ⏭️  [2025-10-21] Already exists: need-for-safeguards
[13:05:32] ⏭️  [2025-10-21] Already exists: why-are-multinationals-exiting-pakistan
[13:05:32] ⏭️  [2025-10-21] Already exists: talibans-new-ploy
[13:05:35] ⏭️  [2025-10-21] Already exists: trump-vows-to-keep-massive-tariffs-on-india-until-russian-oil-imports-cease
[13:05:36] ⏭️  [2025-10-21] Already exists: pakistan-fall-to-great-britain-end-fourth-in-sultan-of-johor-cup
[13:05:36] ⏭️  [2025-10-21] Already exists: measured-response
[13:05:40] ⏭️  [2025-10-21] Already exists: lhc-informed-cnic-of-arshad-chaiwala-restored-after-nadra-verification
[13:05:40] ⏭️  [2025-10-21] Already exists: pakistan-cricket-board-to-finalise-new-odi-skipper-ahead-of-south-africa-series
[13:05:40] ⏭️  [2025-10-21] Already exists: saudi-telecom-giant-launches-ai-hub-in-pakistan
[13:05:44] ⏭️  [2025-10-21] Already exists: shaheen-named-pakistan-mens-odi-captain-set-to-start-stint-with-south-africa-series
[13:05:44] ⏭️  [2025-10-21] Already exists: another-doha-pact
[13:05:44] ⏭️  [2025-10-21] Already exists: kp-cm-afridi-calls-for-a-grand-peace-jirgah-on-oct-25
[13:05:48] ⏭️  [2025-10-21] Already exists: doha-truce
[13:05:48] ⏭️  [2025-10-21] Already exists: now-the-hard-part
[13:05:48] ⏭️  [2025-10-21] Already exists: veteran-bollywood-comedian-asrani-passes-away-at-84-after-prolonged-illness
[13:05:51] ⏭️  [2025-10-21] Already exists: zimbabwe-roped-in-after-afghanistan-pulls-out-of-upcoming-tri-nation-series
[13:05:51] ⏭️  [2025-10-21] Already exists: beyond-baku-belem
[13:05:51] ⏭️  [2025-10-21] Already exists: only-positive-way-forward-is-for-afghanistan-to-abide-by-doha-agreement-talal-chaudhry
[13:05:54] ⏭️  [2025-10-21] Already exists: make-israel-great-again
[13:05:54] ⏭️  [2025-10-21] Already exists: shift-in-kabul-ties-imminent-as-more-terror-hideouts-hit
[13:05:54] ⏭️  [2025-10-21] Already exists: no-space-for-war-in-nuclearised-environment-coas-munir-cautions-india
[13:05:58] ⏭️  [2025-10-21] Already exists: from-sar-to-menaap
[13:06:02] 📊 [2025-10-21] Summary: 85 success, 0 failed
