[02:05:48] [📅 Processing LIST for: 2025-11-02] (36 items)
[02:05:48] ⏭️  [2025-11-02] Already exists: 2025-11-02_3b92da9f1089171063ccce1fe1b548fa.json
[02:05:48] ⏭️  [2025-11-02] Already exists: 2025-11-02_4d49f4b09fdf554066cfc22cec12ea56.json
[02:05:48] ⏭️  [2025-11-02] Already exists: 2025-11-02_bcf3165f8f3e7504aa52f909bfccc59e.json
[02:05:48] ⏭️  [2025-11-02] Already exists: 2025-11-02_1c1d9373128a29cdf7dc552d81dc6f17.json
[02:05:48] ⏭️  [2025-11-02] Already exists: 2025-11-02_44a0d2c4224cd197c0427e15bf457620.json
[02:05:48] ⏭️  [2025-11-02] Already exists: 2025-11-02_2f8a0908660dec25d7f1403cceee0884.json
[02:05:48] ⏭️  [2025-11-02] Already exists: 2025-11-02_159ed3c1aa18acf08666d709d034ee01.json
[02:05:48] ⏭️  [2025-11-02] Already exists: 2025-11-02_5333c5f3937d2a0c28511d31352748b7.json
[02:05:50] ⏭️  [2025-11-02] Already exists: 2025-11-02_256b38d56aa5e03f6d542895db987183.json
[02:05:50] ⏭️  [2025-11-02] Already exists: 2025-11-02_1b0110dd11aed08ccdf484cf9ecc0a6b.json
[02:05:50] ⏭️  [2025-11-02] Already exists: 2025-11-02_45cb7ffe15126af0ad7879b050d7918c.json
[02:05:50] ⏭️  [2025-11-02] Already exists: 2025-11-02_75eb513c2826a4ef74cb6629e4340c3a.json
[02:05:50] ⏭️  [2025-11-02] Already exists: 2025-11-02_9e7d72b59359ba66a7d6dd6fa94cd727.json
[02:05:50] ⏭️  [2025-11-02] Already exists: 2025-11-02_b6539ad3f59dd06bff5410c208c9a249.json
[02:05:50] ⏭️  [2025-11-02] Already exists: 2025-11-02_b3a5afdb7c859acfe0dcb400c96a0909.json
[02:05:50] ⏭️  [2025-11-02] Already exists: 2025-11-02_c6a61597e3ef2f3676b2fa907543d7a9.json
[02:05:52] ⏭️  [2025-11-02] Already exists: 2025-11-02_385cb6e71eb0b580d001aa24c634a5e6.json
[02:05:52] ⏭️  [2025-11-02] Already exists: 2025-11-02_e7517de1c4579da543ac39a35856771e.json
[02:05:52] ⏭️  [2025-11-02] Already exists: 2025-11-02_1e1709655e0e1ecf1474030bebb03eea.json
[02:05:52] ⏭️  [2025-11-02] Already exists: 2025-11-02_48c2f17a969a96d0532fc1be1c0a39ae.json
[02:05:52] ⏭️  [2025-11-02] Already exists: 2025-11-02_00f00228d44fcaf3e038783236803f5b.json
[02:05:52] ⏭️  [2025-11-02] Already exists: 2025-11-02_ef98cea882ce0ac751990582058e0855.json
[02:05:52] ⏭️  [2025-11-02] Already exists: 2025-11-02_66e6a3f83b1eb49b728a1cfb4b78b21e.json
[02:05:52] ⏭️  [2025-11-02] Already exists: 2025-11-02_2b9de7ddfe5c4728c77f4471cdf63439.json
[02:05:54] ⏭️  [2025-11-02] Already exists: 2025-11-02_813091e9a1136c65bbc1109fdd92b871.json
[02:05:54] ⏭️  [2025-11-02] Already exists: 2025-11-02_a3b614f407bd8125d7e46341e05a7e8c.json
[02:05:54] ⏭️  [2025-11-02] Already exists: 2025-11-02_0490d67b5a6af907350448d3d5dcc533.json
[02:05:54] ⏭️  [2025-11-02] Already exists: 2025-11-02_fc69f6e1ec77fa7a05e9d302d9302b73.json
[02:05:54] ⏭️  [2025-11-02] Already exists: 2025-11-02_1b06f659b932a2ee72bc865ed5c77e00.json
[02:05:54] ⏭️  [2025-11-02] Already exists: 2025-11-02_a5c0cd7d210386f1898ac6db7c30ed69.json
[02:05:54] ⏭️  [2025-11-02] Already exists: 2025-11-02_92dd5df1e8c879a32f38e3b792105994.json
[02:05:54] ⏭️  [2025-11-02] Already exists: 2025-11-02_b1b6bcf17a291ece465715d5c350f52c.json
[02:05:56] ⏭️  [2025-11-02] Already exists: 2025-11-02_d4180a386f66db1fc86ef58ab03940ba.json
[02:05:56] ⏭️  [2025-11-02] Already exists: 2025-11-02_4323b7cdc8e3b0885a20cd5a5ca27202.json
[02:05:56] ⏭️  [2025-11-02] Already exists: 2025-11-02_ef027d84fe63174d4719f2853e69cf31.json
[02:05:56] ⏭️  [2025-11-02] Already exists: 2025-11-02_53fa12cbc9296a31e283f862f75437c9.json
[02:05:58] 🎯 Finished 2025-11-02
[02:05:58]    📊 Success: 0 | Skipped: 36 | Failed: 0 | Total: 36
[02:05:58]    📝 Avg content length: 0 chars
[02:05:58] ✅ DAWN article scraping completed.
[02:05:58] 📊 Final Stats:
{
  "2025-11-02": {
    "success": 0,
    "failed": 0,
    "skipped": 36,
    "total": 36,
    "avgContentLength": 0
  }
}
