[20:05:27] 📚 [2025-10-21] Processing 95 articles
[20:05:33] ✅ [2025-10-21] Scraped: ‘Situation fully under control’: Ogra rubbishes reports of f...
[20:05:34] ✅ [2025-10-21] Scraped: Tremors of 5.3-magnitude felt in twin cities, northern areas...
[20:05:34] ✅ [2025-10-21] Scraped: Former French president Sarkozy starts 5-year prison sentenc...
[20:05:41] ✅ [2025-10-21] Scraped: Centre asks Punjab to facilitate Imran–CM Afridi meeting for...
[20:05:42] ✅ [2025-10-21] Scraped: Talal terms KP govt’s inaction against terrorism ploy for ‘p...
[20:05:42] ✅ [2025-10-21] Scraped: Squash ace Noor Zaman reaches career high world ranking of 3...
[20:05:48] ✅ [2025-10-21] Scraped: India restores embassy in Afghanistan as ties improve...
[20:05:49] ✅ [2025-10-21] Scraped: Mohsin Naqvi adamant on ceremony for Asia Cup trophy handove...
[20:05:50] ✅ [2025-10-21] Scraped: Two SC judges warn new code of conduct will restrict judicia...
[20:05:54] ⏭️  [2025-10-21] Already exists: who-says-india-has-much-to-do-on-toxic-cough-syrup-despite-some-progress
[20:05:56] ✅ [2025-10-21] Scraped: Shrinking habitats, rising poaching push Pakistan’s bears to...
[20:05:57] ✅ [2025-10-21] Scraped: COAS Munir reiterates any violation of Pakistan’s territoria...
[20:06:00] ⏭️  [2025-10-21] Already exists: 3-civilians-killed-in-muridke-operation-claims-punjab-minister
[20:06:00] ⏭️  [2025-10-21] Already exists: england-womens-double-world-cup-winner-emily-scarratt-retires-from-rugby
[20:06:03] ✅ [2025-10-21] Scraped: GB election commission freezes financial, administrative pow...
[20:06:06] ⏭️  [2025-10-21] Already exists: smog-theatre-will-cannons-and-towers-clear-polluted-air
[20:06:06] ⏭️  [2025-10-21] Already exists: top-basketball-european-club-competitions-to-return-to-israel-on-december-1-say-organisers
[20:06:06] ⏭️  [2025-10-21] Already exists: jannik-sinner-skipping-davis-cup-finals-to-focus-on-australian-open-preparations
[20:06:10] ⏭️  [2025-10-21] Already exists: france-intensifies-hunt-for-louvre-raiders-who-stole-royal-jewels
[20:06:13] ✅ [2025-10-21] Scraped: Pakistan crash out of Women’s World Cup after crushing defea...
[20:06:14] ✅ [2025-10-21] Scraped: KE says Nepra revision has slashed its tariff by Rs7.6/kWh, ...
[20:06:18] ⏭️  [2025-10-21] Already exists: lesser-known-parties-withdraw-plea-seeking-to-become-opposition-alliance-ttaps-namesake
[20:06:21] ✅ [2025-10-21] Scraped: Aston Villa warn fans against showing political messages for...
[20:06:22] ✅ [2025-10-21] Scraped: Maharaj takes seven wickets with South Africa-Pakistan secon...
[20:06:25] ⏭️  [2025-10-21] Already exists: fresh-polio-case-in-kp-takes-this-years-tally-to-30
[20:06:25] ⏭️  [2025-10-21] Already exists: 26th-amendment-case-justice-mazhar-says-regular-constitutional-benches-branches-of-same-tree
[20:06:26] ⏭️  [2025-10-21] Already exists: liquor-and-arms-recovery-case-islamabad-court-issues-arrest-warrant-for-gandapur-over-persistent-no-shows
[20:06:29] ⏭️  [2025-10-21] Already exists: lahore-karachi-among-top-5-most-polluted-cities-in-world
[20:06:29] ⏭️  [2025-10-21] Already exists: china-hawk-sanae-takaichi-named-japans-first-woman-prime-minister
[20:06:29] ⏭️  [2025-10-21] Already exists: natures-rights
[20:06:33] ⏭️  [2025-10-21] Already exists: 1950284
[20:06:33] ⏭️  [2025-10-21] Already exists: 1950303
[20:06:33] ⏭️  [2025-10-21] Already exists: 1950299
[20:06:37] ⏭️  [2025-10-21] Already exists: ceasefire-triggers-2436-point-rally-on-psx
[20:06:37] ⏭️  [2025-10-21] Already exists: modi-may-face-quad-and-brics-choice
[20:06:37] ⏭️  [2025-10-21] Already exists: 1950310
[20:06:39] ⏭️  [2025-10-21] Already exists: us-australia-sign-pact-on-critical-minerals
[20:06:39] ⏭️  [2025-10-21] Already exists: khamenei-rules-out-talks-with-bully-trump
[20:06:40] ⏭️  [2025-10-21] Already exists: 1950311
[20:06:43] ⏭️  [2025-10-21] Already exists: 1950308
[20:06:43] ⏭️  [2025-10-21] Already exists: us-sends-nuke-workers-home-as-shutdown-drags
[20:06:44] ⏭️  [2025-10-21] Already exists: colombia-recalls-ambassador-from-us-after-trumps-drug-remarks
[20:06:48] ⏭️  [2025-10-21] Already exists: kp-cm-afridi-vows-to-resist-centres-every-unconstitutional-step
[20:06:48] ⏭️  [2025-10-21] Already exists: first-test-tube-baby-born-in-dera-ismail-khan
[20:06:48] ⏭️  [2025-10-21] Already exists: unicef-wants-every-child-immunised-against-polio-amid-drop-in-refusal-cases
[20:06:52] ⏭️  [2025-10-21] Already exists: notices-issued-to-14-medical-colleges-for-overcharging-fee-pmdc
[20:06:52] ⏭️  [2025-10-21] Already exists: wb-team-assesses-achievements-of-400m-higher-education-project
[20:06:53] ⏭️  [2025-10-21] Already exists: population-surge-declared-national-emergency
[20:06:56] ⏭️  [2025-10-21] Already exists: report-sought-on-posting-of-ptv-md
[20:06:55] ⏭️  [2025-10-21] Already exists: doctor-arrested-in-sargodha-for-torture-of-house-help
[20:06:55] ⏭️  [2025-10-21] Already exists: search-committee-receives-750-applications-for-hec-chairman-post
[20:06:59] ⏭️  [2025-10-21] Already exists: murad-approves-expansion-of-safe-city-project-to-karachis-dha-other-areas
[20:06:59] ⏭️  [2025-10-21] Already exists: hindu-community-celebrates-diwali-with-joy-and-tradition-in-sindh
[20:06:59] ⏭️  [2025-10-21] Already exists: minor-burnt-after-being-thrown-into-popcorn-furnace-in-sheikhpura
[20:07:03] ⏭️  [2025-10-21] Already exists: karachi-police-make-first-arrest-using-facial-recognition-technology
[20:07:03] ⏭️  [2025-10-21] Already exists: justice-mulakhail-takes-oath-as-acting-bhc-cj
[20:07:03] ⏭️  [2025-10-21] Already exists: haaland-kane-and-mbappe-battle-to-be-europes-best
[20:07:07] ⏭️  [2025-10-21] Already exists: balochistan-assembly-adopts-resolution-against-killing-of-mpas-brother
[20:07:08] ⏭️  [2025-10-21] Already exists: 8-militants-gunned-down-in-dera-ismail-khan
[20:07:08] ⏭️  [2025-10-21] Already exists: balochistan-levies-suspends-six-personnel-over-fake-promotions
[20:07:10] ⏭️  [2025-10-21] Already exists: commission-being-formed-to-protect-minority-rights
[20:07:11] ⏭️  [2025-10-21] Already exists: ihc-to-hear-bars-plea-on-justice-jahangiris-appointment
[20:07:11] ⏭️  [2025-10-21] Already exists: pia-gearing-up-for-direct-us-flights-says-aviation-minister
[20:07:15] ⏭️  [2025-10-21] Already exists: mediators-scramble-to-salvage-gaza-truce
[20:07:15] ⏭️  [2025-10-21] Already exists: athapaththu-conjures-miracle-as-sri-lanka-snatch-victory-over-bangladesh
[20:07:15] ⏭️  [2025-10-21] Already exists: court-allows-trump-to-deploy-soldiers-in-portland
[20:07:18] ⏭️  [2025-10-21] Already exists: 45-electric-buses-arrive-in-rawalpindi
[20:07:18] ⏭️  [2025-10-21] Already exists: pakistan-sells-first-women-bank-to-uae-firm
[20:07:18] ⏭️  [2025-10-21] Already exists: pakistans-jf-17-block-iii-jets-touch-down-in-azerbaijan-for-bilateral-aerial-combat-exercise
[20:07:22] ⏭️  [2025-10-21] Already exists: lahore-ranks-second-most-polluted-city-in-world-in-terms-of-air-quality
[20:07:22] ⏭️  [2025-10-21] Already exists: notices-issued-to-adiala-jail-superintendent-others-on-kp-cms-plea-seeking-meeting-with-imran
[20:07:22] ⏭️  [2025-10-21] Already exists: pakistan-afghanistan-agree-to-immediate-ceasefire-after-doha-talks-defence-minister
[20:07:26] ⏭️  [2025-10-21] Already exists: suparco-launches-countrys-first-hyperspectral-satellite
[20:07:26] ⏭️  [2025-10-21] Already exists: authorities-in-punjab-closing-in-on-tlp-chiefs-whereabouts
[20:07:26] ⏭️  [2025-10-21] Already exists: need-for-safeguards
[20:07:29] ⏭️  [2025-10-21] Already exists: talibans-new-ploy
[20:07:29] ⏭️  [2025-10-21] Already exists: trump-vows-to-keep-massive-tariffs-on-india-until-russian-oil-imports-cease
[20:07:29] ⏭️  [2025-10-21] Already exists: why-are-multinationals-exiting-pakistan
[20:07:32] ⏭️  [2025-10-21] Already exists: measured-response
[20:07:32] ⏭️  [2025-10-21] Already exists: lhc-informed-cnic-of-arshad-chaiwala-restored-after-nadra-verification
[20:07:33] ⏭️  [2025-10-21] Already exists: doha-truce
[20:07:36] ⏭️  [2025-10-21] Already exists: saudi-telecom-giant-launches-ai-hub-in-pakistan
[20:07:37] ⏭️  [2025-10-21] Already exists: pakistan-cricket-board-to-finalise-new-odi-skipper-ahead-of-south-africa-series
[20:07:37] ⏭️  [2025-10-21] Already exists: pakistan-fall-to-great-britain-end-fourth-in-sultan-of-johor-cup
[20:07:40] ⏭️  [2025-10-21] Already exists: kp-cm-afridi-calls-for-a-grand-peace-jirgah-on-oct-25
[20:07:40] ⏭️  [2025-10-21] Already exists: shaheen-named-pakistan-mens-odi-captain-set-to-start-stint-with-south-africa-series
[20:07:40] ⏭️  [2025-10-21] Already exists: another-doha-pact
[20:07:43] ⏭️  [2025-10-21] Already exists: now-the-hard-part
[20:07:43] ⏭️  [2025-10-21] Already exists: veteran-bollywood-comedian-asrani-passes-away-at-84-after-prolonged-illness
[20:07:46] ✅ [2025-10-21] Scraped: Too many battlefronts...
[20:07:50] ⏭️  [2025-10-21] Already exists: zimbabwe-roped-in-after-afghanistan-pulls-out-of-upcoming-tri-nation-series
[20:07:50] ⏭️  [2025-10-21] Already exists: shift-in-kabul-ties-imminent-as-more-terror-hideouts-hit
[20:07:50] ⏭️  [2025-10-21] Already exists: beyond-baku-belem
[20:07:54] ⏭️  [2025-10-21] Already exists: make-israel-great-again
[20:07:54] ⏭️  [2025-10-21] Already exists: from-sar-to-menaap
[20:07:56] 📊 [2025-10-21] Summary: 95 success, 0 failed
