[15:58:30] [📅 Processing LIST for: 2025-10-26] (88 items)
[15:58:30] ⏭️  [2025-10-26] Already exists: 2025-10-26_fc73727367046e50f6d485c32656e044.json
[15:58:30] ⏭️  [2025-10-26] Already exists: 2025-10-26_550d92125c084eb0b2d518fd8726ad41.json
[15:58:30] ⏭️  [2025-10-26] Already exists: 2025-10-26_d80050c341222158a10ac9a77b231009.json
[15:58:30] ⏭️  [2025-10-26] Already exists: 2025-10-26_69836c960fd2a40f272ffca21eeb639b.json
[15:58:30] ⏭️  [2025-10-26] Already exists: 2025-10-26_58a6a076e3d6b86a396de70c5516914e.json
[15:58:30] ⏭️  [2025-10-26] Already exists: 2025-10-26_39f4120c9ed4720977a9be54a4f0aa8f.json
[15:58:30] ⏭️  [2025-10-26] Already exists: 2025-10-26_07a3937f3c4d9ef4cf7382df1a49e70a.json
[15:58:30] ⏭️  [2025-10-26] Already exists: 2025-10-26_7dc2c118f652fee9d4bae9785c33d57f.json
[15:58:32] ⏭️  [2025-10-26] Already exists: 2025-10-26_7c1986813220d77f97aa885a32c9ae3b.json
[15:58:32] ⏭️  [2025-10-26] Already exists: 2025-10-26_e23f0ab71fda67ec8ecd91586449c8a4.json
[15:58:32] ⏭️  [2025-10-26] Already exists: 2025-10-26_41cda68db94d93ce6cc4e625dbd3883c.json
[15:58:32] ⏭️  [2025-10-26] Already exists: 2025-10-26_1793dc6fa1a1405bc3770d913c177c94.json
[15:58:32] ⏭️  [2025-10-26] Already exists: 2025-10-26_ed04d0edc5541680881df040d1938ac8.json
[15:58:32] ⏭️  [2025-10-26] Already exists: 2025-10-26_55a37bd95b817a23204e61329b7cf8df.json
[15:58:32] ⏭️  [2025-10-26] Already exists: 2025-10-26_df74c9993125d536818586d7dd09999f.json
[15:58:32] ⏭️  [2025-10-26] Already exists: 2025-10-26_60fb1531abd9b5366be12f348aa0a8ba.json
[15:58:33] ⏭️  [2025-10-26] Already exists: 2025-10-26_356bd28b6a5298890a8ce3e32a83ec55.json
[15:58:33] ⏭️  [2025-10-26] Already exists: 2025-10-26_b7f2d75a59869620c794283634e2788e.json
[15:58:33] ⏭️  [2025-10-26] Already exists: 2025-10-26_b54b4059595bc90d9c100d10b4262e4e.json
[15:58:33] ⏭️  [2025-10-26] Already exists: 2025-10-26_6d5ef3fadb1957896054a519748d065a.json
[15:58:33] ⏭️  [2025-10-26] Already exists: 2025-10-26_0a216c99dc36b2f0655b7de9db41b7b1.json
[15:58:33] ⏭️  [2025-10-26] Already exists: 2025-10-26_897e5ba62df862eaff7374aefcba9b4b.json
[15:58:33] ⏭️  [2025-10-26] Already exists: 2025-10-26_5e71325ad19515016002ec60a55b4e9f.json
[15:58:33] ⏭️  [2025-10-26] Already exists: 2025-10-26_23dd36b6706791119ab185f8762ed780.json
[15:58:35] ⏭️  [2025-10-26] Already exists: 2025-10-26_92cad7146a7ad43b421d69c79dc55e47.json
[15:58:35] ⏭️  [2025-10-26] Already exists: 2025-10-26_e8b76156984609154e1b913c3b2ccf41.json
[15:58:35] ⏭️  [2025-10-26] Already exists: 2025-10-26_5742b98e9b6c43827a892365cfdf3a00.json
[15:58:35] ⏭️  [2025-10-26] Already exists: 2025-10-26_c4e5dc1eb5cdcf1aaf443d1b34bed3a0.json
[15:58:35] ⏭️  [2025-10-26] Already exists: 2025-10-26_74649cfe04ca573eb4c9e4570808f6c6.json
[15:58:35] ⏭️  [2025-10-26] Already exists: 2025-10-26_be9bfbbcb58c77092c5e4e749c1b68fa.json
[15:58:35] ⏭️  [2025-10-26] Already exists: 2025-10-26_9113fe46dac2f468a8ba74a3176d5963.json
[15:58:35] ⏭️  [2025-10-26] Already exists: 2025-10-26_11d7b79c504cc4c3f251f60a13494eee.json
[15:58:37] ⏭️  [2025-10-26] Already exists: 2025-10-26_3ea97d607143b4b5d7af02cfca52f2a3.json
[15:58:37] ⏭️  [2025-10-26] Already exists: 2025-10-26_3a61ed06ab7723e5b69368d98cfecb6c.json
[15:58:37] ⏭️  [2025-10-26] Already exists: 2025-10-26_231cb92adf1d93d857b7281a1e0ddc02.json
[15:58:37] ⏭️  [2025-10-26] Already exists: 2025-10-26_5364d053dea2fe8726f0237b07920e7e.json
[15:58:37] ⏭️  [2025-10-26] Already exists: 2025-10-26_5794fa272c4da0aae5f18490d941a817.json
[15:58:37] ⏭️  [2025-10-26] Already exists: 2025-10-26_befb96e1782336e18cca9c695c041a27.json
[15:58:37] ⏭️  [2025-10-26] Already exists: 2025-10-26_e33c00515f4c136598c985c9e0d18bdb.json
[15:58:37] ⏭️  [2025-10-26] Already exists: 2025-10-26_e4dc868e4fe04b5363c11c45e43d6e77.json
[15:58:39] ⏭️  [2025-10-26] Already exists: 2025-10-26_ef0cbd9cba47645c025cae3a996bedaa.json
[15:58:39] ⏭️  [2025-10-26] Already exists: 2025-10-26_4f40103649a76c9c5f754f43ac6c205c.json
[15:58:39] ⏭️  [2025-10-26] Already exists: 2025-10-26_2f504c200e300269b2b81cf756df8397.json
[15:58:39] ⏭️  [2025-10-26] Already exists: 2025-10-26_fdd6738986f3cb174fa17fc6119043e4.json
[15:58:39] ⏭️  [2025-10-26] Already exists: 2025-10-26_3a43949a1bdd72c2c9cf909662bcd5c2.json
[15:58:39] ⏭️  [2025-10-26] Already exists: 2025-10-26_9767f07f7bed5c247daf6d8774f3930d.json
[15:58:39] ⏭️  [2025-10-26] Already exists: 2025-10-26_6e750177c6e4dcdc3e71a6e45a53b77e.json
[15:58:39] ⏭️  [2025-10-26] Already exists: 2025-10-26_466cb4957d267de866813cbc45dcb1b5.json
[15:58:40] ⏭️  [2025-10-26] Already exists: 2025-10-26_fb62719136fb93fe05deea5060543d08.json
[15:58:40] ⏭️  [2025-10-26] Already exists: 2025-10-26_e2c8f5cb2f048236eb711992a9023172.json
[15:58:40] ⏭️  [2025-10-26] Already exists: 2025-10-26_fc9eaab5b2b4bdc629fde36bbe269504.json
[15:58:40] ⏭️  [2025-10-26] Already exists: 2025-10-26_5c4492607cc928dd1f25728cdbc28403.json
[15:58:40] ⏭️  [2025-10-26] Already exists: 2025-10-26_904952d98d048a4817c165694a0ed8d9.json
[15:58:40] ⏭️  [2025-10-26] Already exists: 2025-10-26_b09b6b025e7088144772f2700fa2d854.json
[15:58:40] ⏭️  [2025-10-26] Already exists: 2025-10-26_3821f0c3fdbeeb8f35e411018ec2df97.json
[15:58:40] ⏭️  [2025-10-26] Already exists: 2025-10-26_7ff8a7368c559fb77e89dac7dfc2218c.json
[15:58:42] ⏭️  [2025-10-26] Already exists: 2025-10-26_94f9c3456658de0d044a2f8e94a1e10d.json
[15:58:42] ⏭️  [2025-10-26] Already exists: 2025-10-26_1ccddb9914e47a1fe5457d7afd2f2420.json
[15:58:42] ⏭️  [2025-10-26] Already exists: 2025-10-26_534df19a0353af90e9596c6423d6a68a.json
[15:58:42] ⏭️  [2025-10-26] Already exists: 2025-10-26_8c02a1b194a6139aec616e1f0bf83ec5.json
[15:58:42] ⏭️  [2025-10-26] Already exists: 2025-10-26_2f057ff6113f51fdc3ac96e9d7dd7f05.json
[15:58:42] ⏭️  [2025-10-26] Already exists: 2025-10-26_0d9a3e5536f35e8edbf60532e47b9b8a.json
[15:58:42] ⏭️  [2025-10-26] Already exists: 2025-10-26_b68be6af7c3c4328e7e62e5484c5977a.json
[15:58:42] ⏭️  [2025-10-26] Already exists: 2025-10-26_336aaf281cad504444a261c80b0e2f4d.json
[15:58:43] ⏭️  [2025-10-26] Already exists: 2025-10-26_6d30c54f86b131bd47fa828c3d311bcd.json
[15:58:43] ⏭️  [2025-10-26] Already exists: 2025-10-26_19094156f4a2e597d31476fdb5b652fd.json
[15:58:43] ⏭️  [2025-10-26] Already exists: 2025-10-26_dc43ae09ea504fbe24aa71f6325f23e0.json
[15:58:43] ⏭️  [2025-10-26] Already exists: 2025-10-26_d4a617c2a745d87f9b3057af6189ab10.json
[15:58:43] ⏭️  [2025-10-26] Already exists: 2025-10-26_0a02521881d1ce1b8a3d81100fe6e0c1.json
[15:58:43] ⏭️  [2025-10-26] Already exists: 2025-10-26_aff24762b6046b8b4a3a9e76e11a21da.json
[15:58:43] ⏭️  [2025-10-26] Already exists: 2025-10-26_bcb89942b9b75c827ccfed91ed6c15ef.json
[15:58:43] ⏭️  [2025-10-26] Already exists: 2025-10-26_40929c789f8e4f1dfb0a41e38297f23f.json
[15:58:45] ⏭️  [2025-10-26] Already exists: 2025-10-26_824a644a4e90542b756ef6fd9a2e0313.json
[15:58:45] ⏭️  [2025-10-26] Already exists: 2025-10-26_962a378480fb4c94e3b22af0b71d5a24.json
[15:58:45] ⏭️  [2025-10-26] Already exists: 2025-10-26_23916757d5213b354b9f1aa17c87584c.json
[15:58:45] ⏭️  [2025-10-26] Already exists: 2025-10-26_a69bffa13097518160bf056475e485c5.json
[15:58:45] ⏭️  [2025-10-26] Already exists: 2025-10-26_2ae6656b4f4e5799cef29ef2d4de0c80.json
[15:58:45] ⏭️  [2025-10-26] Already exists: 2025-10-26_37c7cdad5a51021ab3d0dbb9e6983d3d.json
[15:58:45] ⏭️  [2025-10-26] Already exists: 2025-10-26_af00065404df42866cacec41862fc3bc.json
[15:58:45] ⏭️  [2025-10-26] Already exists: 2025-10-26_b3a171e99e80f34d720672645f2da1fd.json
[15:58:47] ⏭️  [2025-10-26] Already exists: 2025-10-26_8d300468fa2785eb99153dd0d4689ba1.json
[15:58:47] ⏭️  [2025-10-26] Already exists: 2025-10-26_3a04738b6b2854439abf32f5e8ba2154.json
[15:58:47] ⏭️  [2025-10-26] Already exists: 2025-10-26_7f74b13b3a35e08fa045c128427c1bbb.json
[15:58:47] ⏭️  [2025-10-26] Already exists: 2025-10-26_ae67e28fa9bb6da3465ba2f5ac91ff0c.json
[15:58:47] ⏭️  [2025-10-26] Already exists: 2025-10-26_73cc18b37c8419aef1e92faa1ea4a132.json
[15:58:47] ⏭️  [2025-10-26] Already exists: 2025-10-26_7d9038f5118670180f1e92086e92d2e9.json
[15:58:47] ⏭️  [2025-10-26] Already exists: 2025-10-26_53979c0a1322048a56b6b7f729ccf4f1.json
[15:58:47] ⏭️  [2025-10-26] Already exists: 2025-10-26_0a9401f97ceb92a24bd5a11fa1476917.json
[15:58:49] 🎯 Finished 2025-10-26
[15:58:49]    📊 Success: 0 | Skipped: 88 | Failed: 0 | Total: 88
[15:58:49]    📝 Avg content length: 0 chars
[15:58:49] ✅ DAWN article scraping completed.
[15:58:49] 📊 Final Stats:
{
  "2025-10-26": {
    "success": 0,
    "failed": 0,
    "skipped": 88,
    "total": 88,
    "avgContentLength": 0
  }
}
