[23:13:19] [📅 Processing LIST for: 2025-11-02] (100 items)
[23:13:19] ⏭️  [2025-11-02] Already exists: 2025-11-02_871cb664ff018d876fa33a7ce3097d36.json
[23:13:19] ⏭️  [2025-11-02] Already exists: 2025-11-02_ba35ff1d84a38e59fab1e0e060d2ab32.json
[23:13:19] ⏭️  [2025-11-02] Already exists: 2025-11-02_7f8e0718cb47f13d3786a76562275998.json
[23:13:19] ⏭️  [2025-11-02] Already exists: 2025-11-02_2fb3d24f5874ba0985b2735ce8d8f29b.json
[23:13:19] ⏭️  [2025-11-02] Already exists: 2025-11-02_3337fbcbd2377282974643d29709f789.json
[23:13:19] ⏭️  [2025-11-02] Already exists: 2025-11-02_15687646972fd559b59721662dfa4d00.json
[23:13:19] ⏭️  [2025-11-02] Already exists: 2025-11-02_675416dc87b7bd923b5cf1a39c1cefcf.json
[23:13:19] ⏭️  [2025-11-02] Already exists: 2025-11-02_a950d85618871be30d8108c527e3d47b.json
[23:13:20] ⏭️  [2025-11-02] Already exists: 2025-11-02_b54a3c191adfaef1c000df338b51cf27.json
[23:13:20] ⏭️  [2025-11-02] Already exists: 2025-11-02_7c5416d3516ea58ae2817e8f4fabfc4a.json
[23:13:20] ⏭️  [2025-11-02] Already exists: 2025-11-02_4137fe086de173062cf54f9c9ad8799d.json
[23:13:20] ⏭️  [2025-11-02] Already exists: 2025-11-02_f5a1d167a5454e5f22ca3bb02b8131f4.json
[23:13:20] ⏭️  [2025-11-02] Already exists: 2025-11-02_396fa8d613bbdc1ede8e5d4e7dde9f65.json
[23:13:20] ⏭️  [2025-11-02] Already exists: 2025-11-02_f3d546946c2306f05aa134e0fcee3681.json
[23:13:20] ⏭️  [2025-11-02] Already exists: 2025-11-02_c587bd451a110db1efc4838898a9dbae.json
[23:13:20] ⏭️  [2025-11-02] Already exists: 2025-11-02_3b57ef043f32eb26a369515016973891.json
[23:13:22] ⏭️  [2025-11-02] Already exists: 2025-11-02_2148a44e36d4f546ce19cdbc2759df65.json
[23:13:22] ⏭️  [2025-11-02] Already exists: 2025-11-02_d35e3ed1fdd90c9ac1eb6aebb41479c7.json
[23:13:22] ⏭️  [2025-11-02] Already exists: 2025-11-02_3dc322e9ecc959daf11a1a6f39a41940.json
[23:13:22] ⏭️  [2025-11-02] Already exists: 2025-11-02_7b71af432c76b9898c13bebe38ab084c.json
[23:13:22] ⏭️  [2025-11-02] Already exists: 2025-11-02_b54fce1b28b1cf8ca5054bf4afcb96e4.json
[23:13:22] ⏭️  [2025-11-02] Already exists: 2025-11-02_87521a936f06ad7a0497c732f0b7356d.json
[23:13:22] ⏭️  [2025-11-02] Already exists: 2025-11-02_c8ee8a3ae8902697d502c50433911ca6.json
[23:13:22] ⏭️  [2025-11-02] Already exists: 2025-11-02_8b5a91d0667fceb4897b7d1e26648f88.json
[23:13:24] ⏭️  [2025-11-02] Already exists: 2025-11-02_e359d1fb73db5d819204bef023b8d606.json
[23:13:24] ⏭️  [2025-11-02] Already exists: 2025-11-02_babc24569438e7fa5a01ca16168fe0f1.json
[23:13:24] ⏭️  [2025-11-02] Already exists: 2025-11-02_126dd4aa918a1bb1fa83cf322b4e0dae.json
[23:13:24] ⏭️  [2025-11-02] Already exists: 2025-11-02_a8e3e942194508b6310ea283c63ca644.json
[23:13:24] ⏭️  [2025-11-02] Already exists: 2025-11-02_7f4277e6183d96ce7a3b0edf1749344a.json
[23:13:24] ⏭️  [2025-11-02] Already exists: 2025-11-02_f972922f7384891d6bf1b422ddb7d716.json
[23:13:24] ⏭️  [2025-11-02] Already exists: 2025-11-02_5b03e6fc75dea29864408c2f369aa88f.json
[23:13:24] ⏭️  [2025-11-02] Already exists: 2025-11-02_30efe2038b5a92feb772a9418fdc7b79.json
[23:13:26] ⏭️  [2025-11-02] Already exists: 2025-11-02_f0684a050b316f62fe46b3e781a36ff1.json
[23:13:26] ⏭️  [2025-11-02] Already exists: 2025-11-02_aa223a740b8962309612894175e5e9b2.json
[23:13:26] ⏭️  [2025-11-02] Already exists: 2025-11-02_01a0cbe0bebf9a42263ab76dc34ad220.json
[23:13:26] ⏭️  [2025-11-02] Already exists: 2025-11-02_4343897605726718a6dc40eef505cb53.json
[23:13:26] ⏭️  [2025-11-02] Already exists: 2025-11-02_64999c40bf5c3ee1e8c97f9475d1b9d1.json
[23:13:26] ⏭️  [2025-11-02] Already exists: 2025-11-02_3bbb7942ded475b8ebd69ff06dd1c769.json
[23:13:26] ⏭️  [2025-11-02] Already exists: 2025-11-02_7f4254bda4406b32a349d8ed03e85bb4.json
[23:13:26] ⏭️  [2025-11-02] Already exists: 2025-11-02_1e4ea2d211bf954d3d3f78fdf879528d.json
[23:13:27] ⏭️  [2025-11-02] Already exists: 2025-11-02_9299e1a77636ff5e88d98bac8c0dc459.json
[23:13:27] ⏭️  [2025-11-02] Already exists: 2025-11-02_d305259769537aac7d128f397437bb50.json
[23:13:27] ⏭️  [2025-11-02] Already exists: 2025-11-02_48f98035e1c68322cb4ec885cbc07fec.json
[23:13:27] ⏭️  [2025-11-02] Already exists: 2025-11-02_b1d8c64f980886bd509199028cf3ef18.json
[23:13:27] ⏭️  [2025-11-02] Already exists: 2025-11-02_ffd66e12c2e22d53c1da9370bfb886f2.json
[23:13:27] ⏭️  [2025-11-02] Already exists: 2025-11-02_74e6e3aa25bbc2ca2866dbdad27f11b8.json
[23:13:27] ⏭️  [2025-11-02] Already exists: 2025-11-02_78ac05a9dbf958d4b9e1b1f08a62c769.json
[23:13:27] ⏭️  [2025-11-02] Already exists: 2025-11-02_fdb52270b84d3c8eae19034e63deb6f3.json
[23:13:29] ⏭️  [2025-11-02] Already exists: 2025-11-02_05324c81c3a2f4b033ae553c43f1e4fe.json
[23:13:29] ⏭️  [2025-11-02] Already exists: 2025-11-02_bb9283a74f9bcc9e5bb49c2445055df1.json
[23:13:29] ⏭️  [2025-11-02] Already exists: 2025-11-02_563f4c303b910c161b651927f5047b4e.json
[23:13:29] ⏭️  [2025-11-02] Already exists: 2025-11-02_d9e1a93364ce2daaa1415ae7bcd6fd7e.json
[23:13:29] ⏭️  [2025-11-02] Already exists: 2025-11-02_98fb75d4b7da4470f7ce862e014d47cd.json
[23:13:29] ⏭️  [2025-11-02] Already exists: 2025-11-02_93a520f9a0bbf0e4e7fd453aef01b482.json
[23:13:29] ⏭️  [2025-11-02] Already exists: 2025-11-02_265bb2dfb34b8c8c8a6417f65704e11d.json
[23:13:29] ⏭️  [2025-11-02] Already exists: 2025-11-02_0987c637db98d543f4234c35fcddc6ad.json
[23:13:31] ⏭️  [2025-11-02] Already exists: 2025-11-02_6a8b0eee28ff80dc9e394e1a6186ea90.json
[23:13:31] ⏭️  [2025-11-02] Already exists: 2025-11-02_1a600be0a8094110a11741a8c226291e.json
[23:13:31] ⏭️  [2025-11-02] Already exists: 2025-11-02_8dac4561f004bd2fab24608a1316e927.json
[23:13:31] ⏭️  [2025-11-02] Already exists: 2025-11-02_42fc22c729e3605f1889e1a946fd629c.json
[23:13:31] ⏭️  [2025-11-02] Already exists: 2025-11-02_065bf19ba047a7bc321883b1aac39e31.json
[23:13:31] ⏭️  [2025-11-02] Already exists: 2025-11-02_92de743872245a1b38d84fc5669cee1a.json
[23:13:31] ⏭️  [2025-11-02] Already exists: 2025-11-02_fe2de0fd6a1d1e040984e1914fc2dea6.json
[23:13:31] ⏭️  [2025-11-02] Already exists: 2025-11-02_75e550855074c42a65079aa3ae36310f.json
[23:13:34] ⏭️  [2025-11-02] Already exists: 2025-11-02_abb2944a870b7d6fb8c472f9d95cb59b.json
[23:13:34] ⏭️  [2025-11-02] Already exists: 2025-11-02_7d24b0afa2a08e06800a95e2ed22686b.json
[23:13:34] ⏭️  [2025-11-02] Already exists: 2025-11-02_941381450e0309ae9087c85f42f5924c.json
[23:13:34] ⏭️  [2025-11-02] Already exists: 2025-11-02_627040dfd5ccfaf14723bb1b335f5d53.json
[23:13:34] ⏭️  [2025-11-02] Already exists: 2025-11-02_31926635b3b2dee2b90bfbef908e37eb.json
[23:13:34] ⏭️  [2025-11-02] Already exists: 2025-11-02_44a0d2c4224cd197c0427e15bf457620.json
[23:13:34] ⏭️  [2025-11-02] Already exists: 2025-11-02_1c1d9373128a29cdf7dc552d81dc6f17.json
[23:13:34] ⏭️  [2025-11-02] Already exists: 2025-11-02_ae6f20e6259aa4581df7cb177cf87fec.json
[23:13:36] ⏭️  [2025-11-02] Already exists: 2025-11-02_2eae47b5c0ea9bd57865aa016ef78168.json
[23:13:36] ⏭️  [2025-11-02] Already exists: 2025-11-02_45cb7ffe15126af0ad7879b050d7918c.json
[23:13:36] ⏭️  [2025-11-02] Already exists: 2025-11-02_4c8163262706f13332383b778cf959af.json
[23:13:36] ⏭️  [2025-11-02] Already exists: 2025-11-02_3b92da9f1089171063ccce1fe1b548fa.json
[23:13:36] ⏭️  [2025-11-02] Already exists: 2025-11-02_256b38d56aa5e03f6d542895db987183.json
[23:13:36] ⏭️  [2025-11-02] Already exists: 2025-11-02_75eb513c2826a4ef74cb6629e4340c3a.json
[23:13:36] ⏭️  [2025-11-02] Already exists: 2025-11-02_1b0110dd11aed08ccdf484cf9ecc0a6b.json
[23:13:36] ⏭️  [2025-11-02] Already exists: 2025-11-02_e7517de1c4579da543ac39a35856771e.json
[23:13:38] ⏭️  [2025-11-02] Already exists: 2025-11-02_a0051a8bc6511a6c2118be5716dc0f9d.json
[23:13:38] ⏭️  [2025-11-02] Already exists: 2025-11-02_9e7d72b59359ba66a7d6dd6fa94cd727.json
[23:13:38] ⏭️  [2025-11-02] Already exists: 2025-11-02_00f00228d44fcaf3e038783236803f5b.json
[23:13:38] ⏭️  [2025-11-02] Already exists: 2025-11-02_2b9de7ddfe5c4728c77f4471cdf63439.json
[23:13:38] ⏭️  [2025-11-02] Already exists: 2025-11-02_3f81ed441133f99d1e581dd8fd4a8358.json
[23:13:38] ⏭️  [2025-11-02] Already exists: 2025-11-02_abb5878301ef5b13b74a2c1944994ad3.json
[23:13:38] ⏭️  [2025-11-02] Already exists: 2025-11-02_b1b6bcf17a291ece465715d5c350f52c.json
[23:13:38] ⏭️  [2025-11-02] Already exists: 2025-11-02_c6a61597e3ef2f3676b2fa907543d7a9.json
[23:13:39] ⏭️  [2025-11-02] Already exists: 2025-11-02_94e79580ae1c5ae132a138783df268ae.json
[23:13:39] ⏭️  [2025-11-02] Already exists: 2025-11-02_1b06f659b932a2ee72bc865ed5c77e00.json
[23:13:39] ⏭️  [2025-11-02] Already exists: 2025-11-02_b69fc4be4c68e59c869f679e6e0e0de3.json
[23:13:39] ⏭️  [2025-11-02] Already exists: 2025-11-02_e53798f940999faa46ad20f0a4469829.json
[23:13:39] ⏭️  [2025-11-02] Already exists: 2025-11-02_e6c3d68e529050dfe2fe591b3e8decc0.json
[23:13:39] ⏭️  [2025-11-02] Already exists: 2025-11-02_6144954c445a3e513bd7290098dbcb4e.json
[23:13:39] ⏭️  [2025-11-02] Already exists: 2025-11-02_92dd5df1e8c879a32f38e3b792105994.json
[23:13:39] ⏭️  [2025-11-02] Already exists: 2025-11-02_4d49f4b09fdf554066cfc22cec12ea56.json
[23:13:41] ⏭️  [2025-11-02] Already exists: 2025-11-02_5333c5f3937d2a0c28511d31352748b7.json
[23:13:41] ⏭️  [2025-11-02] Already exists: 2025-11-02_dd46228fb239be999f8544f788fc34a6.json
[23:13:41] ⏭️  [2025-11-02] Already exists: 2025-11-02_78e989dab3a226f571fbbe91d406ed81.json
[23:13:41] ⏭️  [2025-11-02] Already exists: 2025-11-02_6280c4f68f08b8148e7ca44aa459b2c3.json
[23:13:43] 🎯 Finished 2025-11-02
[23:13:43]    📊 Success: 0 | Skipped: 100 | Failed: 0 | Total: 100
[23:13:43]    📝 Avg content length: 0 chars
[23:13:43] ✅ DAWN article scraping completed.
[23:13:43] 📊 Final Stats:
{
  "2025-11-02": {
    "success": 0,
    "failed": 0,
    "skipped": 100,
    "total": 100,
    "avgContentLength": 0
  }
}
