[18:26:50] [📅 Processing LIST for: 2025-10-28] (106 items)
[18:26:50] ⏭️  [2025-10-28] Already exists: 2025-10-28_225f715a48e647ec6b418cd905cf37f9.json
[18:26:50] ⏭️  [2025-10-28] Already exists: 2025-10-28_96816d007c8f00576f27a33e4ac75b5e.json
[18:26:50] ⏭️  [2025-10-28] Already exists: 2025-10-28_ff2d16a447be7097ef73b32958b89b4f.json
[18:26:50] ⏭️  [2025-10-28] Already exists: 2025-10-28_58fc0c849538caa531278242a2a0cbac.json
[18:27:18] ✅ Saved: 2025-10-28_183c90e0e967062c76c99b51a27a6ada.json (2955 chars)
[18:27:28] ✅ Saved: 2025-10-28_d4a4a7232963f6bb7c830daa9a771665.json (1063 chars)
[18:27:32] ✅ Saved: 2025-10-28_65bfd79601e12226d670cf727609d49d.json (2950 chars)
[18:27:36] ✅ Saved: 2025-10-28_0496ce4c5ab365137eff4589e58898c5.json (1927 chars)
[18:27:38] ⏭️  [2025-10-28] Already exists: 2025-10-28_240048fc5cc0e33233312d04f2305b1f.json
[18:27:38] ⏭️  [2025-10-28] Already exists: 2025-10-28_b16a89be948cb37aeb24139421e3cdef.json
[18:27:38] ⏭️  [2025-10-28] Already exists: 2025-10-28_e70b630e0005990ea0183b15d3bce493.json
[18:27:38] ⏭️  [2025-10-28] Already exists: 2025-10-28_2a320a1130c9b5b32858cf171d5e7d69.json
[18:27:38] ⏭️  [2025-10-28] Already exists: 2025-10-28_53fa12cbc9296a31e283f862f75437c9.json
[18:27:38] ⏭️  [2025-10-28] Already exists: 2025-10-28_53dd4fe604e0eac8d4174ffc40841e7e.json
[18:27:38] ⏭️  [2025-10-28] Already exists: 2025-10-28_2baa37167660c91d2af5d00b6e91625b.json
[18:27:38] ⏭️  [2025-10-28] Already exists: 2025-10-28_6ec148276bf5cdfdf0f56086113643ba.json
[18:27:41] ⏭️  [2025-10-28] Already exists: 2025-10-28_2d9591d3c38e4fbfa7603700940357b1.json
[18:27:41] ⏭️  [2025-10-28] Already exists: 2025-10-28_cc9881a42953e9583ab9aeab8970dd30.json
[18:27:41] ⏭️  [2025-10-28] Already exists: 2025-10-28_2e436bc0203aa1034a1554c785795e82.json
[18:27:41] ⏭️  [2025-10-28] Already exists: 2025-10-28_057f4f5b1ef6ebe0694156e8bcdff40c.json
[18:27:41] ⏭️  [2025-10-28] Already exists: 2025-10-28_a61c6b621f052e10c0bb9f2ce29d354a.json
[18:27:41] ⏭️  [2025-10-28] Already exists: 2025-10-28_ea09bf1dacfb2f90784adfdb4539fbac.json
[18:27:41] ⏭️  [2025-10-28] Already exists: 2025-10-28_9a0481f4fc936f36d99f264b91323e06.json
[18:27:41] ⏭️  [2025-10-28] Already exists: 2025-10-28_6119004d0853a9a5fc6471dfcc7c566d.json
[18:27:43] ⏭️  [2025-10-28] Already exists: 2025-10-28_3eba018613ade116a2ba4e7a0521e105.json
[18:27:43] ⏭️  [2025-10-28] Already exists: 2025-10-28_6626a5c530dba377e4d44bfa36d25505.json
[18:27:43] ⏭️  [2025-10-28] Already exists: 2025-10-28_3a112f6805aadd033abba27d5ac06f0a.json
[18:27:43] ⏭️  [2025-10-28] Already exists: 2025-10-28_816a2da448a9e6484f0b006e5407f302.json
[18:27:43] ⏭️  [2025-10-28] Already exists: 2025-10-28_8ac97d9d59f50f74be7c46681aa2387d.json
[18:27:43] ⏭️  [2025-10-28] Already exists: 2025-10-28_021af02a398af649bcf5b37c37ce78ee.json
[18:27:43] ⏭️  [2025-10-28] Already exists: 2025-10-28_ec46c242be4e3307f432e8123086e66c.json
[18:27:43] ⏭️  [2025-10-28] Already exists: 2025-10-28_5b87a9e10e12920f92a77bd7be2325d4.json
[18:27:44] ⏭️  [2025-10-28] Already exists: 2025-10-28_942424770100a069466dc8a87c586ea7.json
[18:27:44] ⏭️  [2025-10-28] Already exists: 2025-10-28_93cea4d1a6c3e8d0a9141bdacb2690a1.json
[18:27:44] ⏭️  [2025-10-28] Already exists: 2025-10-28_b87ad104ce9dd4ce7a31a67dba6411ff.json
[18:27:44] ⏭️  [2025-10-28] Already exists: 2025-10-28_6e2715b7c00640550acfea8563660e6f.json
[18:27:44] ⏭️  [2025-10-28] Already exists: 2025-10-28_45b40b250ef2b7c613a90d91e30d69f3.json
[18:27:44] ⏭️  [2025-10-28] Already exists: 2025-10-28_344f759a7c14ac1f0f7824cc1e64cda8.json
[18:27:44] ⏭️  [2025-10-28] Already exists: 2025-10-28_c9a24faa798438caaad79680e9a54e2d.json
[18:27:44] ⏭️  [2025-10-28] Already exists: 2025-10-28_628c7b39bd6b5a5d4129fd843fbad63a.json
[18:27:46] ⏭️  [2025-10-28] Already exists: 2025-10-28_9bdeb1573b74e784800160d186249232.json
[18:27:46] ⏭️  [2025-10-28] Already exists: 2025-10-28_85dbe4dd3045719211be196002fe5110.json
[18:27:46] ⏭️  [2025-10-28] Already exists: 2025-10-28_aa24cb521ca175846435bb8b7614ce3e.json
[18:27:46] ⏭️  [2025-10-28] Already exists: 2025-10-28_9b9b41631a414282e17c0dfc00656fc5.json
[18:27:46] ⏭️  [2025-10-28] Already exists: 2025-10-28_e29f04a2f2263b4d8d0547813094c904.json
[18:27:46] ⏭️  [2025-10-28] Already exists: 2025-10-28_f2a8ddce2e8345f93918b547480eef21.json
[18:27:46] ⏭️  [2025-10-28] Already exists: 2025-10-28_3b9cbb1f0967ae1fe54371a63dd53127.json
[18:27:46] ⏭️  [2025-10-28] Already exists: 2025-10-28_3eb2d131ac3cb6c0cc5a86880f2bcc04.json
[18:27:48] ⏭️  [2025-10-28] Already exists: 2025-10-28_2178abe85498ca43c57c169cf1443910.json
[18:27:48] ⏭️  [2025-10-28] Already exists: 2025-10-28_31b663b1e6e02cc7e87cd6f60c2a05b3.json
[18:27:48] ⏭️  [2025-10-28] Already exists: 2025-10-28_dd41954c2134c6c565d4f475a726a924.json
[18:27:48] ⏭️  [2025-10-28] Already exists: 2025-10-28_3fe197e0dbe3f70c00866072d9287bc6.json
[18:27:48] ⏭️  [2025-10-28] Already exists: 2025-10-28_3fb6f780b00861b5429b9468251d2430.json
[18:27:48] ⏭️  [2025-10-28] Already exists: 2025-10-28_8ba25403dfde31aee00df17ebc08243c.json
[18:27:48] ⏭️  [2025-10-28] Already exists: 2025-10-28_14baf4267a95b55d2feb2dab92c8735d.json
[18:27:48] ⏭️  [2025-10-28] Already exists: 2025-10-28_05df060204f66558c92d4c714b140fb2.json
[18:27:49] ⏭️  [2025-10-28] Already exists: 2025-10-28_8c3f96fac97fe4c322db5c5dd4d2c9d7.json
[18:27:49] ⏭️  [2025-10-28] Already exists: 2025-10-28_f8c885f7c27ad74cd5cc526bf4ad4d91.json
[18:27:49] ⏭️  [2025-10-28] Already exists: 2025-10-28_586c66cee79485bda205f7e134452832.json
[18:27:49] ⏭️  [2025-10-28] Already exists: 2025-10-28_c0baeff950741c8cf389dc35c5861396.json
[18:27:49] ⏭️  [2025-10-28] Already exists: 2025-10-28_cb0825860ff8062a289abfcb82297c82.json
[18:27:49] ⏭️  [2025-10-28] Already exists: 2025-10-28_4d5f3d84fd516bb655ae4c302f27740e.json
[18:27:49] ⏭️  [2025-10-28] Already exists: 2025-10-28_13a04791aa06846cf130b858ef4dc757.json
[18:27:49] ⏭️  [2025-10-28] Already exists: 2025-10-28_fd054873fe9273138cecce4e1911f38e.json
[18:27:51] ⏭️  [2025-10-28] Already exists: 2025-10-28_819e7a36c5227c85c0054c0eca77c1c6.json
[18:27:51] ⏭️  [2025-10-28] Already exists: 2025-10-28_df46c10f1afff17f4060555a4715ccb5.json
[18:27:51] ⏭️  [2025-10-28] Already exists: 2025-10-28_c6bfc1f344b29e582bdb7181c7677724.json
[18:27:51] ⏭️  [2025-10-28] Already exists: 2025-10-28_2951f317119964543af9be2773468f8d.json
[18:27:51] ⏭️  [2025-10-28] Already exists: 2025-10-28_f494d1f302c22d12878c3ea02130d968.json
[18:27:51] ⏭️  [2025-10-28] Already exists: 2025-10-28_9a79466cd91fdca7a518ddab25d2eb21.json
[18:27:51] ⏭️  [2025-10-28] Already exists: 2025-10-28_2422030462c9a160c1309d657c13365a.json
[18:27:51] ⏭️  [2025-10-28] Already exists: 2025-10-28_cecb02eb777d6ab98f1fd77763c23e19.json
[18:27:52] ⏭️  [2025-10-28] Already exists: 2025-10-28_c9fe68235678181e56f6eef483ee8048.json
[18:27:52] ⏭️  [2025-10-28] Already exists: 2025-10-28_51f07380025fc09f8e59a374cb00ed83.json
[18:27:52] ⏭️  [2025-10-28] Already exists: 2025-10-28_8543e13c92a7cf86ecdb1f16110ecfeb.json
[18:27:52] ⏭️  [2025-10-28] Already exists: 2025-10-28_650ae690591361d38abc7b7d4ff4dcf2.json
[18:27:52] ⏭️  [2025-10-28] Already exists: 2025-10-28_a3b614f407bd8125d7e46341e05a7e8c.json
[18:27:52] ⏭️  [2025-10-28] Already exists: 2025-10-28_e951f9e256f66b455ad27321df4c78c9.json
[18:27:52] ⏭️  [2025-10-28] Already exists: 2025-10-28_1793dc6fa1a1405bc3770d913c177c94.json
[18:27:52] ⏭️  [2025-10-28] Already exists: 2025-10-28_69836c960fd2a40f272ffca21eeb639b.json
[18:27:53] ⏭️  [2025-10-28] Already exists: 2025-10-28_b53631384409529320c7e0773a5f149b.json
[18:27:53] ⏭️  [2025-10-28] Already exists: 2025-10-28_1e388481513ef5de0205fa3223ae0f18.json
[18:27:53] ⏭️  [2025-10-28] Already exists: 2025-10-28_e23f0ab71fda67ec8ecd91586449c8a4.json
[18:27:53] ⏭️  [2025-10-28] Already exists: 2025-10-28_dcc5c4d71599fce83b14f3533a5a316f.json
[18:27:53] ⏭️  [2025-10-28] Already exists: 2025-10-28_49bc7e026fe6b94d8fbcd375a2838ada.json
[18:27:53] ⏭️  [2025-10-28] Already exists: 2025-10-28_99246bfc8549792c3fb425c562e99339.json
[18:27:53] ⏭️  [2025-10-28] Already exists: 2025-10-28_4b47968bf82eb4c79e574a19be2b3bcc.json
[18:27:53] ⏭️  [2025-10-28] Already exists: 2025-10-28_f63d1ea6b8c1538b6438dd0fcdfe67c7.json
[18:27:55] ⏭️  [2025-10-28] Already exists: 2025-10-28_b3a171e99e80f34d720672645f2da1fd.json
[18:27:55] ⏭️  [2025-10-28] Already exists: 2025-10-28_85177ecc6eda7320756addfa0a9d8111.json
[18:27:55] ⏭️  [2025-10-28] Already exists: 2025-10-28_6d5ef3fadb1957896054a519748d065a.json
[18:27:55] ⏭️  [2025-10-28] Already exists: 2025-10-28_234ce36ea1f849288d7a2eec6824e185.json
[18:27:55] ⏭️  [2025-10-28] Already exists: 2025-10-28_e69d593c6101890bafb789ec2132f4eb.json
[18:27:55] ⏭️  [2025-10-28] Already exists: 2025-10-28_60fb1531abd9b5366be12f348aa0a8ba.json
[18:27:55] ⏭️  [2025-10-28] Already exists: 2025-10-28_fde416d170fc00c29767135a376c055c.json
[18:27:55] ⏭️  [2025-10-28] Already exists: 2025-10-28_4bf3cb2629b3c0b05414fc4ba09abb13.json
[18:27:57] ⏭️  [2025-10-28] Already exists: 2025-10-28_2d986d913eb8b6afde2da528d23b8495.json
[18:27:57] ⏭️  [2025-10-28] Already exists: 2025-10-28_b68be6af7c3c4328e7e62e5484c5977a.json
[18:27:57] ⏭️  [2025-10-28] Already exists: 2025-10-28_a955e5e42a0b41d4a5199b17a19f1f04.json
[18:27:57] ⏭️  [2025-10-28] Already exists: 2025-10-28_3821f0c3fdbeeb8f35e411018ec2df97.json
[18:27:57] ⏭️  [2025-10-28] Already exists: 2025-10-28_43eca5b80c0d80dc8313649613b12002.json
[18:27:57] ⏭️  [2025-10-28] Already exists: 2025-10-28_534df19a0353af90e9596c6423d6a68a.json
[18:27:57] ⏭️  [2025-10-28] Already exists: 2025-10-28_2f057ff6113f51fdc3ac96e9d7dd7f05.json
[18:27:57] ⏭️  [2025-10-28] Already exists: 2025-10-28_3a47c8ce028279224622552c15840707.json
[18:27:59] ⏭️  [2025-10-28] Already exists: 2025-10-28_0e2992827266a26e174a6e93041d248a.json
[18:27:59] ⏭️  [2025-10-28] Already exists: 2025-10-28_ceef7ce0d7ff31b54e3e06fb055f04c8.json
[18:28:01] 🎯 Finished 2025-10-28
[18:28:01]    📊 Success: 4 | Skipped: 102 | Failed: 0 | Total: 106
[18:28:01]    📝 Avg content length: 2224 chars
[18:28:01] ✅ DAWN article scraping completed.
[18:28:01] 📊 Final Stats:
{
  "2025-10-28": {
    "success": 4,
    "failed": 0,
    "skipped": 102,
    "total": 106,
    "avgContentLength": 2224
  }
}
