[12:07:35] 📚 [2025-10-21] Processing 83 articles
[12:07:35] ⏭️  [2025-10-21] Already exists: 3-civilians-killed-in-muridke-operation-claims-punjab-minister
[12:07:35] ⏭️  [2025-10-21] Already exists: smog-theatre-will-cannons-and-towers-clear-polluted-air
[12:07:39] ✅ [2025-10-21] Scraped: England women’s double world cup winner Emily Scarratt retir...
[12:07:42] ⏭️  [2025-10-21] Already exists: ke-says-nepra-revision-has-slashed-its-tariff-by-rs76-per-unit-will-have-far-reaching-consequences
[12:07:42] ⏭️  [2025-10-21] Already exists: jannik-sinner-skipping-davis-cup-finals-to-focus-on-australian-open-preparations
[12:07:42] ⏭️  [2025-10-21] Already exists: top-basketball-european-club-competitions-to-return-to-israel-on-december-1-say-organisers
[12:07:45] ⏭️  [2025-10-21] Already exists: france-intensifies-hunt-for-louvre-raiders-who-stole-royal-jewels
[12:07:45] ⏭️  [2025-10-21] Already exists: maccabi-tel-aviv-to-decline-tickets-for-european-tie-at-aston-villa
[12:07:45] ⏭️  [2025-10-21] Already exists: rain-interrupts-pakistans-crucial-womens-world-cup-clash-against-south-africa
[12:07:49] ⏭️  [2025-10-21] Already exists: lesser-known-parties-withdraw-plea-seeking-to-become-opposition-alliance-ttaps-namesake
[12:07:50] ⏭️  [2025-10-21] Already exists: liquor-and-arms-recovery-case-islamabad-court-issues-arrest-warrant-for-gandapur-over-persistent-no-shows
[12:07:50] ⏭️  [2025-10-21] Already exists: south-africa-grind-to-86-2-at-tea-in-reply-to-pakistans-333-in-second-test
[12:07:54] ⏭️  [2025-10-21] Already exists: 26th-amendment-case-justice-mazhar-says-regular-constitutional-benches-branches-of-same-tree
[12:07:54] ⏭️  [2025-10-21] Already exists: fresh-polio-case-in-kp-takes-this-years-tally-to-30
[12:07:54] ⏭️  [2025-10-21] Already exists: lahore-karachi-among-top-5-most-polluted-cities-in-world
[12:07:56] ⏭️  [2025-10-21] Already exists: 1950303
[12:07:56] ⏭️  [2025-10-21] Already exists: china-hawk-sanae-takaichi-named-japans-first-woman-prime-minister
[12:07:57] ⏭️  [2025-10-21] Already exists: natures-rights
[12:07:59] ⏭️  [2025-10-21] Already exists: 1950299
[12:07:59] ⏭️  [2025-10-21] Already exists: modi-may-face-quad-and-brics-choice
[12:07:59] ⏭️  [2025-10-21] Already exists: 1950284
[12:08:03] ⏭️  [2025-10-21] Already exists: ceasefire-triggers-2436-point-rally-on-psx
[12:08:03] ⏭️  [2025-10-21] Already exists: 1950310
[12:08:04] ⏭️  [2025-10-21] Already exists: 1950311
[12:08:06] ⏭️  [2025-10-21] Already exists: us-sends-nuke-workers-home-as-shutdown-drags
[12:08:06] ⏭️  [2025-10-21] Already exists: us-australia-sign-pact-on-critical-minerals
[12:08:07] ⏭️  [2025-10-21] Already exists: khamenei-rules-out-talks-with-bully-trump
[12:08:10] ⏭️  [2025-10-21] Already exists: kp-cm-afridi-vows-to-resist-centres-every-unconstitutional-step
[12:08:10] ⏭️  [2025-10-21] Already exists: 1950308
[12:08:10] ⏭️  [2025-10-21] Already exists: colombia-recalls-ambassador-from-us-after-trumps-drug-remarks
[12:08:13] ⏭️  [2025-10-21] Already exists: unicef-wants-every-child-immunised-against-polio-amid-drop-in-refusal-cases
[12:08:14] ⏭️  [2025-10-21] Already exists: population-surge-declared-national-emergency
[12:08:14] ⏭️  [2025-10-21] Already exists: first-test-tube-baby-born-in-dera-ismail-khan
[12:08:18] ⏭️  [2025-10-21] Already exists: notices-issued-to-14-medical-colleges-for-overcharging-fee-pmdc
[12:08:18] ⏭️  [2025-10-21] Already exists: wb-team-assesses-achievements-of-400m-higher-education-project
[12:08:18] ⏭️  [2025-10-21] Already exists: search-committee-receives-750-applications-for-hec-chairman-post
[12:08:22] ⏭️  [2025-10-21] Already exists: minor-burnt-after-being-thrown-into-popcorn-furnace-in-sheikhpura
[12:08:22] ⏭️  [2025-10-21] Already exists: doctor-arrested-in-sargodha-for-torture-of-house-help
[12:08:22] ⏭️  [2025-10-21] Already exists: report-sought-on-posting-of-ptv-md
[12:08:24] ⏭️  [2025-10-21] Already exists: murad-approves-expansion-of-safe-city-project-to-karachis-dha-other-areas
[12:08:24] ⏭️  [2025-10-21] Already exists: karachi-police-make-first-arrest-using-facial-recognition-technology
[12:08:24] ⏭️  [2025-10-21] Already exists: hindu-community-celebrates-diwali-with-joy-and-tradition-in-sindh
[12:08:27] ⏭️  [2025-10-21] Already exists: justice-mulakhail-takes-oath-as-acting-bhc-cj
[12:08:28] ⏭️  [2025-10-21] Already exists: haaland-kane-and-mbappe-battle-to-be-europes-best
[12:08:28] ⏭️  [2025-10-21] Already exists: balochistan-levies-suspends-six-personnel-over-fake-promotions
[12:08:32] ⏭️  [2025-10-21] Already exists: 8-militants-gunned-down-in-dera-ismail-khan
[12:08:32] ⏭️  [2025-10-21] Already exists: pia-gearing-up-for-direct-us-flights-says-aviation-minister
[12:08:32] ⏭️  [2025-10-21] Already exists: balochistan-assembly-adopts-resolution-against-killing-of-mpas-brother
[12:08:35] ⏭️  [2025-10-21] Already exists: court-allows-trump-to-deploy-soldiers-in-portland
[12:08:35] ⏭️  [2025-10-21] Already exists: commission-being-formed-to-protect-minority-rights
[12:08:36] ⏭️  [2025-10-21] Already exists: ihc-to-hear-bars-plea-on-justice-jahangiris-appointment
[12:08:39] ⏭️  [2025-10-21] Already exists: mediators-scramble-to-salvage-gaza-truce
[12:08:39] ⏭️  [2025-10-21] Already exists: athapaththu-conjures-miracle-as-sri-lanka-snatch-victory-over-bangladesh
[12:08:39] ⏭️  [2025-10-21] Already exists: pakistan-afghanistan-agree-to-immediate-ceasefire-after-doha-talks-defence-minister
[12:08:41] ⏭️  [2025-10-21] Already exists: 45-electric-buses-arrive-in-rawalpindi
[12:08:41] ⏭️  [2025-10-21] Already exists: pakistans-jf-17-block-iii-jets-touch-down-in-azerbaijan-for-bilateral-aerial-combat-exercise
[12:08:41] ⏭️  [2025-10-21] Already exists: pakistan-sells-first-women-bank-to-uae-firm
[12:08:44] ⏭️  [2025-10-21] Already exists: notices-issued-to-adiala-jail-superintendent-others-on-kp-cms-plea-seeking-meeting-with-imran
[12:08:44] ⏭️  [2025-10-21] Already exists: authorities-in-punjab-closing-in-on-tlp-chiefs-whereabouts
[12:08:45] ⏭️  [2025-10-21] Already exists: lahore-ranks-second-most-polluted-city-in-world-in-terms-of-air-quality
[12:08:48] ⏭️  [2025-10-21] Already exists: talibans-new-ploy
[12:08:48] ⏭️  [2025-10-21] Already exists: need-for-safeguards
[12:08:48] ⏭️  [2025-10-21] Already exists: suparco-launches-countrys-first-hyperspectral-satellite
[12:08:51] ⏭️  [2025-10-21] Already exists: measured-response
[12:08:52] ⏭️  [2025-10-21] Already exists: why-are-multinationals-exiting-pakistan
[12:08:52] ⏭️  [2025-10-21] Already exists: trump-vows-to-keep-massive-tariffs-on-india-until-russian-oil-imports-cease
[12:08:55] ⏭️  [2025-10-21] Already exists: pakistan-fall-to-great-britain-end-fourth-in-sultan-of-johor-cup
[12:08:55] ⏭️  [2025-10-21] Already exists: lhc-informed-cnic-of-arshad-chaiwala-restored-after-nadra-verification
[12:08:56] ⏭️  [2025-10-21] Already exists: pakistan-cricket-board-to-finalise-new-odi-skipper-ahead-of-south-africa-series
[12:08:59] ⏭️  [2025-10-21] Already exists: kp-cm-afridi-calls-for-a-grand-peace-jirgah-on-oct-25
[12:08:59] ⏭️  [2025-10-21] Already exists: saudi-telecom-giant-launches-ai-hub-in-pakistan
[12:08:59] ⏭️  [2025-10-21] Already exists: another-doha-pact
[12:09:03] ⏭️  [2025-10-21] Already exists: shaheen-named-pakistan-mens-odi-captain-set-to-start-stint-with-south-africa-series
[12:09:03] ⏭️  [2025-10-21] Already exists: doha-truce
[12:09:03] ⏭️  [2025-10-21] Already exists: veteran-bollywood-comedian-asrani-passes-away-at-84-after-prolonged-illness
[12:09:06] ⏭️  [2025-10-21] Already exists: now-the-hard-part
[12:09:06] ⏭️  [2025-10-21] Already exists: only-positive-way-forward-is-for-afghanistan-to-abide-by-doha-agreement-talal-chaudhry
[12:09:06] ⏭️  [2025-10-21] Already exists: beyond-baku-belem
[12:09:10] ⏭️  [2025-10-21] Already exists: zimbabwe-roped-in-after-afghanistan-pulls-out-of-upcoming-tri-nation-series
[12:09:10] ⏭️  [2025-10-21] Already exists: shift-in-kabul-ties-imminent-as-more-terror-hideouts-hit
[12:09:10] ⏭️  [2025-10-21] Already exists: no-space-for-war-in-nuclearised-environment-coas-munir-cautions-india
[12:09:13] ⏭️  [2025-10-21] Already exists: from-sar-to-menaap
[12:09:14] ⏭️  [2025-10-21] Already exists: make-israel-great-again
[12:09:16] 📊 [2025-10-21] Summary: 83 success, 0 failed
