[12:55:17] [📅 Processing LIST for: 2025-11-03] (87 items)
[12:55:17] ⏭️  [2025-11-03] Already exists: 2025-11-03_4eac9791e8ec81784d360366cc203134.json
[12:55:17] ⏭️  [2025-11-03] Already exists: 2025-11-03_9548fd10a0fe05d7c712cdee38f2564d.json
[12:55:17] ⏭️  [2025-11-03] Already exists: 2025-11-03_a34dd104db81737187e7c334b753b7fd.json
[12:55:17] ⏭️  [2025-11-03] Already exists: 2025-11-03_03e5f198d1b2bc87052f9e89930cb540.json
[12:55:17] ⏭️  [2025-11-03] Already exists: 2025-11-03_844454131158673b5ff4ddc5100f3fa1.json
[12:55:17] ⏭️  [2025-11-03] Already exists: 2025-11-03_1ea402eeeb2923ea3af1f032dcb03992.json
[12:55:17] ⏭️  [2025-11-03] Already exists: 2025-11-03_461b312bae5e9dc372362479455ba18f.json
[12:55:17] ⏭️  [2025-11-03] Already exists: 2025-11-03_4772ea9b7f7d1ae9f792ee73ef7d1dfe.json
[12:55:20] ⏭️  [2025-11-03] Already exists: 2025-11-03_fa18d8b76d69d66ea058408a41c4ae7a.json
[12:55:20] ⏭️  [2025-11-03] Already exists: 2025-11-03_ef0572193896188aa21cc031850beab4.json
[12:55:20] ⏭️  [2025-11-03] Already exists: 2025-11-03_43636373f32d394f672d43b3d11b2f56.json
[12:55:20] ⏭️  [2025-11-03] Already exists: 2025-11-03_caefb037fbba680b3aad0600c1af816e.json
[12:55:20] ⏭️  [2025-11-03] Already exists: 2025-11-03_751f0c6dc674611d3eebe9669ab1fd25.json
[12:55:20] ⏭️  [2025-11-03] Already exists: 2025-11-03_028d3bcb8f807f4982bfa14871bfce98.json
[12:55:20] ⏭️  [2025-11-03] Already exists: 2025-11-03_1f9e8fd509d083e2d4200bf9b770d6db.json
[12:55:20] ⏭️  [2025-11-03] Already exists: 2025-11-03_4843344e9c024f9d12ade37d932a8781.json
[12:55:22] ⏭️  [2025-11-03] Already exists: 2025-11-03_fbbd3c3dfc79343605ed8034499a3f04.json
[12:55:22] ⏭️  [2025-11-03] Already exists: 2025-11-03_85263ceced7ba89e005ed6458b032e4d.json
[12:55:22] ⏭️  [2025-11-03] Already exists: 2025-11-03_67f030f0c0bd04878a00e604546328f6.json
[12:55:22] ⏭️  [2025-11-03] Already exists: 2025-11-03_9b29571e4d2bfb804e63b2f53b806f5c.json
[12:55:22] ⏭️  [2025-11-03] Already exists: 2025-11-03_8373521854ec1fa46f21fad820c6e34f.json
[12:55:22] ⏭️  [2025-11-03] Already exists: 2025-11-03_55d003d1810093c55286b74e5f1162c8.json
[12:55:22] ⏭️  [2025-11-03] Already exists: 2025-11-03_2c93e9014e8955d3f075961841757488.json
[12:55:22] ⏭️  [2025-11-03] Already exists: 2025-11-03_24ee3a12e6b6bb928f3086dc4f169119.json
[12:55:25] ⏭️  [2025-11-03] Already exists: 2025-11-03_0ad7d73b67a5dd3a7fff6c6c71688a75.json
[12:55:25] ⏭️  [2025-11-03] Already exists: 2025-11-03_5c89bf28d88bb1600689e27c96c23da4.json
[12:55:25] ⏭️  [2025-11-03] Already exists: 2025-11-03_b01ae153f92ffe32f30bb7417b865511.json
[12:55:25] ⏭️  [2025-11-03] Already exists: 2025-11-03_0ac38496cdb246c147552b16aea49cf2.json
[12:55:25] ⏭️  [2025-11-03] Already exists: 2025-11-03_9d0ebde2807b5595c8bff0484b7d0ed8.json
[12:55:25] ⏭️  [2025-11-03] Already exists: 2025-11-03_9920f2164e562cbc540782d77f05b824.json
[12:55:25] ⏭️  [2025-11-03] Already exists: 2025-11-03_69fdb01621f88523d9efb58e6a019a89.json
[12:55:25] ⏭️  [2025-11-03] Already exists: 2025-11-03_0ed0f7d30871546b860385419afa05fd.json
[12:55:27] ⏭️  [2025-11-03] Already exists: 2025-11-03_f4ed0699a496397a773955eca06115df.json
[12:55:27] ⏭️  [2025-11-03] Already exists: 2025-11-03_993e065bbf24ca2269bb0dd103302ab0.json
[12:55:27] ⏭️  [2025-11-03] Already exists: 2025-11-03_609636e8115dc5da205bb96f45ebe6bd.json
[12:55:27] ⏭️  [2025-11-03] Already exists: 2025-11-03_d7284290eacd36366814b91e0703c91d.json
[12:55:27] ⏭️  [2025-11-03] Already exists: 2025-11-03_0084a07b6ed77f56bd1d9eefff2ef320.json
[12:55:27] ⏭️  [2025-11-03] Already exists: 2025-11-03_c0e3c09b888531a3c3bd498ef8d6000b.json
[12:55:27] ⏭️  [2025-11-03] Already exists: 2025-11-03_b07f9e33819f8924dd93b2d826cf67a1.json
[12:55:27] ⏭️  [2025-11-03] Already exists: 2025-11-03_2de72f698d274c5cc00f7d21eec3c22a.json
[12:55:29] ⏭️  [2025-11-03] Already exists: 2025-11-03_878f107bdbec35b3f4e086598fcbf03c.json
[12:55:29] ⏭️  [2025-11-03] Already exists: 2025-11-03_8575c6e65b2a5b4e8b375a4640401bf5.json
[12:55:29] ⏭️  [2025-11-03] Already exists: 2025-11-03_6590292bd2a60105cd4d1428bd82acb1.json
[12:55:29] ⏭️  [2025-11-03] Already exists: 2025-11-03_88bdb481065d6c53f5ec3237d24ae9da.json
[12:55:29] ⏭️  [2025-11-03] Already exists: 2025-11-03_fa632ddb14b53d5cd2cfddfd7d5dc905.json
[12:55:29] ⏭️  [2025-11-03] Already exists: 2025-11-03_7099ce35fa49e5027d493e3e1f038975.json
[12:55:29] ⏭️  [2025-11-03] Already exists: 2025-11-03_e28ef5846c5347f2cb6144679f087a41.json
[12:55:29] ⏭️  [2025-11-03] Already exists: 2025-11-03_346c1f0b228ec732f0ab435ed39e875c.json
[12:55:31] ⏭️  [2025-11-03] Already exists: 2025-11-03_1b6c05b289417698aa3a159e72fe4db6.json
[12:55:31] ⏭️  [2025-11-03] Already exists: 2025-11-03_26fde8e067159d94cef7dca66df606fd.json
[12:55:31] ⏭️  [2025-11-03] Already exists: 2025-11-03_df32acf9017a04cf0c6838af9fdb330f.json
[12:55:31] ⏭️  [2025-11-03] Already exists: 2025-11-03_89147074a859bf27c3e7d8188a239d5c.json
[12:55:31] ⏭️  [2025-11-03] Already exists: 2025-11-03_8f2b30406241161c970a8494e2573063.json
[12:55:31] ⏭️  [2025-11-03] Already exists: 2025-11-03_f710a55195df90d5e4dd895d7c818dd7.json
[12:55:31] ⏭️  [2025-11-03] Already exists: 2025-11-03_687cc9200d5048c2c662c28890857b51.json
[12:55:31] ⏭️  [2025-11-03] Already exists: 2025-11-03_7c78514c64e2cbbc9f6f5bd44470504f.json
[12:55:33] ⏭️  [2025-11-03] Already exists: 2025-11-03_7f4254bda4406b32a349d8ed03e85bb4.json
[12:55:33] ⏭️  [2025-11-03] Already exists: 2025-11-03_e1876e7d71250d23f006c9d7eb72f998.json
[12:55:33] ⏭️  [2025-11-03] Already exists: 2025-11-03_59b141069c04f27ee3f4711b1ddd1b26.json
[12:55:33] ⏭️  [2025-11-03] Already exists: 2025-11-03_44a0d2c4224cd197c0427e15bf457620.json
[12:55:33] ⏭️  [2025-11-03] Already exists: 2025-11-03_8b5a91d0667fceb4897b7d1e26648f88.json
[12:55:33] ⏭️  [2025-11-03] Already exists: 2025-11-03_3b92da9f1089171063ccce1fe1b548fa.json
[12:55:33] ⏭️  [2025-11-03] Already exists: 2025-11-03_4c8163262706f13332383b778cf959af.json
[12:55:33] ⏭️  [2025-11-03] Already exists: 2025-11-03_48f98035e1c68322cb4ec885cbc07fec.json
[12:55:36] ⏭️  [2025-11-03] Already exists: 2025-11-03_e53798f940999faa46ad20f0a4469829.json
[12:55:36] ⏭️  [2025-11-03] Already exists: 2025-11-03_b69fc4be4c68e59c869f679e6e0e0de3.json
[12:55:36] ⏭️  [2025-11-03] Already exists: 2025-11-03_396fa8d613bbdc1ede8e5d4e7dde9f65.json
[12:55:36] ⏭️  [2025-11-03] Already exists: 2025-11-03_3f81ed441133f99d1e581dd8fd4a8358.json
[12:55:36] ⏭️  [2025-11-03] Already exists: 2025-11-03_bf78108e0d4a89300b63dc3d68960284.json
[12:55:36] ⏭️  [2025-11-03] Already exists: 2025-11-03_4343897605726718a6dc40eef505cb53.json
[12:55:36] ⏭️  [2025-11-03] Already exists: 2025-11-03_b0d08e323d6122aca9a448534b13c379.json
[12:55:36] ⏭️  [2025-11-03] Already exists: 2025-11-03_6471aa1795ae1b18b730b4342799c3eb.json
[12:55:39] ⏭️  [2025-11-03] Already exists: 2025-11-03_2eae47b5c0ea9bd57865aa016ef78168.json
[12:55:39] ⏭️  [2025-11-03] Already exists: 2025-11-03_e6c3d68e529050dfe2fe591b3e8decc0.json
[12:55:39] ⏭️  [2025-11-03] Already exists: 2025-11-03_a0051a8bc6511a6c2118be5716dc0f9d.json
[12:55:39] ⏭️  [2025-11-03] Already exists: 2025-11-03_e9f19c26ba2cce87c9da57fd3395ce19.json
[12:55:39] ⏭️  [2025-11-03] Already exists: 2025-11-03_00f00228d44fcaf3e038783236803f5b.json
[12:55:39] ⏭️  [2025-11-03] Already exists: 2025-11-03_dd46228fb239be999f8544f788fc34a6.json
[12:55:39] ⏭️  [2025-11-03] Already exists: 2025-11-03_98fb75d4b7da4470f7ce862e014d47cd.json
[12:55:39] ⏭️  [2025-11-03] Already exists: 2025-11-03_4137fe086de173062cf54f9c9ad8799d.json
[12:55:41] ⏭️  [2025-11-03] Already exists: 2025-11-03_75eb513c2826a4ef74cb6629e4340c3a.json
[12:55:41] ⏭️  [2025-11-03] Already exists: 2025-11-03_ca15329fdc24c0ceb69414073c0468f4.json
[12:55:41] ⏭️  [2025-11-03] Already exists: 2025-11-03_e7517de1c4579da543ac39a35856771e.json
[12:55:41] ⏭️  [2025-11-03] Already exists: 2025-11-03_9e7d72b59359ba66a7d6dd6fa94cd727.json
[12:55:41] ⏭️  [2025-11-03] Already exists: 2025-11-03_256b38d56aa5e03f6d542895db987183.json
[12:55:41] ⏭️  [2025-11-03] Already exists: 2025-11-03_f398901e6cf3596589c28896bddcd8a6.json
[12:55:41] ⏭️  [2025-11-03] Already exists: 2025-11-03_ca5f328693499e20ec3c3bd1f0345349.json
[12:55:42] 🎯 Finished 2025-11-03
[12:55:43]    📊 Success: 0 | Skipped: 87 | Failed: 0 | Total: 87
[12:55:43]    📝 Avg content length: 0 chars
[12:55:43] ✅ DAWN article scraping completed.
[12:55:43] 📊 Final Stats:
{
  "2025-11-03": {
    "success": 0,
    "failed": 0,
    "skipped": 87,
    "total": 87,
    "avgContentLength": 0
  }
}
