[22:51:37] 📚 [2025-10-21] Processing 95 articles
[22:51:46] ✅ [2025-10-21] Scraped: Former French president Sarkozy starts 5-year prison sentenc...
[22:51:46] ✅ [2025-10-21] Scraped: ‘Situation fully under control’: Ogra rubbishes reports of f...
[22:51:46] ✅ [2025-10-21] Scraped: Tremors of 5.3-magnitude felt in twin cities, northern areas...
[22:51:53] ✅ [2025-10-21] Scraped: Talal terms KP govt’s inaction against terrorism ploy for ‘p...
[22:51:53] ✅ [2025-10-21] Scraped: Squash ace Noor Zaman reaches career high world ranking of 3...
[22:51:54] ✅ [2025-10-21] Scraped: Centre asks Punjab to facilitate Imran–CM Afridi meeting for...
[22:51:59] ✅ [2025-10-21] Scraped: India restores embassy in Afghanistan as ties improve...
[22:52:00] ✅ [2025-10-21] Scraped: Mohsin Naqvi adamant on ceremony for Asia Cup trophy handove...
[22:52:00] ✅ [2025-10-21] Scraped: Two SC judges warn new code of conduct will restrict judicia...
[22:52:06] ✅ [2025-10-21] Scraped: COAS Munir reiterates any violation of Pakistan’s territoria...
[22:52:07] ✅ [2025-10-21] Scraped: Shrinking habitats, rising poaching push Pakistan’s bears to...
[22:52:07] ✅ [2025-10-21] Scraped: WHO says India has much to do on toxic cough syrup despite s...
[22:52:15] ✅ [2025-10-21] Scraped: 3 civilians killed in Muridke operation, claims Punjab minis...
[22:52:15] ✅ [2025-10-21] Scraped: GB election commission freezes financial, administrative pow...
[22:52:15] ✅ [2025-10-21] Scraped: England women’s double world cup winner Emily Scarratt retir...
[22:52:18] ⏭️  [2025-10-21] Already exists: 2025-10-21_9ede4b68a34952dcb9070d23d5092057.json
[22:52:18] ⏭️  [2025-10-21] Already exists: 2025-10-21_1a4ab4e422b9c9029a877cf4c5a59025.json
[22:52:18] ⏭️  [2025-10-21] Already exists: 2025-10-21_a3bb98f587561962b78c8d6b8600d2e3.json
[22:52:21] ⏭️  [2025-10-21] Already exists: 2025-10-21_11691c6252cb5c8c6b6dc3a380c3c529.json
[22:52:24] ✅ [2025-10-21] Scraped: KE says Nepra revision has slashed its tariff by Rs7.6/kWh, ...
[22:52:24] ✅ [2025-10-21] Scraped: Pakistan crash out of Women’s World Cup after crushing defea...
[22:52:27] ⏭️  [2025-10-21] Already exists: 2025-10-21_5c644ba4b37301e735c446dfc5e3165b.json
[22:52:30] ✅ [2025-10-21] Scraped: Aston Villa warn fans against showing political messages for...
[22:52:31] ✅ [2025-10-21] Scraped: Maharaj takes seven wickets with South Africa-Pakistan secon...
[22:52:35] ⏭️  [2025-10-21] Already exists: 2025-10-21_f764d401cb41d83a05d4555330c40e7f.json
[22:52:35] ⏭️  [2025-10-21] Already exists: 2025-10-21_b11ced773b131a1bf0f585dd5e0e483b.json
[22:52:35] ⏭️  [2025-10-21] Already exists: 2025-10-21_003ba42bd2c96a8273640aa952a3a9a4.json
[22:52:38] ⏭️  [2025-10-21] Already exists: 2025-10-21_b823e7014465904a30b863348f6cc56b.json
[22:52:38] ⏭️  [2025-10-21] Already exists: 2025-10-21_a3d20ad99db550bbc005893b6c79c80a.json
[22:52:38] ⏭️  [2025-10-21] Already exists: 2025-10-21_a0cb451029218784c0968599898e4694.json
[22:52:42] ⏭️  [2025-10-21] Already exists: 2025-10-21_86718bcf44b745778f520271d3bc10a2.json
[22:52:42] ⏭️  [2025-10-21] Already exists: 2025-10-21_4ae64099ff66d5eb2cfd062c017a2e0b.json
[22:52:42] ⏭️  [2025-10-21] Already exists: 2025-10-21_b7d2bd793a9510d01d4b3880448bddf1.json
[22:52:44] ⏭️  [2025-10-21] Already exists: 2025-10-21_3551beee927e3b9a4a6e14025884af61.json
[22:52:44] ⏭️  [2025-10-21] Already exists: 2025-10-21_220e0246aa17fa435f3a52a369155f44.json
[22:52:44] ⏭️  [2025-10-21] Already exists: 2025-10-21_18c0a98d9b6856ab9e1a120c48833195.json
[22:52:48] ⏭️  [2025-10-21] Already exists: 2025-10-21_b16f5338a2405e35a82073ec52176af9.json
[22:52:48] ⏭️  [2025-10-21] Already exists: 2025-10-21_7908e09c2bc413e91e4395a56db899de.json
[22:52:48] ⏭️  [2025-10-21] Already exists: 2025-10-21_3d6e3a5f2a93205b296c6dba3b2d0bbd.json
[22:52:52] ⏭️  [2025-10-21] Already exists: 2025-10-21_7b5c2090b155b4a484a90176a851b1d5.json
[22:52:52] ⏭️  [2025-10-21] Already exists: 2025-10-21_856f86b09933a2bbeea528eb5bc7c87e.json
[22:52:52] ⏭️  [2025-10-21] Already exists: 2025-10-21_08dff654e612cee8056adef3f983f921.json
[22:52:56] ⏭️  [2025-10-21] Already exists: 2025-10-21_65906c1f6508a917fa2c335835d56491.json
[22:52:56] ⏭️  [2025-10-21] Already exists: 2025-10-21_19aab163111bd25b9b8b18db15420390.json
[22:52:56] ⏭️  [2025-10-21] Already exists: 2025-10-21_45946a6541d64b7d99a35d410e4b01cc.json
[22:52:59] ⏭️  [2025-10-21] Already exists: 2025-10-21_bf2ee889b06a44e5abe9a7b0a4cf3301.json
[22:53:00] ⏭️  [2025-10-21] Already exists: 2025-10-21_7800e78a564df4aed0c61012b21a1285.json
[22:53:00] ⏭️  [2025-10-21] Already exists: 2025-10-21_d67533523fd31caa6060b38e7422116f.json
[22:53:03] ⏭️  [2025-10-21] Already exists: 2025-10-21_1832a05d5e711d36b1b0e3cc627cb80b.json
[22:53:03] ⏭️  [2025-10-21] Already exists: 2025-10-21_a5fcd369c90a7f19e3bf3e00cf8e635f.json
[22:53:03] ⏭️  [2025-10-21] Already exists: 2025-10-21_11008871a5cdd224b63b8c78becf87b6.json
[22:53:07] ⏭️  [2025-10-21] Already exists: 2025-10-21_798b5fee0678289fb3bf904f5f9c43df.json
[22:53:08] ⏭️  [2025-10-21] Already exists: 2025-10-21_4ae021899711c852c65da350287a8d38.json
[22:53:08] ⏭️  [2025-10-21] Already exists: 2025-10-21_a72a7fa99590a4f8017af9a7fec7dd83.json
[22:53:11] ⏭️  [2025-10-21] Already exists: 2025-10-21_e2e3e32bbc8c2e4526ee0931db3ade69.json
[22:53:11] ⏭️  [2025-10-21] Already exists: 2025-10-21_e042372402aec405d3d641557eda1d11.json
[22:53:11] ⏭️  [2025-10-21] Already exists: 2025-10-21_1895382df4c7c3242a385608f04d68e2.json
[22:53:14] ⏭️  [2025-10-21] Already exists: 2025-10-21_761b7f088e44ec08ff5c7c53d81425ec.json
[22:53:14] ⏭️  [2025-10-21] Already exists: 2025-10-21_1d808a4f06269a124472eb9c7521ed78.json
[22:53:14] ⏭️  [2025-10-21] Already exists: 2025-10-21_da99948a60dcd071b3f6ca1dc4d5264c.json
[22:53:18] ⏭️  [2025-10-21] Already exists: 2025-10-21_e8a1f905b970c2896b4127045b95f1c7.json
[22:53:18] ⏭️  [2025-10-21] Already exists: 2025-10-21_cd9d6a3105dca55b1efeba0f64cd2fd6.json
[22:53:18] ⏭️  [2025-10-21] Already exists: 2025-10-21_98ffacba808329b436cc9069fa58d050.json
[22:53:21] ⏭️  [2025-10-21] Already exists: 2025-10-21_208f35cf45dee8f5276198afee139c69.json
[22:53:22] ⏭️  [2025-10-21] Already exists: 2025-10-21_7d9476cd73027715fd06665a3926a059.json
[22:53:22] ⏭️  [2025-10-21] Already exists: 2025-10-21_3a4eecad989519bccb1b8cd264fe41f1.json
[22:53:25] ⏭️  [2025-10-21] Already exists: 2025-10-21_de7e0f0218b3ac6db236400529c96703.json
[22:53:25] ⏭️  [2025-10-21] Already exists: 2025-10-21_8b10abf4b35615d61b7e31afe44d9c7b.json
[22:53:25] ⏭️  [2025-10-21] Already exists: 2025-10-21_e58b1455747b3c5d814cc7ee4f358024.json
[22:53:27] ⏭️  [2025-10-21] Already exists: 2025-10-21_f0ddc8c8daf5bb40a57eb2499160acdf.json
[22:53:27] ⏭️  [2025-10-21] Already exists: 2025-10-21_5015b4fe499386540a0745520e3050ad.json
[22:53:28] ⏭️  [2025-10-21] Already exists: 2025-10-21_3803b0b76666cfd12986889c4c3d26f1.json
[22:53:31] ⏭️  [2025-10-21] Already exists: 2025-10-21_8bc5c8366c2314bde9bfd3a85ca9ae06.json
[22:53:31] ⏭️  [2025-10-21] Already exists: 2025-10-21_0f87d64e89badc6b834af719acda9d2b.json
[22:53:31] ⏭️  [2025-10-21] Already exists: 2025-10-21_088550a3b7d1310f55ea9d4e1994e94a.json
[22:53:34] ⏭️  [2025-10-21] Already exists: 2025-10-21_82ae4ec549e3da2d197f704c4853d8b4.json
[22:53:34] ⏭️  [2025-10-21] Already exists: 2025-10-21_742db612f3788c3430756d8c7eda54ca.json
[22:53:34] ⏭️  [2025-10-21] Already exists: 2025-10-21_c239be43bd13c51c1ac5f8890d6081ad.json
[22:53:38] ⏭️  [2025-10-21] Already exists: 2025-10-21_88ad1e6201edd9a68e0ddfe3892c5747.json
[22:53:38] ⏭️  [2025-10-21] Already exists: 2025-10-21_d08144b513b84ec162277344db28a3a9.json
[22:53:38] ⏭️  [2025-10-21] Already exists: 2025-10-21_842e2551371bab46bec803b5e50e02e4.json
[22:53:42] ⏭️  [2025-10-21] Already exists: 2025-10-21_c2d6ba182f6ae601ecf003601d63167e.json
[22:53:42] ⏭️  [2025-10-21] Already exists: 2025-10-21_c78aa1556b1d83814d8622f2d80f391a.json
[22:53:42] ⏭️  [2025-10-21] Already exists: 2025-10-21_4b9a3945ded3e9b55783ed988035dd2f.json
[22:53:45] ⏭️  [2025-10-21] Already exists: 2025-10-21_80425728d51265b0fdeda493079bfe08.json
[22:53:45] ⏭️  [2025-10-21] Already exists: 2025-10-21_8f0972045ad092da60cae65ecfaeba99.json
[22:53:46] ⏭️  [2025-10-21] Already exists: 2025-10-21_a17127d69890570007d1e3aeb7561ced.json
[22:53:49] ⏭️  [2025-10-21] Already exists: 2025-10-21_a9697d3c731d11ffa1e8d24861f7c5f7.json
[22:53:49] ⏭️  [2025-10-21] Already exists: 2025-10-21_bf954933f48bb7eaa69c52789ec7b66e.json
[22:53:52] ✅ [2025-10-21] Scraped: Too many battlefronts...
[22:53:56] ⏭️  [2025-10-21] Already exists: 2025-10-21_724b9bca74e0a3eee7c3bf5d8f5e45e9.json
[22:53:56] ⏭️  [2025-10-21] Already exists: 2025-10-21_e61c98a33c9b45660815109f0b90826f.json
[22:53:57] ⏭️  [2025-10-21] Already exists: 2025-10-21_bc5ffdb77cea9cbe4a5b1c131b6c9900.json
[22:54:01] ⏭️  [2025-10-21] Already exists: 2025-10-21_314c94cede501f5da9341fd5b0d3330b.json
[22:54:01] ⏭️  [2025-10-21] Already exists: 2025-10-21_62bf0b228677ade6929c23e1d53e9a20.json
[22:54:03] 📊 [2025-10-21] Summary: 95 success, 0 failed
