[00:15:20] [📅 Processing LIST for: 2025-10-29] (109 items)
[00:15:20] ⏭️  [2025-10-29] Already exists: 2025-10-29_813091e9a1136c65bbc1109fdd92b871.json
[00:15:20] ⏭️  [2025-10-29] Already exists: 2025-10-29_e72e9888c2b37ee7d33bb84f5ce1b285.json
[00:15:20] ⏭️  [2025-10-29] Already exists: 2025-10-29_a7977921012e7c88ef5a64d258c01514.json
[00:15:20] ⏭️  [2025-10-29] Already exists: 2025-10-29_5333c5f3937d2a0c28511d31352748b7.json
[00:15:20] ⏭️  [2025-10-29] Already exists: 2025-10-29_c68950b3d507e5b3226413d99eddcfba.json
[00:15:20] ⏭️  [2025-10-29] Already exists: 2025-10-29_e03cf66dbea2acbb30007b6ddc0f0b79.json
[00:15:20] ⏭️  [2025-10-29] Already exists: 2025-10-29_963fbb78e7eccec218befe1f465ad56e.json
[00:15:20] ⏭️  [2025-10-29] Already exists: 2025-10-29_a73ec26698a5a403b4fd458a9419ecb7.json
[00:15:21] ⏭️  [2025-10-29] Already exists: 2025-10-29_18afe9c9b834301491111bd4a0eda9f7.json
[00:15:21] ⏭️  [2025-10-29] Already exists: 2025-10-29_ae01d24d13b79f15a480fc819d0f8cbb.json
[00:15:21] ⏭️  [2025-10-29] Already exists: 2025-10-29_4233620c8f6af3c2f51752e3595c76d5.json
[00:15:21] ⏭️  [2025-10-29] Already exists: 2025-10-29_80e90a84b68d0917afaa9fbb987c135d.json
[00:15:21] ⏭️  [2025-10-29] Already exists: 2025-10-29_fe16594eba9a240245067f3166c92fbe.json
[00:15:21] ⏭️  [2025-10-29] Already exists: 2025-10-29_4e9b37ff548c68332d906479ba460e7b.json
[00:15:21] ⏭️  [2025-10-29] Already exists: 2025-10-29_db78a3c31b74996000b00a061097a654.json
[00:15:21] ⏭️  [2025-10-29] Already exists: 2025-10-29_99aed87e0c5bc3db2970585379bf0b39.json
[00:15:23] ⏭️  [2025-10-29] Already exists: 2025-10-29_d398c38212452e919bac4f7001b64a7c.json
[00:15:23] ⏭️  [2025-10-29] Already exists: 2025-10-29_a265f29cca5cb8b8a16436894ea7e5d6.json
[00:15:23] ⏭️  [2025-10-29] Already exists: 2025-10-29_59e937fb0714c430adf68f6168f9072c.json
[00:15:23] ⏭️  [2025-10-29] Already exists: 2025-10-29_cf8688d9f03d6b1d326b771d01663ce3.json
[00:15:23] ⏭️  [2025-10-29] Already exists: 2025-10-29_569694a29a149b2e3c342e0c84884172.json
[00:15:23] ⏭️  [2025-10-29] Already exists: 2025-10-29_f3a6e6145d7bcea575fb130582616a25.json
[00:15:23] ⏭️  [2025-10-29] Already exists: 2025-10-29_19e8ef033e191c7c43af06dff86c489a.json
[00:15:23] ⏭️  [2025-10-29] Already exists: 2025-10-29_8ded4ea752f0e99de79aa262fea70553.json
[00:15:24] ⏭️  [2025-10-29] Already exists: 2025-10-29_c73cf3c131b71acb474aca61fda60588.json
[00:15:24] ⏭️  [2025-10-29] Already exists: 2025-10-29_3237b973d8f3b76f7ae0531496a76376.json
[00:15:24] ⏭️  [2025-10-29] Already exists: 2025-10-29_a5c0cd7d210386f1898ac6db7c30ed69.json
[00:15:24] ⏭️  [2025-10-29] Already exists: 2025-10-29_c9932cc9fe476918ec46474661ab9aba.json
[00:15:24] ⏭️  [2025-10-29] Already exists: 2025-10-29_a664259170ee5b27af3106d25b3f933f.json
[00:15:24] ⏭️  [2025-10-29] Already exists: 2025-10-29_eddb052d03189e42b18e3561fe1fb50f.json
[00:15:24] ⏭️  [2025-10-29] Already exists: 2025-10-29_e5db00bd99d2ca88fb233c4d93d4a110.json
[00:15:24] ⏭️  [2025-10-29] Already exists: 2025-10-29_9eeb86da08a1108292b036bfa88e88fa.json
[00:15:26] ⏭️  [2025-10-29] Already exists: 2025-10-29_56e9a351ae29562ed754419cfc1e60d8.json
[00:15:26] ⏭️  [2025-10-29] Already exists: 2025-10-29_f338bba7fbdeb93173278b3d376b0239.json
[00:15:26] ⏭️  [2025-10-29] Already exists: 2025-10-29_1488c0631494191fb75be7b35492e23c.json
[00:15:26] ⏭️  [2025-10-29] Already exists: 2025-10-29_9d3d7959ffb63bd8e70b94b775ee68e7.json
[00:15:26] ⏭️  [2025-10-29] Already exists: 2025-10-29_5b174f1336a63d3c27bb5c42b0f0524e.json
[00:15:26] ⏭️  [2025-10-29] Already exists: 2025-10-29_166ec671577837645ffe254fa57bc631.json
[00:15:26] ⏭️  [2025-10-29] Already exists: 2025-10-29_0de75f9c989f4fc25119c116f13aa3c2.json
[00:15:26] ⏭️  [2025-10-29] Already exists: 2025-10-29_7a3c0f888741e54710630d9161584a6d.json
[00:15:28] ⏭️  [2025-10-29] Already exists: 2025-10-29_a1ee4ac103f9b87c940b12a8e2bc7e7d.json
[00:15:28] ⏭️  [2025-10-29] Already exists: 2025-10-29_8d31a137968f744188756acde2ac524c.json
[00:15:28] ⏭️  [2025-10-29] Already exists: 2025-10-29_620bd6dbad84ebab1c17f58ad597ca70.json
[00:15:28] ⏭️  [2025-10-29] Already exists: 2025-10-29_92c5348e663e859dcf75d7fa0fa9c11e.json
[00:15:28] ⏭️  [2025-10-29] Already exists: 2025-10-29_b14ecc53707fd1ff485861bb6856d7f4.json
[00:15:28] ⏭️  [2025-10-29] Already exists: 2025-10-29_5a36b57f889cc0f05f8f3492518c87d6.json
[00:15:28] ⏭️  [2025-10-29] Already exists: 2025-10-29_94f03983bcda288aea4f8518175baf65.json
[00:15:28] ⏭️  [2025-10-29] Already exists: 2025-10-29_58aa6df0d938864f5598b1d1ef6d49e5.json
[00:15:30] ⏭️  [2025-10-29] Already exists: 2025-10-29_395e4bd859b704476548da00f9b1d4b0.json
[00:15:30] ⏭️  [2025-10-29] Already exists: 2025-10-29_0366395c4a53bf445112080acf7583fc.json
[00:15:30] ⏭️  [2025-10-29] Already exists: 2025-10-29_d70e84e3d212b475bac7c6b797706373.json
[00:15:30] ⏭️  [2025-10-29] Already exists: 2025-10-29_2c99aec336133b3fdc27323d2a9e99ab.json
[00:15:30] ⏭️  [2025-10-29] Already exists: 2025-10-29_ed196f3599907871d73615fbac596740.json
[00:15:30] ⏭️  [2025-10-29] Already exists: 2025-10-29_a94ad790c1d4e2a0fdd7ffd4fafb1fdf.json
[00:15:30] ⏭️  [2025-10-29] Already exists: 2025-10-29_357bcbd6def35749de2b8cd618031a0f.json
[00:15:30] ⏭️  [2025-10-29] Already exists: 2025-10-29_cc7980382d43144f7b50c2eb0105a5ea.json
[00:15:32] ⏭️  [2025-10-29] Already exists: 2025-10-29_50ad7e62441b6db21e8dfbd0d8da45f9.json
[00:15:32] ⏭️  [2025-10-29] Already exists: 2025-10-29_03f5f3366a3741631dae4156935ab9b1.json
[00:15:32] ⏭️  [2025-10-29] Already exists: 2025-10-29_7570baefe91724f3d29eaed7db7def66.json
[00:15:32] ⏭️  [2025-10-29] Already exists: 2025-10-29_20306d9bac21b5d2143e49543795de55.json
[00:15:32] ⏭️  [2025-10-29] Already exists: 2025-10-29_e4dd338ab75d829a8f4fd419d363e5a2.json
[00:15:32] ⏭️  [2025-10-29] Already exists: 2025-10-29_1dd819f7e49dcb9a11ee6cadceb3b983.json
[00:15:32] ⏭️  [2025-10-29] Already exists: 2025-10-29_b28f4d7556aff3830f1019611ddbdeba.json
[00:15:32] ⏭️  [2025-10-29] Already exists: 2025-10-29_d6e3dbf90bce7a3b2500624bbf37b5b7.json
[00:15:34] ⏭️  [2025-10-29] Already exists: 2025-10-29_0394dc3e127f5c3ddc8eecafdf102a9a.json
[00:15:34] ⏭️  [2025-10-29] Already exists: 2025-10-29_7e232a1db70c3e0c088e03c377a7130c.json
[00:15:34] ⏭️  [2025-10-29] Already exists: 2025-10-29_abc470fe1e7a6ecf30b82c86ebc71f0a.json
[00:15:34] ⏭️  [2025-10-29] Already exists: 2025-10-29_6f654acf2cb3353386f50e967a4eaec1.json
[00:15:34] ⏭️  [2025-10-29] Already exists: 2025-10-29_aa7a25fff9ffdad3355224af2acb0bd8.json
[00:15:34] ⏭️  [2025-10-29] Already exists: 2025-10-29_0caabb7ca025687a39828e43ab7b639b.json
[00:15:34] ⏭️  [2025-10-29] Already exists: 2025-10-29_9d43ccec4faee83b9ccf65f245e90b69.json
[00:15:34] ⏭️  [2025-10-29] Already exists: 2025-10-29_0f441ed25e876c8a4b63479f585fc50f.json
[00:15:35] ⏭️  [2025-10-29] Already exists: 2025-10-29_c5f9198dbc52cf95eee2ea963f3fe5b8.json
[00:15:35] ⏭️  [2025-10-29] Already exists: 2025-10-29_5f28986baa819adc0c4abaed03e0cee0.json
[00:15:35] ⏭️  [2025-10-29] Already exists: 2025-10-29_d79510887ea8fcd59a629953d68e1a2d.json
[00:15:35] ⏭️  [2025-10-29] Already exists: 2025-10-29_6dc87d0926fa9ff6309a0a549e058a03.json
[00:15:35] ⏭️  [2025-10-29] Already exists: 2025-10-29_443c0434f7cade58a7c0201b2dbba74a.json
[00:15:35] ⏭️  [2025-10-29] Already exists: 2025-10-29_2f8a0908660dec25d7f1403cceee0884.json
[00:15:35] ⏭️  [2025-10-29] Already exists: 2025-10-29_85df58acafead3de2cc17587fdb58f87.json
[00:15:35] ⏭️  [2025-10-29] Already exists: 2025-10-29_159ed3c1aa18acf08666d709d034ee01.json
[00:15:37] ⏭️  [2025-10-29] Already exists: 2025-10-29_b6539ad3f59dd06bff5410c208c9a249.json
[00:15:37] ⏭️  [2025-10-29] Already exists: 2025-10-29_bcf3165f8f3e7504aa52f909bfccc59e.json
[00:15:37] ⏭️  [2025-10-29] Already exists: 2025-10-29_4d49f4b09fdf554066cfc22cec12ea56.json
[00:15:37] ⏭️  [2025-10-29] Already exists: 2025-10-29_3b92da9f1089171063ccce1fe1b548fa.json
[00:15:37] ⏭️  [2025-10-29] Already exists: 2025-10-29_1b0110dd11aed08ccdf484cf9ecc0a6b.json
[00:15:37] ⏭️  [2025-10-29] Already exists: 2025-10-29_75eb513c2826a4ef74cb6629e4340c3a.json
[00:15:37] ⏭️  [2025-10-29] Already exists: 2025-10-29_9e7d72b59359ba66a7d6dd6fa94cd727.json
[00:15:37] ⏭️  [2025-10-29] Already exists: 2025-10-29_256b38d56aa5e03f6d542895db987183.json
[00:15:39] ⏭️  [2025-10-29] Already exists: 2025-10-29_48c2f17a969a96d0532fc1be1c0a39ae.json
[00:15:39] ⏭️  [2025-10-29] Already exists: 2025-10-29_c6a61597e3ef2f3676b2fa907543d7a9.json
[00:15:39] ⏭️  [2025-10-29] Already exists: 2025-10-29_ef98cea882ce0ac751990582058e0855.json
[00:15:39] ⏭️  [2025-10-29] Already exists: 2025-10-29_e7517de1c4579da543ac39a35856771e.json
[00:15:39] ⏭️  [2025-10-29] Already exists: 2025-10-29_1e1709655e0e1ecf1474030bebb03eea.json
[00:15:39] ⏭️  [2025-10-29] Already exists: 2025-10-29_b3a5afdb7c859acfe0dcb400c96a0909.json
[00:15:39] ⏭️  [2025-10-29] Already exists: 2025-10-29_45cb7ffe15126af0ad7879b050d7918c.json
[00:15:39] ⏭️  [2025-10-29] Already exists: 2025-10-29_00f00228d44fcaf3e038783236803f5b.json
[00:15:41] ⏭️  [2025-10-29] Already exists: 2025-10-29_66e6a3f83b1eb49b728a1cfb4b78b21e.json
[00:15:41] ⏭️  [2025-10-29] Already exists: 2025-10-29_2b9de7ddfe5c4728c77f4471cdf63439.json
[00:15:41] ⏭️  [2025-10-29] Already exists: 2025-10-29_385cb6e71eb0b580d001aa24c634a5e6.json
[00:15:41] ⏭️  [2025-10-29] Already exists: 2025-10-29_0490d67b5a6af907350448d3d5dcc533.json
[00:15:41] ⏭️  [2025-10-29] Already exists: 2025-10-29_b1b6bcf17a291ece465715d5c350f52c.json
[00:15:41] ⏭️  [2025-10-29] Already exists: 2025-10-29_92dd5df1e8c879a32f38e3b792105994.json
[00:15:41] ⏭️  [2025-10-29] Already exists: 2025-10-29_fc69f6e1ec77fa7a05e9d302d9302b73.json
[00:15:41] ⏭️  [2025-10-29] Already exists: 2025-10-29_1b06f659b932a2ee72bc865ed5c77e00.json
[00:15:43] ⏭️  [2025-10-29] Already exists: 2025-10-29_ef027d84fe63174d4719f2853e69cf31.json
[00:15:43] ⏭️  [2025-10-29] Already exists: 2025-10-29_53fa12cbc9296a31e283f862f75437c9.json
[00:15:43] ⏭️  [2025-10-29] Already exists: 2025-10-29_4323b7cdc8e3b0885a20cd5a5ca27202.json
[00:15:43] ⏭️  [2025-10-29] Already exists: 2025-10-29_a3b614f407bd8125d7e46341e05a7e8c.json
[00:15:43] ⏭️  [2025-10-29] Already exists: 2025-10-29_d4180a386f66db1fc86ef58ab03940ba.json
[00:15:45] 🎯 Finished 2025-10-29
[00:15:45]    📊 Success: 0 | Skipped: 109 | Failed: 0 | Total: 109
[00:15:45]    📝 Avg content length: 0 chars
[00:15:46] ✅ DAWN article scraping completed.
[00:15:46] 📊 Final Stats:
{
  "2025-10-29": {
    "success": 0,
    "failed": 0,
    "skipped": 109,
    "total": 109,
    "avgContentLength": 0
  }
}
