[11:00:48] 🔎 [2025-10-21] https://www.dawn.com/news/1950366/ke-says-nepra-revision-has-slashed-its-tariff-by-rs76-per-unit-will-have-far-reaching-consequences (try 1)
[11:00:48] 🔎 [2025-10-21] https://www.dawn.com/news/1950380/top-basketball-european-club-competitions-to-return-to-israel-on-december-1-say-organisers (try 1)
[11:00:48] 🔎 [2025-10-21] https://www.dawn.com/news/1950369/rain-interrupts-pakistans-crucial-womens-world-cup-clash-against-south-africa (try 1)
[11:00:48] 🔎 [2025-10-21] https://www.dawn.com/news/1950371/jannik-sinner-skipping-davis-cup-finals-to-focus-on-australian-open-preparations (try 1)
[11:00:48] 🔎 [2025-10-21] https://www.dawn.com/news/1950370/france-intensifies-hunt-for-louvre-raiders-who-stole-royal-jewels (try 1)
[11:00:48] 🔎 [2025-10-21] https://www.dawn.com/news/1950367/maccabi-tel-aviv-to-decline-tickets-for-european-tie-at-aston-villa (try 1)
[11:00:48] 🔎 [2025-10-21] https://www.dawn.com/news/1950364/south-africa-grind-to-86-2-at-tea-in-reply-to-pakistans-333-in-second-test (try 1)
[11:00:48] 🔎 [2025-10-21] https://www.dawn.com/news/1950363/lesser-known-parties-withdraw-plea-seeking-to-become-opposition-alliance-ttaps-namesake (try 1)
[11:00:57] ✅ Saved: 2025-10-21_326139e33852d97f6bb8a835a7a0da70.json
[11:00:57] ✅ Saved: 2025-10-21_9ede4b68a34952dcb9070d23d5092057.json
[11:00:57] 🔎 [2025-10-21] https://www.dawn.com/news/1950360/26th-amendment-case-justice-mazhar-says-regular-constitutional-benches-branches-of-same-tree (try 1)
[11:00:57] 🔎 [2025-10-21] https://www.dawn.com/news/1950354/liquor-and-arms-recovery-case-islamabad-court-issues-arrest-warrant-for-gandapur-over-persistent-no-shows (try 1)
[11:00:57] ✅ Saved: 2025-10-21_6ee7a23868f6b3fa659ee58ff555f882.json
[11:00:57] 🔎 [2025-10-21] https://www.dawn.com/news/1950356/fresh-polio-case-in-kp-takes-this-years-tally-to-30 (try 1)
[11:00:57] ✅ Saved: 2025-10-21_a3bb98f587561962b78c8d6b8600d2e3.json
[11:00:58] 🔎 [2025-10-21] https://www.dawn.com/news/1950351/lahore-karachi-among-top-5-most-polluted-cities-in-world (try 1)
[11:00:58] ✅ Saved: 2025-10-21_e6352a8ea912e92a16b66ffdfc651b6b.json
[11:00:58] ✅ Saved: 2025-10-21_5c644ba4b37301e735c446dfc5e3165b.json
[11:00:58] 🔎 [2025-10-21] https://www.dawn.com/news/1950352/china-hawk-sanae-takaichi-named-japans-first-woman-prime-minister (try 1)
[11:00:58] 🔎 [2025-10-21] https://www.dawn.com/news/1950301/natures-rights (try 1)
[11:00:58] ✅ Saved: 2025-10-21_10c4474d99be0a3f84f0e75ec0f8556c.json
[11:00:58] 🔎 [2025-10-21] https://www.dawn.com/news/1950303 (try 1)
[11:01:06] ✅ Saved: 2025-10-21_a3d20ad99db550bbc005893b6c79c80a.json
[11:01:06] 🔎 [2025-10-21] https://www.dawn.com/news/1950284 (try 1)
[11:01:07] ✅ Saved: 2025-10-21_f764d401cb41d83a05d4555330c40e7f.json
[11:01:07] 🔎 [2025-10-21] https://www.dawn.com/news/1950299 (try 1)
[11:01:07] ✅ Saved: 2025-10-21_a0cb451029218784c0968599898e4694.json
[11:01:07] 🔎 [2025-10-21] https://www.dawn.com/news/1950331/modi-may-face-quad-and-brics-choice (try 1)
[11:01:07] ✅ Saved: 2025-10-21_b823e7014465904a30b863348f6cc56b.json
[11:01:07] 🔎 [2025-10-21] https://www.dawn.com/news/1950305/ceasefire-triggers-2436-point-rally-on-psx (try 1)
[11:01:08] ✅ Saved: 2025-10-21_003ba42bd2c96a8273640aa952a3a9a4.json
[11:01:08] 🔎 [2025-10-21] https://www.dawn.com/news/1950310 (try 1)
[11:01:09] ✅ Saved: 2025-10-21_b11ced773b131a1bf0f585dd5e0e483b.json
[11:01:10] 🔎 [2025-10-21] https://www.dawn.com/news/1950311 (try 1)
[11:01:14] ✅ Saved: 2025-10-21_b7d2bd793a9510d01d4b3880448bddf1.json
[11:01:14] 🔎 [2025-10-21] https://www.dawn.com/news/1950319/us-australia-sign-pact-on-critical-minerals (try 1)
[11:01:16] ✅ Saved: 2025-10-21_3551beee927e3b9a4a6e14025884af61.json
[11:01:16] 🔎 [2025-10-21] https://www.dawn.com/news/1950317/khamenei-rules-out-talks-with-bully-trump (try 1)
[11:01:17] ✅ Saved: 2025-10-21_86718bcf44b745778f520271d3bc10a2.json
[11:01:17] ✅ Saved: 2025-10-21_220e0246aa17fa435f3a52a369155f44.json
[11:01:17] 🔎 [2025-10-21] https://www.dawn.com/news/1950316/us-sends-nuke-workers-home-as-shutdown-drags (try 1)
[11:01:17] 🔎 [2025-10-21] https://www.dawn.com/news/1950308 (try 1)
[11:01:17] ✅ Saved: 2025-10-21_18c0a98d9b6856ab9e1a120c48833195.json
[11:01:17] 🔎 [2025-10-21] https://www.dawn.com/news/1950313/colombia-recalls-ambassador-from-us-after-trumps-drug-remarks (try 1)
[11:01:18] ✅ Saved: 2025-10-21_b16f5338a2405e35a82073ec52176af9.json
[11:01:18] 🔎 [2025-10-21] https://www.dawn.com/news/1950243/kp-cm-afridi-vows-to-resist-centres-every-unconstitutional-step (try 1)
[11:01:18] ✅ Saved: 2025-10-21_11691c6252cb5c8c6b6dc3a380c3c529.json
[11:01:18] 🔎 [2025-10-21] https://www.dawn.com/news/1950244/first-test-tube-baby-born-in-dera-ismail-khan (try 1)
[11:01:24] ✅ Saved: 2025-10-21_856f86b09933a2bbeea528eb5bc7c87e.json
[11:01:24] 🔎 [2025-10-21] https://www.dawn.com/news/1950245/unicef-wants-every-child-immunised-against-polio-amid-drop-in-refusal-cases (try 1)
[11:01:25] ✅ Saved: 2025-10-21_7908e09c2bc413e91e4395a56db899de.json
[11:01:25] 🔎 [2025-10-21] https://www.dawn.com/news/1950197/population-surge-declared-national-emergency (try 1)
[11:01:27] ✅ Saved: 2025-10-21_4ae64099ff66d5eb2cfd062c017a2e0b.json
[11:01:27] 🔎 [2025-10-21] https://www.dawn.com/news/1950198/wb-team-assesses-achievements-of-400m-higher-education-project (try 1)
[11:01:29] ✅ Saved: 2025-10-21_08dff654e612cee8056adef3f983f921.json
[11:01:29] 🔎 [2025-10-21] https://www.dawn.com/news/1950209/notices-issued-to-14-medical-colleges-for-overcharging-fee-pmdc (try 1)
[11:01:29] ✅ Saved: 2025-10-21_7b5c2090b155b4a484a90176a851b1d5.json
[11:01:29] 🔎 [2025-10-21] https://www.dawn.com/news/1950210/search-committee-receives-750-applications-for-hec-chairman-post (try 1)
[11:01:31] ✅ Saved: 2025-10-21_19aab163111bd25b9b8b18db15420390.json
[11:01:31] 🔎 [2025-10-21] https://www.dawn.com/news/1950227/report-sought-on-posting-of-ptv-md (try 1)
[11:01:32] ✅ Saved: 2025-10-21_45946a6541d64b7d99a35d410e4b01cc.json
[11:01:32] 🔎 [2025-10-21] https://www.dawn.com/news/1950233/doctor-arrested-in-sargodha-for-torture-of-house-help (try 1)
[11:01:34] ✅ Saved: 2025-10-21_3d6e3a5f2a93205b296c6dba3b2d0bbd.json
[11:01:34] 🔎 [2025-10-21] https://www.dawn.com/news/1950236/minor-burnt-after-being-thrown-into-popcorn-furnace-in-sheikhpura (try 1)
[11:01:36] ✅ Saved: 2025-10-21_7800e78a564df4aed0c61012b21a1285.json
[11:01:36] 🔎 [2025-10-21] https://www.dawn.com/news/1950254/hindu-community-celebrates-diwali-with-joy-and-tradition-in-sindh (try 1)
[11:01:39] ✅ Saved: 2025-10-21_11008871a5cdd224b63b8c78becf87b6.json
[11:01:39] 🔎 [2025-10-21] https://www.dawn.com/news/1950257/murad-approves-expansion-of-safe-city-project-to-karachis-dha-other-areas (try 1)
[11:01:39] ✅ Saved: 2025-10-21_a5fcd369c90a7f19e3bf3e00cf8e635f.json
[11:01:39] 🔎 [2025-10-21] https://www.dawn.com/news/1950258/karachi-police-make-first-arrest-using-facial-recognition-technology (try 1)
[11:01:44] ✅ Saved: 2025-10-21_1832a05d5e711d36b1b0e3cc627cb80b.json
[11:01:44] ✅ Saved: 2025-10-21_bf2ee889b06a44e5abe9a7b0a4cf3301.json
[11:01:44] 🔎 [2025-10-21] https://www.dawn.com/news/1950277/justice-mulakhail-takes-oath-as-acting-bhc-cj (try 1)
[11:01:44] 🔎 [2025-10-21] https://www.dawn.com/news/1950265/haaland-kane-and-mbappe-battle-to-be-europes-best (try 1)
[11:01:45] ✅ Saved: 2025-10-21_4ae021899711c852c65da350287a8d38.json
[11:01:45] 🔎 [2025-10-21] https://www.dawn.com/news/1950279/balochistan-levies-suspends-six-personnel-over-fake-promotions (try 1)
[11:01:45] ✅ Saved: 2025-10-21_a72a7fa99590a4f8017af9a7fec7dd83.json
[11:01:45] 🔎 [2025-10-21] https://www.dawn.com/news/1950280/balochistan-assembly-adopts-resolution-against-killing-of-mpas-brother (try 1)
[11:01:47] ✅ Saved: 2025-10-21_e042372402aec405d3d641557eda1d11.json
[11:01:47] 🔎 [2025-10-21] https://www.dawn.com/news/1950281/8-militants-gunned-down-in-dera-ismail-khan (try 1)
[11:01:50] ✅ Saved: 2025-10-21_d67533523fd31caa6060b38e7422116f.json
[11:01:50] 🔎 [2025-10-21] https://www.dawn.com/news/1950282/pia-gearing-up-for-direct-us-flights-says-aviation-minister (try 1)
[11:01:51] ✅ Saved: 2025-10-21_798b5fee0678289fb3bf904f5f9c43df.json
[11:01:51] 🔎 [2025-10-21] https://www.dawn.com/news/1950283/ihc-to-hear-bars-plea-on-justice-jahangiris-appointment (try 1)
[11:01:53] ✅ Saved: 2025-10-21_1895382df4c7c3242a385608f04d68e2.json
[11:01:53] 🔎 [2025-10-21] https://www.dawn.com/news/1950285/commission-being-formed-to-protect-minority-rights (try 1)
[11:01:55] ✅ Saved: 2025-10-21_1d808a4f06269a124472eb9c7521ed78.json
[11:01:55] 🔎 [2025-10-21] https://www.dawn.com/news/1950286/court-allows-trump-to-deploy-soldiers-in-portland (try 1)
[11:01:56] ✅ Saved: 2025-10-21_e2e3e32bbc8c2e4526ee0931db3ade69.json
[11:01:56] 🔎 [2025-10-21] https://www.dawn.com/news/1950287/mediators-scramble-to-salvage-gaza-truce (try 1)
[11:01:57] ✅ Saved: 2025-10-21_65906c1f6508a917fa2c335835d56491.json
[11:01:57] 🔎 [2025-10-21] https://www.dawn.com/news/1950188/athapaththu-conjures-miracle-as-sri-lanka-snatch-victory-over-bangladesh (try 1)
[11:01:58] ✅ Saved: 2025-10-21_98ffacba808329b436cc9069fa58d050.json
[11:01:59] 🔎 [2025-10-21] https://www.dawn.com/news/1949648/pakistan-sells-first-women-bank-to-uae-firm (try 1)
[11:02:01] ✅ Saved: 2025-10-21_da99948a60dcd071b3f6ca1dc4d5264c.json
[11:02:01] 🔎 [2025-10-21] https://www.dawn.com/news/1949845/pakistan-afghanistan-agree-to-immediate-ceasefire-after-doha-talks-defence-minister (try 1)
[11:02:03] ✅ Saved: 2025-10-21_cd9d6a3105dca55b1efeba0f64cd2fd6.json
[11:02:03] 🔎 [2025-10-21] https://www.dawn.com/news/1949695/zimbabwe-roped-in-after-afghanistan-pulls-out-of-upcoming-tri-nation-series (try 1)
[11:02:05] ✅ Saved: 2025-10-21_3a4eecad989519bccb1b8cd264fe41f1.json
[11:02:05] 🔎 [2025-10-21] https://www.dawn.com/news/1949914/pakistans-jf-17-block-iii-jets-touch-down-in-azerbaijan-for-bilateral-aerial-combat-exercise (try 1)
[11:02:05] ✅ Saved: 2025-10-21_e58b1455747b3c5d814cc7ee4f358024.json
[11:02:05] 🔎 [2025-10-21] https://www.dawn.com/news/1949677/shift-in-kabul-ties-imminent-as-more-terror-hideouts-hit (try 1)
[11:02:07] ✅ Saved: 2025-10-21_7d9476cd73027715fd06665a3926a059.json
[11:02:07] 🔎 [2025-10-21] https://www.dawn.com/news/1949711/no-space-for-war-in-nuclearised-environment-coas-munir-cautions-india (try 1)
[11:02:09] ✅ Saved: 2025-10-21_208f35cf45dee8f5276198afee139c69.json
[11:02:10] 🔎 [2025-10-21] https://www.dawn.com/news/1949764/45-electric-buses-arrive-in-rawalpindi (try 1)
[11:02:10] ✅ Saved: 2025-10-21_761b7f088e44ec08ff5c7c53d81425ec.json
[11:02:10] 🔎 [2025-10-21] https://www.dawn.com/news/1949908/suparco-launches-countrys-first-hyperspectral-satellite (try 1)
[11:02:11] ✅ Saved: 2025-10-21_f0ddc8c8daf5bb40a57eb2499160acdf.json
[11:02:11] 🔎 [2025-10-21] https://www.dawn.com/news/1949688/the-tlp-issue (try 1)
[11:02:12] ✅ Saved: 2025-10-21_e8a1f905b970c2896b4127045b95f1c7.json
[11:02:12] 🔎 [2025-10-21] https://www.dawn.com/news/1949953/lahore-ranks-second-most-polluted-city-in-world-in-terms-of-air-quality (try 1)
[11:02:13] ✅ Saved: 2025-10-21_8b10abf4b35615d61b7e31afe44d9c7b.json
[11:02:13] 🔎 [2025-10-21] https://www.dawn.com/news/1949540/why-are-multinationals-exiting-pakistan (try 1)
[11:02:17] ✅ Saved: 2025-10-21_bc5ffdb77cea9cbe4a5b1c131b6c9900.json
[11:02:17] 🔎 [2025-10-21] https://www.dawn.com/news/1949566/wherever-the-source-of-terrorism-is-a-heavy-price-will-be-paid-defence-minister-warns (try 1)
[11:02:18] ✅ Saved: 2025-10-21_de7e0f0218b3ac6db236400529c96703.json
[11:02:18] 🔎 [2025-10-21] https://www.dawn.com/news/1949853/talibans-new-ploy (try 1)
[11:02:19] ✅ Saved: 2025-10-21_8bc5c8366c2314bde9bfd3a85ca9ae06.json
[11:02:19] 🔎 [2025-10-21] https://www.dawn.com/news/1949214/airspace-ban-for-india-extended-until-nov-24 (try 1)
[11:02:21] ✅ Saved: 2025-10-21_82ae4ec549e3da2d197f704c4853d8b4.json
[11:02:21] 🔎 [2025-10-21] https://www.dawn.com/news/1949748/only-positive-way-forward-is-for-afghanistan-to-abide-by-doha-agreement-talal-chaudhry (try 1)
[11:02:21] ✅ Saved: 2025-10-21_af1a67de17c464a4e451e92805f5c5b1.json
[11:02:22] 🔎 [2025-10-21] https://www.dawn.com/news/1949852/measured-response (try 1)
[11:02:23] ✅ Saved: 2025-10-21_5015b4fe499386540a0745520e3050ad.json
[11:02:23] 🔎 [2025-10-21] https://www.dawn.com/news/1949741/pakistan-fall-to-great-britain-end-fourth-in-sultan-of-johor-cup (try 1)
[11:02:27] ✅ Saved: 2025-10-21_57054fe005e4d3b71fd5f5392e2d8fb9.json
[11:02:27] 🔎 [2025-10-21] https://www.dawn.com/news/1950025/authorities-in-punjab-closing-in-on-tlp-chiefs-whereabouts (try 1)
[11:02:27] ✅ Saved: 2025-10-21_c239be43bd13c51c1ac5f8890d6081ad.json
[11:02:27] 🔎 [2025-10-21] https://www.dawn.com/news/1949689/departing-mncs (try 1)
[11:02:27] ✅ Saved: 2025-10-21_8ffe4ba81c981e42edef12d9de14fc0d.json
[11:02:28] 🔎 [2025-10-21] https://www.dawn.com/news/1949923/kp-cm-afridi-calls-for-a-grand-peace-jirgah-on-oct-25 (try 1)
[11:02:28] ✅ Saved: 2025-10-21_f893a58a462acbf5559437136ce00c34.json
[11:02:28] 🔎 [2025-10-21] https://www.dawn.com/news/1949618/notice-issued-to-dha-coffee-shop-for-unlawfully-using-thai-cafe-chains-name (try 1)
[11:02:29] ✅ Saved: 2025-10-21_9f025e11fecc1f7b329861240a87ab5e.json
[11:02:29] 🔎 [2025-10-21] https://www.dawn.com/news/1949856/another-doha-pact (try 1)
[11:02:30] ✅ Saved: 2025-10-21_c78aa1556b1d83814d8622f2d80f391a.json
[11:02:30] 🔎 [2025-10-21] https://www.dawn.com/news/1949558/pakistan-fight-back-to-draw-3-3-against-australia-in-sultan-of-johor-hockey-cup (try 1)
[11:02:31] ✅ Saved: 2025-10-21_724b9bca74e0a3eee7c3bf5d8f5e45e9.json
[11:02:31] 🔎 [2025-10-21] https://www.dawn.com/news/1949478/spiralling-conflict (try 1)
[11:02:32] ✅ Saved: 2025-10-21_842e2551371bab46bec803b5e50e02e4.json
[11:02:32] 🔎 [2025-10-21] https://www.dawn.com/news/1949733/pakistan-cricket-board-to-finalise-new-odi-skipper-ahead-of-south-africa-series (try 1)
[11:02:36] ✅ Saved: 2025-10-21_5038d5842258265c0ae1a5032cce4cd7.json
[11:02:36] 🔎 [2025-10-21] https://www.dawn.com/news/1949499/suicide-attack-targeting-security-forces-foiled-in-north-waziristans-mir-ali-state-media (try 1)
[11:02:36] ✅ Saved: 2025-10-21_8a82c678bb2abf5231e54f26c0053fa7.json
[11:02:36] 🔎 [2025-10-21] https://www.dawn.com/news/1949347/fourth-format-emerges-amid-fears-over-future-of-test-cricket (try 1)
[11:02:37] ✅ Saved: 2025-10-21_2224d411fcf1d89cc3ebd756572aa67b.json
[11:02:37] 🔎 [2025-10-21] https://www.dawn.com/news/1950104/now-the-hard-part (try 1)
[11:02:37] ✅ Saved: 2025-10-21_8f0972045ad092da60cae65ecfaeba99.json
[11:02:37] 🔎 [2025-10-21] https://www.dawn.com/news/1950103/make-israel-great-again (try 1)
[11:02:37] ✅ Saved: 2025-10-21_0f87d64e89badc6b834af719acda9d2b.json
[11:02:38] 🔎 [2025-10-21] https://www.dawn.com/news/1950102/beyond-baku-belem (try 1)
[11:02:38] ✅ Saved: 2025-10-21_80425728d51265b0fdeda493079bfe08.json
[11:02:38] 🔎 [2025-10-21] https://www.dawn.com/news/1950105/from-sar-to-menaap (try 1)
[11:02:41] ✅ Saved: 2025-10-21_c2d6ba182f6ae601ecf003601d63167e.json
[11:02:41] ✅ Saved: 2025-10-21_fa628b20d18410b882abf6ce10f4decf.json
[11:02:42] ✅ Saved: 2025-10-21_b4c902061d4e55f86e85986c72233775.json
[11:02:43] ✅ Saved: 2025-10-21_32fe608c064196c2d0873c07fa816c9b.json
[11:02:44] ✅ Saved: 2025-10-21_a9697d3c731d11ffa1e8d24861f7c5f7.json
[11:02:44] ✅ Saved: 2025-10-21_62bf0b228677ade6929c23e1d53e9a20.json
[11:02:46] ✅ Saved: 2025-10-21_e61c98a33c9b45660815109f0b90826f.json
[11:02:48] ✅ Saved: 2025-10-21_314c94cede501f5da9341fd5b0d3330b.json
[11:02:48] 📦 [2025-10-21] Completed: 81, Failed: 0
