[18:45:38] [📅 Processing LIST for: 2025-11-01] (89 items)
[18:45:38] ⏭️  [2025-11-01] Already exists: 2025-11-01_5d3762b87c5bc5cbb08e8bd0894292c0.json
[18:45:38] ⏭️  [2025-11-01] Already exists: 2025-11-01_bf462120d6898d4eb1def0f655829df3.json
[18:45:38] ⏭️  [2025-11-01] Already exists: 2025-11-01_07fa9500c17fb62b8e6d7e06d38fa50e.json
[18:45:38] ⏭️  [2025-11-01] Already exists: 2025-11-01_e6c3d68e529050dfe2fe591b3e8decc0.json
[18:45:38] ⏭️  [2025-11-01] Already exists: 2025-11-01_ed1ccb9c4b6e566a93eb5d5916e6240e.json
[18:45:54] ✅ Saved: 2025-11-01_285578661bd51cba6612f7bc4fc814c8.json (3458 chars)
[18:45:55] ✅ Saved: 2025-11-01_52e1b80692862e8dbb1c80ac5afd55d4.json (3873 chars)
[18:45:57] ✅ Saved: 2025-11-01_1d36b298f91f7f9549f86f010919b6bd.json (5266 chars)
[18:45:59] ⏭️  [2025-11-01] Already exists: 2025-11-01_71a6af80ed4c80fa89245c1be828e175.json
[18:45:59] ⏭️  [2025-11-01] Already exists: 2025-11-01_b0d08e323d6122aca9a448534b13c379.json
[18:45:59] ⏭️  [2025-11-01] Already exists: 2025-11-01_24d8df18e310895a4244900b2acc6b45.json
[18:45:59] ⏭️  [2025-11-01] Already exists: 2025-11-01_5ae3e44ed57e5187c91cd86ad1feaf2b.json
[18:45:59] ⏭️  [2025-11-01] Already exists: 2025-11-01_015e3e4b73d12c897dc8890e86719a9d.json
[18:45:59] ⏭️  [2025-11-01] Already exists: 2025-11-01_75b444fa281d91905cef107433d7c087.json
[18:45:59] ⏭️  [2025-11-01] Already exists: 2025-11-01_f5c157ee97fe854957368edfc90491ed.json
[18:45:59] ⏭️  [2025-11-01] Already exists: 2025-11-01_803b48a3f2b8ac421bf144be0b0beb23.json
[18:46:00] ⏭️  [2025-11-01] Already exists: 2025-11-01_4d73273973001e343331505e827d4ba9.json
[18:46:00] ⏭️  [2025-11-01] Already exists: 2025-11-01_f8c50cf10ebd54187e3237ec56bf56d2.json
[18:46:00] ⏭️  [2025-11-01] Already exists: 2025-11-01_1e424a127c4befc9af3104e30337b69a.json
[18:46:00] ⏭️  [2025-11-01] Already exists: 2025-11-01_ca15329fdc24c0ceb69414073c0468f4.json
[18:46:00] ⏭️  [2025-11-01] Already exists: 2025-11-01_159ed3c1aa18acf08666d709d034ee01.json
[18:46:00] ⏭️  [2025-11-01] Already exists: 2025-11-01_654bca31e491314806dffeb8bed4e9ee.json
[18:46:00] ⏭️  [2025-11-01] Already exists: 2025-11-01_bcf3165f8f3e7504aa52f909bfccc59e.json
[18:46:00] ⏭️  [2025-11-01] Already exists: 2025-11-01_2f8a0908660dec25d7f1403cceee0884.json
[18:46:03] ⏭️  [2025-11-01] Already exists: 2025-11-01_83c8ac3bd093f05e0c4110d129a63512.json
[18:46:03] ⏭️  [2025-11-01] Already exists: 2025-11-01_f846225650e52d09ee3135512fd84298.json
[18:46:03] ⏭️  [2025-11-01] Already exists: 2025-11-01_7b0524f74330488a604e81904731f8f5.json
[18:46:03] ⏭️  [2025-11-01] Already exists: 2025-11-01_3f124ec597e722f5f9aed4641dc0d0c5.json
[18:46:03] ⏭️  [2025-11-01] Already exists: 2025-11-01_4c8163262706f13332383b778cf959af.json
[18:46:03] ⏭️  [2025-11-01] Already exists: 2025-11-01_b235c2e12109218d3b79a83083cfd413.json
[18:46:03] ⏭️  [2025-11-01] Already exists: 2025-11-01_41d870aaaccbeb333880e3c30ee43aac.json
[18:46:03] ⏭️  [2025-11-01] Already exists: 2025-11-01_214fa38c33288f0a5c1c48ef3489e178.json
[18:46:05] ⏭️  [2025-11-01] Already exists: 2025-11-01_2f593034878f25a23205d81b539c7bbc.json
[18:46:05] ⏭️  [2025-11-01] Already exists: 2025-11-01_09a567a75f228695bc716c08aad40b0e.json
[18:46:05] ⏭️  [2025-11-01] Already exists: 2025-11-01_4a4eac73968838fe4b9e80db02f5182b.json
[18:46:05] ⏭️  [2025-11-01] Already exists: 2025-11-01_4c0ad8c8136491dd05379ad004ef6a27.json
[18:46:05] ⏭️  [2025-11-01] Already exists: 2025-11-01_50b9bde682d4d5c5c832f98809bb5947.json
[18:46:05] ⏭️  [2025-11-01] Already exists: 2025-11-01_28b3e45596b70a82f4578885aa7b2f64.json
[18:46:05] ⏭️  [2025-11-01] Already exists: 2025-11-01_1d5f02dd67765840ba19fd4e20f9e6fc.json
[18:46:05] ⏭️  [2025-11-01] Already exists: 2025-11-01_ecff95bc56c51e5beb2851c10f89ec84.json
[18:46:07] ⏭️  [2025-11-01] Already exists: 2025-11-01_4991a3d3859e56b8623dfad130d1e4a4.json
[18:46:07] ⏭️  [2025-11-01] Already exists: 2025-11-01_412eb692f09e63b2a3ec4f3afa45395c.json
[18:46:07] ⏭️  [2025-11-01] Already exists: 2025-11-01_d289d136b658ff3a3097fe6eec6f0e4c.json
[18:46:07] ⏭️  [2025-11-01] Already exists: 2025-11-01_e1eaaf341617199fb7193f04e8a002e3.json
[18:46:07] ⏭️  [2025-11-01] Already exists: 2025-11-01_df6d76fb6742b06654673396c0d351c4.json
[18:46:07] ⏭️  [2025-11-01] Already exists: 2025-11-01_a59d43af9d5867c30acf3ce94541513f.json
[18:46:07] ⏭️  [2025-11-01] Already exists: 2025-11-01_4cb70a2e4f292ebaa9613447f7de7350.json
[18:46:07] ⏭️  [2025-11-01] Already exists: 2025-11-01_37ae6c7778fdd941cb59e86ac5c3f220.json
[18:46:09] ⏭️  [2025-11-01] Already exists: 2025-11-01_5f61b8273a07323b8af2a5e8847ad8b1.json
[18:46:09] ⏭️  [2025-11-01] Already exists: 2025-11-01_edb62a0b0f1c6884f0663e1503556323.json
[18:46:09] ⏭️  [2025-11-01] Already exists: 2025-11-01_5912055796d06fcd6c78b6b6801bc0e8.json
[18:46:09] ⏭️  [2025-11-01] Already exists: 2025-11-01_fe6e9a01c8ca133e00b04c4ee0334ef3.json
[18:46:09] ⏭️  [2025-11-01] Already exists: 2025-11-01_13c9ba25c4fcbd588966cef32e138885.json
[18:46:09] ⏭️  [2025-11-01] Already exists: 2025-11-01_655de6c1692c96b040a628f9eecb6a7e.json
[18:46:09] ⏭️  [2025-11-01] Already exists: 2025-11-01_7ecd8561fa0aa396abe5e40871554258.json
[18:46:09] ⏭️  [2025-11-01] Already exists: 2025-11-01_fcf862ae9ca9bb833dba223948a822ac.json
[18:46:11] ⏭️  [2025-11-01] Already exists: 2025-11-01_5333c5f3937d2a0c28511d31352748b7.json
[18:46:11] ⏭️  [2025-11-01] Already exists: 2025-11-01_256b38d56aa5e03f6d542895db987183.json
[18:46:11] ⏭️  [2025-11-01] Already exists: 2025-11-01_80fad1b7b49280094c0e685e698a6bb7.json
[18:46:11] ⏭️  [2025-11-01] Already exists: 2025-11-01_75eb513c2826a4ef74cb6629e4340c3a.json
[18:46:11] ⏭️  [2025-11-01] Already exists: 2025-11-01_4d49f4b09fdf554066cfc22cec12ea56.json
[18:46:11] ⏭️  [2025-11-01] Already exists: 2025-11-01_006b1d1681bca612ce60a41bc1a85c9b.json
[18:46:11] ⏭️  [2025-11-01] Already exists: 2025-11-01_9e7d72b59359ba66a7d6dd6fa94cd727.json
[18:46:11] ⏭️  [2025-11-01] Already exists: 2025-11-01_3b92da9f1089171063ccce1fe1b548fa.json
[18:46:13] ⏭️  [2025-11-01] Already exists: 2025-11-01_ef98cea882ce0ac751990582058e0855.json
[18:46:13] ⏭️  [2025-11-01] Already exists: 2025-11-01_b6539ad3f59dd06bff5410c208c9a249.json
[18:46:13] ⏭️  [2025-11-01] Already exists: 2025-11-01_e7517de1c4579da543ac39a35856771e.json
[18:46:13] ⏭️  [2025-11-01] Already exists: 2025-11-01_1b0110dd11aed08ccdf484cf9ecc0a6b.json
[18:46:13] ⏭️  [2025-11-01] Already exists: 2025-11-01_48c2f17a969a96d0532fc1be1c0a39ae.json
[18:46:13] ⏭️  [2025-11-01] Already exists: 2025-11-01_c6a61597e3ef2f3676b2fa907543d7a9.json
[18:46:13] ⏭️  [2025-11-01] Already exists: 2025-11-01_b3a5afdb7c859acfe0dcb400c96a0909.json
[18:46:13] ⏭️  [2025-11-01] Already exists: 2025-11-01_45cb7ffe15126af0ad7879b050d7918c.json
[18:46:15] ⏭️  [2025-11-01] Already exists: 2025-11-01_2b9de7ddfe5c4728c77f4471cdf63439.json
[18:46:15] ⏭️  [2025-11-01] Already exists: 2025-11-01_66e6a3f83b1eb49b728a1cfb4b78b21e.json
[18:46:15] ⏭️  [2025-11-01] Already exists: 2025-11-01_385cb6e71eb0b580d001aa24c634a5e6.json
[18:46:15] ⏭️  [2025-11-01] Already exists: 2025-11-01_00f00228d44fcaf3e038783236803f5b.json
[18:46:15] ⏭️  [2025-11-01] Already exists: 2025-11-01_1b06f659b932a2ee72bc865ed5c77e00.json
[18:46:15] ⏭️  [2025-11-01] Already exists: 2025-11-01_0490d67b5a6af907350448d3d5dcc533.json
[18:46:15] ⏭️  [2025-11-01] Already exists: 2025-11-01_b1b6bcf17a291ece465715d5c350f52c.json
[18:46:15] ⏭️  [2025-11-01] Already exists: 2025-11-01_1e1709655e0e1ecf1474030bebb03eea.json
[18:46:17] ⏭️  [2025-11-01] Already exists: 2025-11-01_a5c0cd7d210386f1898ac6db7c30ed69.json
[18:46:17] ⏭️  [2025-11-01] Already exists: 2025-11-01_53fa12cbc9296a31e283f862f75437c9.json
[18:46:17] ⏭️  [2025-11-01] Already exists: 2025-11-01_92dd5df1e8c879a32f38e3b792105994.json
[18:46:17] ⏭️  [2025-11-01] Already exists: 2025-11-01_4323b7cdc8e3b0885a20cd5a5ca27202.json
[18:46:17] ⏭️  [2025-11-01] Already exists: 2025-11-01_a3b614f407bd8125d7e46341e05a7e8c.json
[18:46:17] ⏭️  [2025-11-01] Already exists: 2025-11-01_ef027d84fe63174d4719f2853e69cf31.json
[18:46:17] ⏭️  [2025-11-01] Already exists: 2025-11-01_fc69f6e1ec77fa7a05e9d302d9302b73.json
[18:46:17] ⏭️  [2025-11-01] Already exists: 2025-11-01_813091e9a1136c65bbc1109fdd92b871.json
[18:46:18] ⏭️  [2025-11-01] Already exists: 2025-11-01_d4180a386f66db1fc86ef58ab03940ba.json
[18:46:20] 🎯 Finished 2025-11-01
[18:46:20]    📊 Success: 3 | Skipped: 86 | Failed: 0 | Total: 89
[18:46:20]    📝 Avg content length: 4199 chars
[18:46:20] ✅ DAWN article scraping completed.
[18:46:20] 📊 Final Stats:
{
  "2025-11-01": {
    "success": 3,
    "failed": 0,
    "skipped": 86,
    "total": 89,
    "avgContentLength": 4199
  }
}
