[12:16:21] [📅 Processing LIST for: 2025-11-09] (84 items)
[12:16:21] ⏭️  [2025-11-09] Already exists: 2025-11-09_b5e2439abd026dcdb2c53f440f93a5cf.json
[12:16:21] ⏭️  [2025-11-09] Already exists: 2025-11-09_841aa47193c0c36d9463a536deccc1b3.json
[12:16:21] ⏭️  [2025-11-09] Already exists: 2025-11-09_5dd334199236ec47c432153f6a2abf62.json
[12:16:21] ⏭️  [2025-11-09] Already exists: 2025-11-09_b8ca46f7c2f55bcfe915376624544796.json
[12:16:21] ⏭️  [2025-11-09] Already exists: 2025-11-09_ba35ee5fbebd59ab23c7270f6d425ad4.json
[12:16:21] ⏭️  [2025-11-09] Already exists: 2025-11-09_6f6eed111016b7030466741240f4f7e5.json
[12:16:21] ⏭️  [2025-11-09] Already exists: 2025-11-09_e7d99d0ab33ffc3b7fdc2dcea004c0c6.json
[12:16:24] ✅ Saved: 2025-11-09_e39758b6f55fa068d5e714fc6779ba29.json (1057 chars)
[12:16:27] ⏭️  [2025-11-09] Already exists: 2025-11-09_839c36ed36badbd22a75d28d9b7226d7.json
[12:16:27] ⏭️  [2025-11-09] Already exists: 2025-11-09_be71dab7b4306d34706b4db1ca5de2a8.json
[12:16:27] ⏭️  [2025-11-09] Already exists: 2025-11-09_892b4015c5a45646df2a1bff3e8e217d.json
[12:16:27] ⏭️  [2025-11-09] Already exists: 2025-11-09_852296098d9523788aaca8673035f1f0.json
[12:16:27] ⏭️  [2025-11-09] Already exists: 2025-11-09_6503118947e1d16450ec290381c61bcc.json
[12:16:27] ⏭️  [2025-11-09] Already exists: 2025-11-09_2433444835033073f2f22b6f24d8802c.json
[12:16:27] ⏭️  [2025-11-09] Already exists: 2025-11-09_9576367378c66e72ac45625c1b5c4bcd.json
[12:16:27] ⏭️  [2025-11-09] Already exists: 2025-11-09_d9125e8fc0595e465e4551d6eb21a8d2.json
[12:16:29] ⏭️  [2025-11-09] Already exists: 2025-11-09_5678bb6391845be45c94073d8d4d47b5.json
[12:16:29] ⏭️  [2025-11-09] Already exists: 2025-11-09_d9d6f70643e9d83e266457fbd113e9d5.json
[12:16:29] ⏭️  [2025-11-09] Already exists: 2025-11-09_84c6c372779b7bfba39ccbc20e758363.json
[12:16:29] ⏭️  [2025-11-09] Already exists: 2025-11-09_5417c0655e8349815cd3ed75847347fd.json
[12:16:29] ⏭️  [2025-11-09] Already exists: 2025-11-09_446ab81add91e899305e68ab46aaa20d.json
[12:16:29] ⏭️  [2025-11-09] Already exists: 2025-11-09_ae5c689ff4916b2badc6a62be98c7968.json
[12:16:29] ⏭️  [2025-11-09] Already exists: 2025-11-09_4227ab3634706b03e2de558833fbb6ff.json
[12:16:29] ⏭️  [2025-11-09] Already exists: 2025-11-09_f2bd09deb7c4794efe17059b9b450b37.json
[12:16:30] ⏭️  [2025-11-09] Already exists: 2025-11-09_552116ee5e76f6b18f963f02e4f24784.json
[12:16:30] ⏭️  [2025-11-09] Already exists: 2025-11-09_56112f06fe996186aae612697fd53b5c.json
[12:16:30] ⏭️  [2025-11-09] Already exists: 2025-11-09_6e0146806b846c6ab6a3c1eff090cef4.json
[12:16:30] ⏭️  [2025-11-09] Already exists: 2025-11-09_d8ef5cc54bd7acb6df1c9865bda0df02.json
[12:16:30] ⏭️  [2025-11-09] Already exists: 2025-11-09_1dcef60a2e9281ad610ad39bc9ecb528.json
[12:16:30] ⏭️  [2025-11-09] Already exists: 2025-11-09_21442cca9a19f60e1541f5acffcb21b1.json
[12:16:30] ⏭️  [2025-11-09] Already exists: 2025-11-09_0d4487ce8757a222b9c440500747663f.json
[12:16:30] ⏭️  [2025-11-09] Already exists: 2025-11-09_198a60a7c35ad1b49300419540a8fcbb.json
[12:16:32] ⏭️  [2025-11-09] Already exists: 2025-11-09_801229e2505c59d83dda006f7057f7c7.json
[12:16:32] ⏭️  [2025-11-09] Already exists: 2025-11-09_ef86c2335b132711082ed20fb8065496.json
[12:16:32] ⏭️  [2025-11-09] Already exists: 2025-11-09_01710483d18e209196fed7352490a586.json
[12:16:32] ⏭️  [2025-11-09] Already exists: 2025-11-09_87917c54c836427014397c03db11697f.json
[12:16:32] ⏭️  [2025-11-09] Already exists: 2025-11-09_90e8173915d7e5de60069a3a21405bdd.json
[12:16:32] ⏭️  [2025-11-09] Already exists: 2025-11-09_c209e404b4d754068a513682bc647b7e.json
[12:16:32] ⏭️  [2025-11-09] Already exists: 2025-11-09_2ed05c9cf5da9577fc3eac5da47c2e32.json
[12:16:32] ⏭️  [2025-11-09] Already exists: 2025-11-09_a14b7f85464cd715d3b8406fd618bb0b.json
[12:16:34] ⏭️  [2025-11-09] Already exists: 2025-11-09_f1b8ff8af07398e97cb3d0c11a5e7f43.json
[12:16:34] ⏭️  [2025-11-09] Already exists: 2025-11-09_3fe1e296a6a1ebe72a8c6b7208a60388.json
[12:16:34] ⏭️  [2025-11-09] Already exists: 2025-11-09_90bc7951e87e7d45133036ee72667cd4.json
[12:16:34] ⏭️  [2025-11-09] Already exists: 2025-11-09_3dfb8ce9c4794ad7658e05b2d9c7b4a5.json
[12:16:34] ⏭️  [2025-11-09] Already exists: 2025-11-09_d7e289075ca648a4a6e62e180c4ef6f5.json
[12:16:34] ⏭️  [2025-11-09] Already exists: 2025-11-09_103e8343004901dcc810fbc7723cde93.json
[12:16:34] ⏭️  [2025-11-09] Already exists: 2025-11-09_ef76e7dd7fff362f18aa0e2df86bc794.json
[12:16:34] ⏭️  [2025-11-09] Already exists: 2025-11-09_06d83e6bef304a0698dbecc347b6c248.json
[12:16:36] ⏭️  [2025-11-09] Already exists: 2025-11-09_310382a1a28f13c72dab6a4404e8159d.json
[12:16:36] ⏭️  [2025-11-09] Already exists: 2025-11-09_9069650c96335caedcf7b777951f7211.json
[12:16:36] ⏭️  [2025-11-09] Already exists: 2025-11-09_02ddcac8f30b2a6c5281f271de210619.json
[12:16:36] ⏭️  [2025-11-09] Already exists: 2025-11-09_65a554bed7f53a139c8c315de94ff066.json
[12:16:36] ⏭️  [2025-11-09] Already exists: 2025-11-09_e60eabb0746878a56b68e04d7db39dd5.json
[12:16:36] ⏭️  [2025-11-09] Already exists: 2025-11-09_2a24a55d6ef997a11d86ce1daf7332da.json
[12:16:36] ⏭️  [2025-11-09] Already exists: 2025-11-09_5f83966771167942c60127677ed4a63a.json
[12:16:36] ⏭️  [2025-11-09] Already exists: 2025-11-09_c3c19494cff7b1a1c43cfc73f8cfeb91.json
[12:16:38] ⏭️  [2025-11-09] Already exists: 2025-11-09_6a92e954275cc856526c7a4806a0616b.json
[12:16:38] ⏭️  [2025-11-09] Already exists: 2025-11-09_4b23463a6f7998411fd183acaf249adc.json
[12:16:38] ⏭️  [2025-11-09] Already exists: 2025-11-09_f877c1952aea8dbc0845abee32ddbddd.json
[12:16:38] ⏭️  [2025-11-09] Already exists: 2025-11-09_0b15618d35bae4bf30283531ab6e1593.json
[12:16:38] ⏭️  [2025-11-09] Already exists: 2025-11-09_eb61073b3891f651c4adf2a064ba6962.json
[12:16:38] ⏭️  [2025-11-09] Already exists: 2025-11-09_239e8cd0937c64874d7115b7d2f5d805.json
[12:16:38] ⏭️  [2025-11-09] Already exists: 2025-11-09_d6aeb4a0c94e270db4c70e51a56a5ff6.json
[12:16:38] ⏭️  [2025-11-09] Already exists: 2025-11-09_ff30eb54b398bc0b8dc767d818a1ccf8.json
[12:16:39] ⏭️  [2025-11-09] Already exists: 2025-11-09_da26fbd3d94b57b7a51e5533cc4cc997.json
[12:16:39] ⏭️  [2025-11-09] Already exists: 2025-11-09_c273763da7e480110373fd854d2421fa.json
[12:16:39] ⏭️  [2025-11-09] Already exists: 2025-11-09_84987987018d40d65c9f964ae4c0930f.json
[12:16:39] ⏭️  [2025-11-09] Already exists: 2025-11-09_f6d131d110a2798903175a03baeaed7b.json
[12:16:39] ⏭️  [2025-11-09] Already exists: 2025-11-09_9af35eedb39094416b9b92a95ed9153a.json
[12:16:39] ⏭️  [2025-11-09] Already exists: 2025-11-09_9d5b2c6a3aa44dda81608f754c9ea6c1.json
[12:16:39] ⏭️  [2025-11-09] Already exists: 2025-11-09_817aec127df90588700665c8e5a023e3.json
[12:16:39] ⏭️  [2025-11-09] Already exists: 2025-11-09_24410227fb08395b9d7d49ef817cd833.json
[12:16:40] ⏭️  [2025-11-09] Already exists: 2025-11-09_a563fba06534d4fb61b79d03409343ab.json
[12:16:40] ⏭️  [2025-11-09] Already exists: 2025-11-09_aa02d6fd6275bbff23aa324f34ddc1bc.json
[12:16:40] ⏭️  [2025-11-09] Already exists: 2025-11-09_7896952e8d48f8c4fa0714aef2230cc3.json
[12:16:40] ⏭️  [2025-11-09] Already exists: 2025-11-09_78b87dcb8661496e8c102c19879be105.json
[12:16:40] ⏭️  [2025-11-09] Already exists: 2025-11-09_c08b6c32ce7d5ef794c7f70779921b74.json
[12:16:40] ⏭️  [2025-11-09] Already exists: 2025-11-09_0d08f2aba567d13c42f0b31a438980a6.json
[12:16:40] ⏭️  [2025-11-09] Already exists: 2025-11-09_96550ae089f8e8d71d36d9a0428840aa.json
[12:16:40] ⏭️  [2025-11-09] Already exists: 2025-11-09_9be1cc41af4f268f221d97bb7bd169da.json
[12:16:42] ⏭️  [2025-11-09] Already exists: 2025-11-09_b28499e6fe3b8657e2763d6d8469dad2.json
[12:16:42] ⏭️  [2025-11-09] Already exists: 2025-11-09_9fe0051b6eb276ffe6835f9aa28b9ca6.json
[12:16:42] ⏭️  [2025-11-09] Already exists: 2025-11-09_93c5354a97396009b04443f0fef254f2.json
[12:16:42] ⏭️  [2025-11-09] Already exists: 2025-11-09_f757eddb065c3f89c9f512cad35836b9.json
[12:16:44] 🎯 Finished 2025-11-09
[12:16:44]    📊 Success: 1 | Skipped: 83 | Failed: 0 | Total: 84
[12:16:44]    📝 Avg content length: 1057 chars
[12:16:44] ✅ DAWN article scraping completed.
[12:16:44] 📊 Final Stats:
{
  "2025-11-09": {
    "success": 1,
    "failed": 0,
    "skipped": 83,
    "total": 84,
    "avgContentLength": 1057
  }
}
