[05:51:01] [📅 Processing LIST for: 2025-11-09] (75 items)
[05:51:01] ⏭️  [2025-11-09] Already exists: 2025-11-09_852296098d9523788aaca8673035f1f0.json
[05:51:01] ⏭️  [2025-11-09] Already exists: 2025-11-09_6503118947e1d16450ec290381c61bcc.json
[05:51:01] ⏭️  [2025-11-09] Already exists: 2025-11-09_892b4015c5a45646df2a1bff3e8e217d.json
[05:51:01] ⏭️  [2025-11-09] Already exists: 2025-11-09_2433444835033073f2f22b6f24d8802c.json
[05:51:01] ⏭️  [2025-11-09] Already exists: 2025-11-09_84c6c372779b7bfba39ccbc20e758363.json
[05:51:01] ⏭️  [2025-11-09] Already exists: 2025-11-09_5678bb6391845be45c94073d8d4d47b5.json
[05:51:01] ⏭️  [2025-11-09] Already exists: 2025-11-09_ae5c689ff4916b2badc6a62be98c7968.json
[05:51:04] ✅ Saved: 2025-11-09_d9125e8fc0595e465e4551d6eb21a8d2.json (9319 chars)
[05:51:05] ⏭️  [2025-11-09] Already exists: 2025-11-09_d9d6f70643e9d83e266457fbd113e9d5.json
[05:51:05] ⏭️  [2025-11-09] Already exists: 2025-11-09_4227ab3634706b03e2de558833fbb6ff.json
[05:51:05] ⏭️  [2025-11-09] Already exists: 2025-11-09_f2bd09deb7c4794efe17059b9b450b37.json
[05:51:05] ⏭️  [2025-11-09] Already exists: 2025-11-09_552116ee5e76f6b18f963f02e4f24784.json
[05:51:05] ⏭️  [2025-11-09] Already exists: 2025-11-09_446ab81add91e899305e68ab46aaa20d.json
[05:51:05] ⏭️  [2025-11-09] Already exists: 2025-11-09_5417c0655e8349815cd3ed75847347fd.json
[05:51:05] ⏭️  [2025-11-09] Already exists: 2025-11-09_0d4487ce8757a222b9c440500747663f.json
[05:51:05] ⏭️  [2025-11-09] Already exists: 2025-11-09_6e0146806b846c6ab6a3c1eff090cef4.json
[05:51:07] ⏭️  [2025-11-09] Already exists: 2025-11-09_1dcef60a2e9281ad610ad39bc9ecb528.json
[05:51:07] ⏭️  [2025-11-09] Already exists: 2025-11-09_c209e404b4d754068a513682bc647b7e.json
[05:51:07] ⏭️  [2025-11-09] Already exists: 2025-11-09_801229e2505c59d83dda006f7057f7c7.json
[05:51:07] ⏭️  [2025-11-09] Already exists: 2025-11-09_a14b7f85464cd715d3b8406fd618bb0b.json
[05:51:07] ⏭️  [2025-11-09] Already exists: 2025-11-09_56112f06fe996186aae612697fd53b5c.json
[05:51:09] ✅ Saved: 2025-11-09_198a60a7c35ad1b49300419540a8fcbb.json (2995 chars)
[05:51:10] ✅ Saved: 2025-11-09_21442cca9a19f60e1541f5acffcb21b1.json (1803 chars)
[05:51:11] ✅ Saved: 2025-11-09_d8ef5cc54bd7acb6df1c9865bda0df02.json (2990 chars)
[05:51:13] ⏭️  [2025-11-09] Already exists: 2025-11-09_8714f6987cdddac72e9245edb72d82e8.json
[05:51:13] ⏭️  [2025-11-09] Already exists: 2025-11-09_87917c54c836427014397c03db11697f.json
[05:51:13] ⏭️  [2025-11-09] Already exists: 2025-11-09_90e8173915d7e5de60069a3a21405bdd.json
[05:51:13] ⏭️  [2025-11-09] Already exists: 2025-11-09_f1b8ff8af07398e97cb3d0c11a5e7f43.json
[05:51:13] ⏭️  [2025-11-09] Already exists: 2025-11-09_01710483d18e209196fed7352490a586.json
[05:51:13] ⏭️  [2025-11-09] Already exists: 2025-11-09_3fe1e296a6a1ebe72a8c6b7208a60388.json
[05:51:13] ⏭️  [2025-11-09] Already exists: 2025-11-09_90bc7951e87e7d45133036ee72667cd4.json
[05:51:13] ⏭️  [2025-11-09] Already exists: 2025-11-09_2ed05c9cf5da9577fc3eac5da47c2e32.json
[05:51:15] ⏭️  [2025-11-09] Already exists: 2025-11-09_ef76e7dd7fff362f18aa0e2df86bc794.json
[05:51:15] ⏭️  [2025-11-09] Already exists: 2025-11-09_06d83e6bef304a0698dbecc347b6c248.json
[05:51:15] ⏭️  [2025-11-09] Already exists: 2025-11-09_310382a1a28f13c72dab6a4404e8159d.json
[05:51:15] ⏭️  [2025-11-09] Already exists: 2025-11-09_e60eabb0746878a56b68e04d7db39dd5.json
[05:51:15] ⏭️  [2025-11-09] Already exists: 2025-11-09_65a554bed7f53a139c8c315de94ff066.json
[05:51:15] ⏭️  [2025-11-09] Already exists: 2025-11-09_103e8343004901dcc810fbc7723cde93.json
[05:51:15] ⏭️  [2025-11-09] Already exists: 2025-11-09_9069650c96335caedcf7b777951f7211.json
[05:51:19] ✅ Saved: 2025-11-09_d7e289075ca648a4a6e62e180c4ef6f5.json (2439 chars)
[05:51:20] ⏭️  [2025-11-09] Already exists: 2025-11-09_5f83966771167942c60127677ed4a63a.json
[05:51:20] ⏭️  [2025-11-09] Already exists: 2025-11-09_849d64da7c7a7c64091eb1afe0e9649c.json
[05:51:20] ⏭️  [2025-11-09] Already exists: 2025-11-09_02ddcac8f30b2a6c5281f271de210619.json
[05:51:20] ⏭️  [2025-11-09] Already exists: 2025-11-09_f877c1952aea8dbc0845abee32ddbddd.json
[05:51:20] ⏭️  [2025-11-09] Already exists: 2025-11-09_7896952e8d48f8c4fa0714aef2230cc3.json
[05:51:20] ⏭️  [2025-11-09] Already exists: 2025-11-09_0d08f2aba567d13c42f0b31a438980a6.json
[05:51:20] ⏭️  [2025-11-09] Already exists: 2025-11-09_239e8cd0937c64874d7115b7d2f5d805.json
[05:51:20] ⏭️  [2025-11-09] Already exists: 2025-11-09_eb61073b3891f651c4adf2a064ba6962.json
[05:51:21] ⏭️  [2025-11-09] Already exists: 2025-11-09_f0a275e1f37fffc1508a50c9e1226c7f.json
[05:51:21] ⏭️  [2025-11-09] Already exists: 2025-11-09_048f4ce9d121793f3c47ac08892ad216.json
[05:51:21] ⏭️  [2025-11-09] Already exists: 2025-11-09_d681a47230dbd153026bb020238ea69c.json
[05:51:21] ⏭️  [2025-11-09] Already exists: 2025-11-09_4b23463a6f7998411fd183acaf249adc.json
[05:51:21] ⏭️  [2025-11-09] Already exists: 2025-11-09_6828b7883b304566cc93c301eb6489be.json
[05:51:21] ⏭️  [2025-11-09] Already exists: 2025-11-09_f757eddb065c3f89c9f512cad35836b9.json
[05:51:21] ⏭️  [2025-11-09] Already exists: 2025-11-09_6a92e954275cc856526c7a4806a0616b.json
[05:51:21] ⏭️  [2025-11-09] Already exists: 2025-11-09_ff30eb54b398bc0b8dc767d818a1ccf8.json
[05:51:23] ⏭️  [2025-11-09] Already exists: 2025-11-09_0b15618d35bae4bf30283531ab6e1593.json
[05:51:23] ⏭️  [2025-11-09] Already exists: 2025-11-09_df7566ce29ded4b9d40e4e998a4c9170.json
[05:51:23] ⏭️  [2025-11-09] Already exists: 2025-11-09_7e24b0c089355e7c61f89fc1c68c0d76.json
[05:51:23] ⏭️  [2025-11-09] Already exists: 2025-11-09_76e880d2ff2f5d01b3ed2d75dca9b586.json
[05:51:23] ⏭️  [2025-11-09] Already exists: 2025-11-09_84987987018d40d65c9f964ae4c0930f.json
[05:51:23] ⏭️  [2025-11-09] Already exists: 2025-11-09_f6d131d110a2798903175a03baeaed7b.json
[05:51:23] ⏭️  [2025-11-09] Already exists: 2025-11-09_d6aeb4a0c94e270db4c70e51a56a5ff6.json
[05:51:23] ⏭️  [2025-11-09] Already exists: 2025-11-09_da26fbd3d94b57b7a51e5533cc4cc997.json
[05:51:25] ⏭️  [2025-11-09] Already exists: 2025-11-09_d762f26fbc6deecb73cc5703fe562c21.json
[05:51:25] ⏭️  [2025-11-09] Already exists: 2025-11-09_8693a30e5c30792ce411c84d8640b9dd.json
[05:51:25] ⏭️  [2025-11-09] Already exists: 2025-11-09_9af35eedb39094416b9b92a95ed9153a.json
[05:51:25] ⏭️  [2025-11-09] Already exists: 2025-11-09_d298d9843c09e742d50d65d0be28371d.json
[05:51:25] ⏭️  [2025-11-09] Already exists: 2025-11-09_c056a7f1f4893de4f159b0a25ad837d2.json
[05:51:25] ⏭️  [2025-11-09] Already exists: 2025-11-09_95381e6f69cf3d59ebe06b517f2e359d.json
[05:51:25] ⏭️  [2025-11-09] Already exists: 2025-11-09_a4f841052b5dcbadf711d9488d800593.json
[05:51:25] ⏭️  [2025-11-09] Already exists: 2025-11-09_0f7c4b86f7f2c44aeace91c232e0d927.json
[05:51:27] ⏭️  [2025-11-09] Already exists: 2025-11-09_d7cb56651307a6e1080cfb5a029bb14f.json
[05:51:27] ⏭️  [2025-11-09] Already exists: 2025-11-09_fabbf1213246f6e57122a50f9f382996.json
[05:51:27] ⏭️  [2025-11-09] Already exists: 2025-11-09_49acac7edf407a1dc1cc4c3404f2b31b.json
[05:51:29] 🎯 Finished 2025-11-09
[05:51:29]    📊 Success: 5 | Skipped: 70 | Failed: 0 | Total: 75
[05:51:29]    📝 Avg content length: 3909 chars
[05:51:29] ✅ DAWN article scraping completed.
[05:51:29] 📊 Final Stats:
{
  "2025-11-09": {
    "success": 5,
    "failed": 0,
    "skipped": 70,
    "total": 75,
    "avgContentLength": 3909
  }
}
