[22:32:05] 📚 [2025-10-21] Processing 95 articles
[22:32:06] ⏭️  [2025-10-21] Already exists: tremors-of-53-magnitude-felt-in-twin-cities-northern-areas
[22:32:06] ⏭️  [2025-10-21] Already exists: situation-fully-under-control-ogra-rubbishes-reports-of-fuel-shortage
[22:32:06] ⏭️  [2025-10-21] Already exists: former-french-president-sarkozy-starts-5-year-prison-sentence
[22:32:10] ⏭️  [2025-10-21] Already exists: talal-terms-kp-govts-inaction-against-terrorism-ploy-for-political-point-scoring
[22:32:10] ⏭️  [2025-10-21] Already exists: centre-asks-punjab-to-facilitate-imran-cm-afridi-meeting-for-kp-cabinet-formation
[22:32:10] ⏭️  [2025-10-21] Already exists: squash-ace-noor-zaman-reaches-career-high-world-ranking-of-37
[22:32:13] ⏭️  [2025-10-21] Already exists: two-sc-judges-warn-new-code-of-conduct-will-restrict-judicial-freedom-create-avenues-for-control
[22:32:13] ⏭️  [2025-10-21] Already exists: mohsin-naqvi-adamant-on-ceremony-for-asia-cup-trophy-handover-as-india-increase-pressure
[22:32:13] ⏭️  [2025-10-21] Already exists: india-restores-embassy-in-afghanistan-as-ties-improve
[22:32:16] ⏭️  [2025-10-21] Already exists: who-says-india-has-much-to-do-on-toxic-cough-syrup-despite-some-progress
[22:32:16] ⏭️  [2025-10-21] Already exists: shrinking-habitats-rising-poaching-push-pakistans-bears-towards-the-brink
[22:32:16] ⏭️  [2025-10-21] Already exists: coas-munir-reiterates-any-violation-of-pakistans-territorial-integrity-will-be-met-with-firm-and-decisive-response
[22:32:19] ⏭️  [2025-10-21] Already exists: england-womens-double-world-cup-winner-emily-scarratt-retires-from-rugby
[22:32:19] ⏭️  [2025-10-21] Already exists: gb-election-commission-freezes-financial-administrative-powers-of-regional-govt-citing-concern-over-pre-poll-manipulation
[22:32:23] ✅ [2025-10-21] Scraped: 3 civilians killed in Muridke operation, claims Punjab minis...
[22:32:27] ⏭️  [2025-10-21] Already exists: smog-theatre-will-cannons-and-towers-clear-polluted-air
[22:32:27] ⏭️  [2025-10-21] Already exists: top-basketball-european-club-competitions-to-return-to-israel-on-december-1-say-organisers
[22:32:27] ⏭️  [2025-10-21] Already exists: jannik-sinner-skipping-davis-cup-finals-to-focus-on-australian-open-preparations
[22:32:31] ⏭️  [2025-10-21] Already exists: france-intensifies-hunt-for-louvre-raiders-who-stole-royal-jewels
[22:32:31] ⏭️  [2025-10-21] Already exists: pakistan-crash-out-of-womens-world-cup-after-crushing-defeat-in-rain-affected-south-africa-clash
[22:32:31] ⏭️  [2025-10-21] Already exists: ke-says-nepra-revision-has-slashed-its-tariff-by-rs76kwh-will-have-far-reaching-consequences
[22:32:35] ⏭️  [2025-10-21] Already exists: lesser-known-parties-withdraw-plea-seeking-to-become-opposition-alliance-ttaps-namesake
[22:32:35] ⏭️  [2025-10-21] Already exists: maharaj-takes-seven-wickets-with-south-africa-pakistan-second-test-in-balance-at-stumps
[22:32:35] ⏭️  [2025-10-21] Already exists: aston-villa-warn-fans-against-showing-political-messages-for-maccabi-clash
[22:32:39] ⏭️  [2025-10-21] Already exists: liquor-and-arms-recovery-case-islamabad-court-issues-arrest-warrant-for-gandapur-over-persistent-no-shows
[22:32:39] ⏭️  [2025-10-21] Already exists: fresh-polio-case-in-kp-takes-this-years-tally-to-30
