[22:49:54] [📅 Processing LIST for: 2025-10-25] (88 items)
[22:49:54] ⏭️  [2025-10-25] Already exists: 2025-10-25_92c6f7ee45a31d05f3a0719b7bb177f0.json
[22:49:54] ⏭️  [2025-10-25] Already exists: 2025-10-25_d9c593197a1fcf008f2660159c6a0c3b.json
[22:49:54] ⏭️  [2025-10-25] Already exists: 2025-10-25_b3a171e99e80f34d720672645f2da1fd.json
[22:49:54] ⏭️  [2025-10-25] Already exists: 2025-10-25_54e480735de64f6bd647900e69ef05f1.json
[22:49:54] ⏭️  [2025-10-25] Already exists: 2025-10-25_37c7cdad5a51021ab3d0dbb9e6983d3d.json
[22:49:54] ⏭️  [2025-10-25] Already exists: 2025-10-25_aff24762b6046b8b4a3a9e76e11a21da.json
[22:49:54] ⏭️  [2025-10-25] Already exists: 2025-10-25_b68be6af7c3c4328e7e62e5484c5977a.json
[22:49:54] ⏭️  [2025-10-25] Already exists: 2025-10-25_92ee3dc227c58a843e88c225ccea9fbf.json
[22:49:54] [📅 Processing LIST for: 2025-10-25] (88 items)
[22:49:54] ⏭️  [2025-10-25] Already exists: 2025-10-25_b3a171e99e80f34d720672645f2da1fd.json
[22:49:54] ⏭️  [2025-10-25] Already exists: 2025-10-25_54e480735de64f6bd647900e69ef05f1.json
[22:49:54] ⏭️  [2025-10-25] Already exists: 2025-10-25_d9c593197a1fcf008f2660159c6a0c3b.json
[22:49:54] ⏭️  [2025-10-25] Already exists: 2025-10-25_92c6f7ee45a31d05f3a0719b7bb177f0.json
[22:49:54] ⏭️  [2025-10-25] Already exists: 2025-10-25_aff24762b6046b8b4a3a9e76e11a21da.json
[22:49:54] ⏭️  [2025-10-25] Already exists: 2025-10-25_37c7cdad5a51021ab3d0dbb9e6983d3d.json
[22:49:54] ⏭️  [2025-10-25] Already exists: 2025-10-25_b68be6af7c3c4328e7e62e5484c5977a.json
[22:49:54] ⏭️  [2025-10-25] Already exists: 2025-10-25_92ee3dc227c58a843e88c225ccea9fbf.json
[22:49:55] ⏭️  [2025-10-25] Already exists: 2025-10-25_c416b375b1df5c4b5970ddc5075df9de.json
[22:49:55] ⏭️  [2025-10-25] Already exists: 2025-10-25_30c15efdb0fa5dfb42d4bfbce7aedac5.json
[22:49:55] ⏭️  [2025-10-25] Already exists: 2025-10-25_9b1596afaa97241aa832bdae4e6d502b.json
[22:49:55] ⏭️  [2025-10-25] Already exists: 2025-10-25_23708b9f05b31985ca546e8f81a78474.json
[22:49:55] ⏭️  [2025-10-25] Already exists: 2025-10-25_73c57e0c9a23e824682835f62ee02676.json
[22:49:55] ⏭️  [2025-10-25] Already exists: 2025-10-25_88c6afd95ce42937e8459d42c37f8536.json
[22:49:55] ⏭️  [2025-10-25] Already exists: 2025-10-25_c769fe0aface4c87ab388472be276080.json
[22:49:55] ⏭️  [2025-10-25] Already exists: 2025-10-25_7b72ee57c8befdb1b914eb8de40da384.json
[22:49:56] ⏭️  [2025-10-25] Already exists: 2025-10-25_c2c1be1b60f9defbff5b341b749291b0.json
[22:49:56] ⏭️  [2025-10-25] Already exists: 2025-10-25_26023174dc602b4b4ae16e40b42305be.json
[22:49:56] ⏭️  [2025-10-25] Already exists: 2025-10-25_ae67e28fa9bb6da3465ba2f5ac91ff0c.json
[22:49:56] ⏭️  [2025-10-25] Already exists: 2025-10-25_7b50e911e134086f6fca5a1196f56866.json
[22:49:56] ⏭️  [2025-10-25] Already exists: 2025-10-25_8d12258fc7e8f4bbaf84438bdccad968.json
[22:49:56] ⏭️  [2025-10-25] Already exists: 2025-10-25_2e05b1d72c974369174e636c26c98c81.json
[22:49:56] ⏭️  [2025-10-25] Already exists: 2025-10-25_79374ea99ce2cb1dc479d44ec8077384.json
[22:49:56] ⏭️  [2025-10-25] Already exists: 2025-10-25_4853d3c40d9475325c485dea38bdbd4a.json
[22:49:58] ⏭️  [2025-10-25] Already exists: 2025-10-25_2206f5612b41f5b69851a8e5429269eb.json
[22:49:58] ⏭️  [2025-10-25] Already exists: 2025-10-25_28454d9e18b10ece8fb381e645eac2b1.json
[22:49:58] ⏭️  [2025-10-25] Already exists: 2025-10-25_e60f7a38897a81c82c9fe88664f94588.json
[22:49:58] ⏭️  [2025-10-25] Already exists: 2025-10-25_522a9c24dea3873027ae39b2ba39f187.json
[22:49:58] ⏭️  [2025-10-25] Already exists: 2025-10-25_4781058a9ec9f123dee6399e04dc2588.json
[22:49:58] ⏭️  [2025-10-25] Already exists: 2025-10-25_ddcd015f1427b229acf4823244bbd73b.json
[22:49:58] ⏭️  [2025-10-25] Already exists: 2025-10-25_2621835bc8ecabec01b1f0cff4b3bee3.json
[22:49:58] ⏭️  [2025-10-25] Already exists: 2025-10-25_4f5381f03bcf96fe0307e61ff8707990.json
[22:50:00] ⏭️  [2025-10-25] Already exists: 2025-10-25_53f11cb1e0cfbaed4a4bdaf8e6fd1c01.json
[22:50:00] ⏭️  [2025-10-25] Already exists: 2025-10-25_23916757d5213b354b9f1aa17c87584c.json
[22:50:00] ⏭️  [2025-10-25] Already exists: 2025-10-25_afa4327226e598ce1c625e0d723a3571.json
[22:50:00] ⏭️  [2025-10-25] Already exists: 2025-10-25_2b4fed0e2967b4cbd381997f9fa5fd3d.json
[22:50:00] ⏭️  [2025-10-25] Already exists: 2025-10-25_9b434059f88a93fe6be83d8b65cbb067.json
[22:50:00] ⏭️  [2025-10-25] Already exists: 2025-10-25_65cae78a392c706f3eda27da6244d742.json
[22:50:00] ⏭️  [2025-10-25] Already exists: 2025-10-25_c9cc9fece8b8bba8a82ef519d2b76df0.json
[22:50:00] ⏭️  [2025-10-25] Already exists: 2025-10-25_5f7e8e1235a8fd3ddb8dae87bbec27d2.json
[22:50:02] ⏭️  [2025-10-25] Already exists: 2025-10-25_1ac60d1c491d251b4791f654df8610c6.json
[22:50:02] ⏭️  [2025-10-25] Already exists: 2025-10-25_c1730a004fdb1cd4458ef9541bd16318.json
[22:50:02] ⏭️  [2025-10-25] Already exists: 2025-10-25_5e1beeb943dc0291167c5524fbd559cd.json
[22:50:02] ⏭️  [2025-10-25] Already exists: 2025-10-25_e63201834dc908994dbf95b02813433f.json
[22:50:02] ⏭️  [2025-10-25] Already exists: 2025-10-25_dc96fd44663dd3e73643bcf99e0f431d.json
[22:50:02] ⏭️  [2025-10-25] Already exists: 2025-10-25_45ef88114175b75af3dbefa3812c196b.json
[22:50:02] ⏭️  [2025-10-25] Already exists: 2025-10-25_055485c6e3f8a5a508d02083cf82573f.json
[22:50:02] ⏭️  [2025-10-25] Already exists: 2025-10-25_da938bfcfa03dc79569d547bd9db5597.json
[22:50:04] ⏭️  [2025-10-25] Already exists: 2025-10-25_c029b4c54506620400351948f19a9a5b.json
[22:50:04] ⏭️  [2025-10-25] Already exists: 2025-10-25_3f6c6fc4e5c82197e0f68e89f4873b35.json
[22:50:04] ⏭️  [2025-10-25] Already exists: 2025-10-25_56eab3dc4a4840d2c815fcd16fe1e9a2.json
[22:50:04] ⏭️  [2025-10-25] Already exists: 2025-10-25_0090e8cd3236a13d7fc3b9e9b3178cd8.json
[22:50:04] ⏭️  [2025-10-25] Already exists: 2025-10-25_b2ac9739299d18f9b6dc09ea27ca6479.json
[22:50:04] ⏭️  [2025-10-25] Already exists: 2025-10-25_003a24d3f7ae7f26a18eba18093bfd04.json
[22:50:04] ⏭️  [2025-10-25] Already exists: 2025-10-25_3f596a714a7a55cd5c6657eb1794192d.json
[22:50:04] ⏭️  [2025-10-25] Already exists: 2025-10-25_34a8f98698adf9ea89b2e4bef0261984.json
[22:50:06] ⏭️  [2025-10-25] Already exists: 2025-10-25_bcb89942b9b75c827ccfed91ed6c15ef.json
[22:50:06] ⏭️  [2025-10-25] Already exists: 2025-10-25_2f057ff6113f51fdc3ac96e9d7dd7f05.json
[22:50:06] ⏭️  [2025-10-25] Already exists: 2025-10-25_0d9a3e5536f35e8edbf60532e47b9b8a.json
[22:50:06] ⏭️  [2025-10-25] Already exists: 2025-10-25_8c02a1b194a6139aec616e1f0bf83ec5.json
[22:50:06] ⏭️  [2025-10-25] Already exists: 2025-10-25_5410b76e897a444e839b13246db28c46.json
[22:50:06] ⏭️  [2025-10-25] Already exists: 2025-10-25_e41b86a47169e8983cecd4b7005b6212.json
[22:50:06] ⏭️  [2025-10-25] Already exists: 2025-10-25_3a04738b6b2854439abf32f5e8ba2154.json
[22:50:06] ⏭️  [2025-10-25] Already exists: 2025-10-25_e86460748b3b0d1f81528a54742764b6.json
[22:50:08] ⏭️  [2025-10-25] Already exists: 2025-10-25_73cc18b37c8419aef1e92faa1ea4a132.json
[22:50:08] ⏭️  [2025-10-25] Already exists: 2025-10-25_40929c789f8e4f1dfb0a41e38297f23f.json
[22:50:08] ⏭️  [2025-10-25] Already exists: 2025-10-25_d56610467301728eb8731c2bc4d070d0.json
[22:50:08] ⏭️  [2025-10-25] Already exists: 2025-10-25_19094156f4a2e597d31476fdb5b652fd.json
[22:50:08] ⏭️  [2025-10-25] Already exists: 2025-10-25_4bed623fd19762c0cdd6b0673df27a1b.json
[22:50:08] ⏭️  [2025-10-25] Already exists: 2025-10-25_a392f4894c589aa990df64e6ac468763.json
[22:50:08] ⏭️  [2025-10-25] Already exists: 2025-10-25_db719fe548834ddd43a2850c77c03a42.json
[22:50:08] ⏭️  [2025-10-25] Already exists: 2025-10-25_0a9401f97ceb92a24bd5a11fa1476917.json
[22:50:10] ⏭️  [2025-10-25] Already exists: 2025-10-25_0a02521881d1ce1b8a3d81100fe6e0c1.json
[22:50:10] ⏭️  [2025-10-25] Already exists: 2025-10-25_336aaf281cad504444a261c80b0e2f4d.json
[22:50:10] ⏭️  [2025-10-25] Already exists: 2025-10-25_7e54c22a50ac090b6c95bb850ab39e8d.json
[22:50:10] ⏭️  [2025-10-25] Already exists: 2025-10-25_2ae6656b4f4e5799cef29ef2d4de0c80.json
[22:50:10] ⏭️  [2025-10-25] Already exists: 2025-10-25_d4a617c2a745d87f9b3057af6189ab10.json
[22:50:10] ⏭️  [2025-10-25] Already exists: 2025-10-25_83b4d065590d954d9bc6cd392961e955.json
[22:50:10] ⏭️  [2025-10-25] Already exists: 2025-10-25_962a378480fb4c94e3b22af0b71d5a24.json
[22:50:10] ⏭️  [2025-10-25] Already exists: 2025-10-25_824a644a4e90542b756ef6fd9a2e0313.json
[22:50:12] ⏭️  [2025-10-25] Already exists: 2025-10-25_f501dc9d1f2bca32e39c4aecccc884b4.json
[22:50:12] ⏭️  [2025-10-25] Already exists: 2025-10-25_8da0dda268cc091c93a4d2ca5460bbd0.json
[22:50:12] ⏭️  [2025-10-25] Already exists: 2025-10-25_e6046a8248f2935724413ad17297f024.json
[22:50:12] ⏭️  [2025-10-25] Already exists: 2025-10-25_73a3a8435996da11499464b6b42ecefe.json
[22:50:12] ⏭️  [2025-10-25] Already exists: 2025-10-25_d9a04f6cc0149514a0b857c3bee13b22.json
[22:50:12] ⏭️  [2025-10-25] Already exists: 2025-10-25_a69bffa13097518160bf056475e485c5.json
[22:50:12] ⏭️  [2025-10-25] Already exists: 2025-10-25_5580fbaa12f9f9effaf2ec2e1a3ca949.json
[22:50:12] ⏭️  [2025-10-25] Already exists: 2025-10-25_54b91aa7382b6eeb951f1528df283aed.json
[22:50:14] 🎯 Finished 2025-10-25
[22:50:14]    📊 Success: 0 | Skipped: 88 | Failed: 0 | Total: 88
[22:50:14]    📝 Avg content length: 0 chars
[22:50:14] ✅ DAWN article scraping completed.
[22:50:14] 📊 Final Stats:
{
  "2025-10-25": {
    "success": 0,
    "failed": 0,
    "skipped": 88,
    "total": 88,
    "avgContentLength": 0
  }
}
