[14:03:02] [📅 Processing LIST for: 2025-10-28] (105 items)
[14:03:02] ⏭️  [2025-10-28] Already exists: 2025-10-28_0496ce4c5ab365137eff4589e58898c5.json
[14:03:02] ⏭️  [2025-10-28] Already exists: 2025-10-28_65bfd79601e12226d670cf727609d49d.json
[14:03:02] ⏭️  [2025-10-28] Already exists: 2025-10-28_96816d007c8f00576f27a33e4ac75b5e.json
[14:03:02] ⏭️  [2025-10-28] Already exists: 2025-10-28_ffd697ebe8bc192e9314080b10ee62dd.json
[14:03:02] ⏭️  [2025-10-28] Already exists: 2025-10-28_d4a4a7232963f6bb7c830daa9a771665.json
[14:03:02] ⏭️  [2025-10-28] Already exists: 2025-10-28_225f715a48e647ec6b418cd905cf37f9.json
[14:03:34] ✅ Saved: 2025-10-28_cb9430d8775b65c83e2ccadd8127cc52.json (5254 chars)
[14:03:36] ✅ Saved: 2025-10-28_48c2f17a969a96d0532fc1be1c0a39ae.json (4688 chars)
[14:03:39] ⏭️  [2025-10-28] Already exists: 2025-10-28_b16a89be948cb37aeb24139421e3cdef.json
[14:03:39] ⏭️  [2025-10-28] Already exists: 2025-10-28_53fa12cbc9296a31e283f862f75437c9.json
[14:03:39] ⏭️  [2025-10-28] Already exists: 2025-10-28_ff2d16a447be7097ef73b32958b89b4f.json
[14:03:39] ⏭️  [2025-10-28] Already exists: 2025-10-28_240048fc5cc0e33233312d04f2305b1f.json
[14:03:39] ⏭️  [2025-10-28] Already exists: 2025-10-28_2a320a1130c9b5b32858cf171d5e7d69.json
[14:03:39] ⏭️  [2025-10-28] Already exists: 2025-10-28_53dd4fe604e0eac8d4174ffc40841e7e.json
[14:03:39] ⏭️  [2025-10-28] Already exists: 2025-10-28_6ec148276bf5cdfdf0f56086113643ba.json
[14:03:39] ⏭️  [2025-10-28] Already exists: 2025-10-28_2baa37167660c91d2af5d00b6e91625b.json
[14:03:41] ⏭️  [2025-10-28] Already exists: 2025-10-28_057f4f5b1ef6ebe0694156e8bcdff40c.json
[14:03:41] ⏭️  [2025-10-28] Already exists: 2025-10-28_2d9591d3c38e4fbfa7603700940357b1.json
[14:03:41] ⏭️  [2025-10-28] Already exists: 2025-10-28_cc9881a42953e9583ab9aeab8970dd30.json
[14:03:41] ⏭️  [2025-10-28] Already exists: 2025-10-28_9a0481f4fc936f36d99f264b91323e06.json
[14:03:41] ⏭️  [2025-10-28] Already exists: 2025-10-28_ea09bf1dacfb2f90784adfdb4539fbac.json
[14:03:41] ⏭️  [2025-10-28] Already exists: 2025-10-28_3eba018613ade116a2ba4e7a0521e105.json
[14:03:41] ⏭️  [2025-10-28] Already exists: 2025-10-28_6119004d0853a9a5fc6471dfcc7c566d.json
[14:03:41] ⏭️  [2025-10-28] Already exists: 2025-10-28_a61c6b621f052e10c0bb9f2ce29d354a.json
[14:03:43] ⏭️  [2025-10-28] Already exists: 2025-10-28_93cea4d1a6c3e8d0a9141bdacb2690a1.json
[14:03:43] ⏭️  [2025-10-28] Already exists: 2025-10-28_816a2da448a9e6484f0b006e5407f302.json
[14:03:43] ⏭️  [2025-10-28] Already exists: 2025-10-28_ec46c242be4e3307f432e8123086e66c.json
[14:03:43] ⏭️  [2025-10-28] Already exists: 2025-10-28_021af02a398af649bcf5b37c37ce78ee.json
[14:03:43] ⏭️  [2025-10-28] Already exists: 2025-10-28_8ac97d9d59f50f74be7c46681aa2387d.json
[14:03:43] ⏭️  [2025-10-28] Already exists: 2025-10-28_5b87a9e10e12920f92a77bd7be2325d4.json
[14:03:43] ⏭️  [2025-10-28] Already exists: 2025-10-28_942424770100a069466dc8a87c586ea7.json
[14:03:43] ⏭️  [2025-10-28] Already exists: 2025-10-28_45b40b250ef2b7c613a90d91e30d69f3.json
[14:03:45] ⏭️  [2025-10-28] Already exists: 2025-10-28_344f759a7c14ac1f0f7824cc1e64cda8.json
[14:03:45] ⏭️  [2025-10-28] Already exists: 2025-10-28_628c7b39bd6b5a5d4129fd843fbad63a.json
[14:03:45] ⏭️  [2025-10-28] Already exists: 2025-10-28_c9a24faa798438caaad79680e9a54e2d.json
[14:03:45] ⏭️  [2025-10-28] Already exists: 2025-10-28_3eb2d131ac3cb6c0cc5a86880f2bcc04.json
[14:03:45] ⏭️  [2025-10-28] Already exists: 2025-10-28_9b9b41631a414282e17c0dfc00656fc5.json
[14:03:45] ⏭️  [2025-10-28] Already exists: 2025-10-28_6e2715b7c00640550acfea8563660e6f.json
[14:03:45] ⏭️  [2025-10-28] Already exists: 2025-10-28_e29f04a2f2263b4d8d0547813094c904.json
[14:03:45] ⏭️  [2025-10-28] Already exists: 2025-10-28_b87ad104ce9dd4ce7a31a67dba6411ff.json
[14:03:47] ⏭️  [2025-10-28] Already exists: 2025-10-28_aa24cb521ca175846435bb8b7614ce3e.json
[14:03:47] ⏭️  [2025-10-28] Already exists: 2025-10-28_f2a8ddce2e8345f93918b547480eef21.json
[14:03:47] ⏭️  [2025-10-28] Already exists: 2025-10-28_9bdeb1573b74e784800160d186249232.json
[14:03:47] ⏭️  [2025-10-28] Already exists: 2025-10-28_3b9cbb1f0967ae1fe54371a63dd53127.json
[14:03:47] ⏭️  [2025-10-28] Already exists: 2025-10-28_dd41954c2134c6c565d4f475a726a924.json
[14:03:47] ⏭️  [2025-10-28] Already exists: 2025-10-28_31b663b1e6e02cc7e87cd6f60c2a05b3.json
[14:03:47] ⏭️  [2025-10-28] Already exists: 2025-10-28_85dbe4dd3045719211be196002fe5110.json
[14:03:47] ⏭️  [2025-10-28] Already exists: 2025-10-28_8ba25403dfde31aee00df17ebc08243c.json
[14:03:48] ⏭️  [2025-10-28] Already exists: 2025-10-28_14baf4267a95b55d2feb2dab92c8735d.json
[14:03:48] ⏭️  [2025-10-28] Already exists: 2025-10-28_3fe197e0dbe3f70c00866072d9287bc6.json
[14:03:48] ⏭️  [2025-10-28] Already exists: 2025-10-28_2178abe85498ca43c57c169cf1443910.json
[14:03:48] ⏭️  [2025-10-28] Already exists: 2025-10-28_c0baeff950741c8cf389dc35c5861396.json
[14:03:48] ⏭️  [2025-10-28] Already exists: 2025-10-28_05df060204f66558c92d4c714b140fb2.json
[14:03:48] ⏭️  [2025-10-28] Already exists: 2025-10-28_3fb6f780b00861b5429b9468251d2430.json
[14:03:48] ⏭️  [2025-10-28] Already exists: 2025-10-28_f8c885f7c27ad74cd5cc526bf4ad4d91.json
[14:03:48] ⏭️  [2025-10-28] Already exists: 2025-10-28_8c3f96fac97fe4c322db5c5dd4d2c9d7.json
[14:03:51] ⏭️  [2025-10-28] Already exists: 2025-10-28_13a04791aa06846cf130b858ef4dc757.json
[14:03:51] ⏭️  [2025-10-28] Already exists: 2025-10-28_df46c10f1afff17f4060555a4715ccb5.json
[14:03:51] ⏭️  [2025-10-28] Already exists: 2025-10-28_fd054873fe9273138cecce4e1911f38e.json
[14:03:51] ⏭️  [2025-10-28] Already exists: 2025-10-28_4d5f3d84fd516bb655ae4c302f27740e.json
[14:03:51] ⏭️  [2025-10-28] Already exists: 2025-10-28_586c66cee79485bda205f7e134452832.json
[14:03:51] ⏭️  [2025-10-28] Already exists: 2025-10-28_819e7a36c5227c85c0054c0eca77c1c6.json
[14:03:51] ⏭️  [2025-10-28] Already exists: 2025-10-28_c6bfc1f344b29e582bdb7181c7677724.json
[14:03:51] ⏭️  [2025-10-28] Already exists: 2025-10-28_cb0825860ff8062a289abfcb82297c82.json
[14:03:53] ⏭️  [2025-10-28] Already exists: 2025-10-28_2951f317119964543af9be2773468f8d.json
[14:03:53] ⏭️  [2025-10-28] Already exists: 2025-10-28_9a79466cd91fdca7a518ddab25d2eb21.json
[14:03:53] ⏭️  [2025-10-28] Already exists: 2025-10-28_f494d1f302c22d12878c3ea02130d968.json
[14:03:53] ⏭️  [2025-10-28] Already exists: 2025-10-28_51f07380025fc09f8e59a374cb00ed83.json
[14:03:53] ⏭️  [2025-10-28] Already exists: 2025-10-28_2422030462c9a160c1309d657c13365a.json
[14:03:53] ⏭️  [2025-10-28] Already exists: 2025-10-28_650ae690591361d38abc7b7d4ff4dcf2.json
[14:03:53] ⏭️  [2025-10-28] Already exists: 2025-10-28_cecb02eb777d6ab98f1fd77763c23e19.json
[14:03:53] ⏭️  [2025-10-28] Already exists: 2025-10-28_c9fe68235678181e56f6eef483ee8048.json
[14:03:55] ⏭️  [2025-10-28] Already exists: 2025-10-28_8543e13c92a7cf86ecdb1f16110ecfeb.json
[14:04:31] ✅ Saved: 2025-10-28_4d49f4b09fdf554066cfc22cec12ea56.json (2922 chars)
[14:04:34] ✅ Saved: 2025-10-28_159ed3c1aa18acf08666d709d034ee01.json (2685 chars)
[14:04:39] ✅ Saved: 2025-10-28_5333c5f3937d2a0c28511d31352748b7.json (2507 chars)
[14:04:40] ✅ Saved: 2025-10-28_bcf3165f8f3e7504aa52f909bfccc59e.json (6489 chars)
[14:04:40] ✅ Saved: 2025-10-28_2f8a0908660dec25d7f1403cceee0884.json (2924 chars)
[14:04:43] ✅ Saved: 2025-10-28_256b38d56aa5e03f6d542895db987183.json (2621 chars)
[14:04:45] ✅ Saved: 2025-10-28_3b92da9f1089171063ccce1fe1b548fa.json (2766 chars)
[14:05:07] ✅ Saved: 2025-10-28_e7517de1c4579da543ac39a35856771e.json (4385 chars)
[14:05:10] ✅ Saved: 2025-10-28_75eb513c2826a4ef74cb6629e4340c3a.json (788 chars)
[14:05:12] ✅ Saved: 2025-10-28_c6a61597e3ef2f3676b2fa907543d7a9.json (2283 chars)
[14:05:17] ✅ Saved: 2025-10-28_b3a5afdb7c859acfe0dcb400c96a0909.json (6110 chars)
[14:05:19] ✅ Saved: 2025-10-28_45cb7ffe15126af0ad7879b050d7918c.json (2948 chars)
[14:05:20] ✅ Saved: 2025-10-28_b6539ad3f59dd06bff5410c208c9a249.json (2949 chars)
[14:05:22] ✅ Saved: 2025-10-28_9e7d72b59359ba66a7d6dd6fa94cd727.json (3471 chars)
[14:05:23] ✅ Saved: 2025-10-28_1b0110dd11aed08ccdf484cf9ecc0a6b.json (5740 chars)
[14:05:45] ✅ Saved: 2025-10-28_00f00228d44fcaf3e038783236803f5b.json (4239 chars)
[14:05:48] ✅ Saved: 2025-10-28_2b9de7ddfe5c4728c77f4471cdf63439.json (6856 chars)
[14:05:49] ✅ Saved: 2025-10-28_66e6a3f83b1eb49b728a1cfb4b78b21e.json (2594 chars)
[14:05:49] ✅ Saved: 2025-10-28_385cb6e71eb0b580d001aa24c634a5e6.json (4681 chars)
[14:05:51] ✅ Saved: 2025-10-28_1e1709655e0e1ecf1474030bebb03eea.json (3355 chars)
[14:05:54] ✅ Saved: 2025-10-28_b1b6bcf17a291ece465715d5c350f52c.json (4673 chars)
[14:05:56] ✅ Saved: 2025-10-28_ef98cea882ce0ac751990582058e0855.json (2301 chars)
[14:06:00] ✅ Saved: 2025-10-28_0490d67b5a6af907350448d3d5dcc533.json (6975 chars)
[14:06:03] ⏭️  [2025-10-28] Already exists: 2025-10-28_a3b614f407bd8125d7e46341e05a7e8c.json
[14:06:19] ✅ Saved: 2025-10-28_fc69f6e1ec77fa7a05e9d302d9302b73.json (2220 chars)
[14:06:19] ✅ Saved: 2025-10-28_4323b7cdc8e3b0885a20cd5a5ca27202.json (4738 chars)
[14:06:21] ✅ Saved: 2025-10-28_92dd5df1e8c879a32f38e3b792105994.json (6794 chars)
[14:06:21] ✅ Saved: 2025-10-28_1b06f659b932a2ee72bc865ed5c77e00.json (2885 chars)
[14:06:21] ✅ Saved: 2025-10-28_ef027d84fe63174d4719f2853e69cf31.json (6030 chars)
[14:06:21] ✅ Saved: 2025-10-28_813091e9a1136c65bbc1109fdd92b871.json (6570 chars)
[14:06:28] ✅ Saved: 2025-10-28_a5c0cd7d210386f1898ac6db7c30ed69.json (8989 chars)
[14:06:34] ✅ Saved: 2025-10-28_d4180a386f66db1fc86ef58ab03940ba.json (6797 chars)
[14:06:36] 🎯 Finished 2025-10-28
[14:06:36]    📊 Success: 33 | Skipped: 72 | Failed: 0 | Total: 105
[14:06:36]    📝 Avg content length: 4310 chars
[14:06:36] ✅ DAWN article scraping completed.
[14:06:36] 📊 Final Stats:
{
  "2025-10-28": {
    "success": 33,
    "failed": 0,
    "skipped": 72,
    "total": 105,
    "avgContentLength": 4310
  }
}
