[20:36:48] 📚 [2025-10-21] Processing 95 articles
[20:36:48] ⏭️  [2025-10-21] Already exists: former-french-president-sarkozy-starts-5-year-prison-sentence
[20:36:48] ⏭️  [2025-10-21] Already exists: situation-fully-under-control-ogra-rubbishes-reports-of-fuel-shortage
[20:36:48] ⏭️  [2025-10-21] Already exists: tremors-of-53-magnitude-felt-in-twin-cities-northern-areas
[20:36:52] ⏭️  [2025-10-21] Already exists: squash-ace-noor-zaman-reaches-career-high-world-ranking-of-37
[20:36:52] ⏭️  [2025-10-21] Already exists: centre-asks-punjab-to-facilitate-imran-cm-afridi-meeting-for-kp-cabinet-formation
[20:36:52] ⏭️  [2025-10-21] Already exists: talal-terms-kp-govts-inaction-against-terrorism-ploy-for-political-point-scoring
[20:36:55] ⏭️  [2025-10-21] Already exists: two-sc-judges-warn-new-code-of-conduct-will-restrict-judicial-freedom-create-avenues-for-control
[20:36:55] ⏭️  [2025-10-21] Already exists: mohsin-naqvi-adamant-on-ceremony-for-asia-cup-trophy-handover-as-india-increase-pressure
[20:36:55] ⏭️  [2025-10-21] Already exists: india-restores-embassy-in-afghanistan-as-ties-improve
[20:36:59] ⏭️  [2025-10-21] Already exists: coas-munir-reiterates-any-violation-of-pakistans-territorial-integrity-will-be-met-with-firm-and-decisive-response
[20:36:59] ⏭️  [2025-10-21] Already exists: who-says-india-has-much-to-do-on-toxic-cough-syrup-despite-some-progress
[20:36:59] ⏭️  [2025-10-21] Already exists: shrinking-habitats-rising-poaching-push-pakistans-bears-towards-the-brink
[20:37:02] ⏭️  [2025-10-21] Already exists: gb-election-commission-freezes-financial-administrative-powers-of-regional-govt-citing-concern-over-pre-poll-manipulation
[20:37:02] ⏭️  [2025-10-21] Already exists: england-womens-double-world-cup-winner-emily-scarratt-retires-from-rugby
[20:37:02] ⏭️  [2025-10-21] Already exists: 3-civilians-killed-in-muridke-operation-claims-punjab-minister
[20:37:06] ⏭️  [2025-10-21] Already exists: jannik-sinner-skipping-davis-cup-finals-to-focus-on-australian-open-preparations
[20:37:06] ⏭️  [2025-10-21] Already exists: smog-theatre-will-cannons-and-towers-clear-polluted-air
[20:37:06] ⏭️  [2025-10-21] Already exists: top-basketball-european-club-competitions-to-return-to-israel-on-december-1-say-organisers
[20:37:10] ⏭️  [2025-10-21] Already exists: ke-says-nepra-revision-has-slashed-its-tariff-by-rs76kwh-will-have-far-reaching-consequences
[20:37:10] ⏭️  [2025-10-21] Already exists: pakistan-crash-out-of-womens-world-cup-after-crushing-defeat-in-rain-affected-south-africa-clash
[20:37:11] ⏭️  [2025-10-21] Already exists: france-intensifies-hunt-for-louvre-raiders-who-stole-royal-jewels
[20:37:15] ⏭️  [2025-10-21] Already exists: lesser-known-parties-withdraw-plea-seeking-to-become-opposition-alliance-ttaps-namesake
[20:37:15] ⏭️  [2025-10-21] Already exists: maharaj-takes-seven-wickets-with-south-africa-pakistan-second-test-in-balance-at-stumps
[20:37:15] ⏭️  [2025-10-21] Already exists: aston-villa-warn-fans-against-showing-political-messages-for-maccabi-clash
[20:37:19] ⏭️  [2025-10-21] Already exists: 26th-amendment-case-justice-mazhar-says-regular-constitutional-benches-branches-of-same-tree
[20:37:19] ⏭️  [2025-10-21] Already exists: fresh-polio-case-in-kp-takes-this-years-tally-to-30
[20:37:19] ⏭️  [2025-10-21] Already exists: liquor-and-arms-recovery-case-islamabad-court-issues-arrest-warrant-for-gandapur-over-persistent-no-shows
[20:37:23] ⏭️  [2025-10-21] Already exists: china-hawk-sanae-takaichi-named-japans-first-woman-prime-minister
[20:37:23] ⏭️  [2025-10-21] Already exists: lahore-karachi-among-top-5-most-polluted-cities-in-world
[20:37:23] ⏭️  [2025-10-21] Already exists: natures-rights
[20:37:28] ⏭️  [2025-10-21] Already exists: 1950303
[20:37:28] ⏭️  [2025-10-21] Already exists: 1950284
[20:37:28] ⏭️  [2025-10-21] Already exists: 1950299
[20:37:31] ⏭️  [2025-10-21] Already exists: modi-may-face-quad-and-brics-choice
[20:37:32] ⏭️  [2025-10-21] Already exists: 1950310
[20:37:32] ⏭️  [2025-10-21] Already exists: ceasefire-triggers-2436-point-rally-on-psx
[20:37:35] ⏭️  [2025-10-21] Already exists: khamenei-rules-out-talks-with-bully-trump
[20:37:36] ⏭️  [2025-10-21] Already exists: 1950311
[20:37:36] ⏭️  [2025-10-21] Already exists: us-australia-sign-pact-on-critical-minerals
[20:37:39] ⏭️  [2025-10-21] Already exists: 1950308
[20:37:39] ⏭️  [2025-10-21] Already exists: us-sends-nuke-workers-home-as-shutdown-drags
[20:37:39] ⏭️  [2025-10-21] Already exists: colombia-recalls-ambassador-from-us-after-trumps-drug-remarks
[20:37:43] ⏭️  [2025-10-21] Already exists: first-test-tube-baby-born-in-dera-ismail-khan
[20:37:43] ⏭️  [2025-10-21] Already exists: kp-cm-afridi-vows-to-resist-centres-every-unconstitutional-step
[20:37:44] ⏭️  [2025-10-21] Already exists: unicef-wants-every-child-immunised-against-polio-amid-drop-in-refusal-cases
[20:37:46] ⏭️  [2025-10-21] Already exists: wb-team-assesses-achievements-of-400m-higher-education-project
[20:37:46] ⏭️  [2025-10-21] Already exists: notices-issued-to-14-medical-colleges-for-overcharging-fee-pmdc
[20:37:46] ⏭️  [2025-10-21] Already exists: population-surge-declared-national-emergency
[20:37:49] ⏭️  [2025-10-21] Already exists: doctor-arrested-in-sargodha-for-torture-of-house-help
[20:37:50] ⏭️  [2025-10-21] Already exists: report-sought-on-posting-of-ptv-md
[20:37:50] ⏭️  [2025-10-21] Already exists: search-committee-receives-750-applications-for-hec-chairman-post
[20:37:52] ⏭️  [2025-10-21] Already exists: minor-burnt-after-being-thrown-into-popcorn-furnace-in-sheikhpura
[20:37:53] ⏭️  [2025-10-21] Already exists: murad-approves-expansion-of-safe-city-project-to-karachis-dha-other-areas
[20:37:53] ⏭️  [2025-10-21] Already exists: hindu-community-celebrates-diwali-with-joy-and-tradition-in-sindh
[20:37:55] ⏭️  [2025-10-21] Already exists: justice-mulakhail-takes-oath-as-acting-bhc-cj
[20:37:55] ⏭️  [2025-10-21] Already exists: haaland-kane-and-mbappe-battle-to-be-europes-best
[20:37:55] ⏭️  [2025-10-21] Already exists: karachi-police-make-first-arrest-using-facial-recognition-technology
[20:37:59] ⏭️  [2025-10-21] Already exists: balochistan-levies-suspends-six-personnel-over-fake-promotions
[20:37:59] ⏭️  [2025-10-21] Already exists: 8-militants-gunned-down-in-dera-ismail-khan
[20:37:59] ⏭️  [2025-10-21] Already exists: balochistan-assembly-adopts-resolution-against-killing-of-mpas-brother
[20:38:03] ⏭️  [2025-10-21] Already exists: commission-being-formed-to-protect-minority-rights
[20:38:03] ⏭️  [2025-10-21] Already exists: pia-gearing-up-for-direct-us-flights-says-aviation-minister
[20:38:03] ⏭️  [2025-10-21] Already exists: ihc-to-hear-bars-plea-on-justice-jahangiris-appointment
[20:38:07] ⏭️  [2025-10-21] Already exists: court-allows-trump-to-deploy-soldiers-in-portland
[20:38:07] ⏭️  [2025-10-21] Already exists: mediators-scramble-to-salvage-gaza-truce
[20:38:07] ⏭️  [2025-10-21] Already exists: athapaththu-conjures-miracle-as-sri-lanka-snatch-victory-over-bangladesh
[20:38:11] ⏭️  [2025-10-21] Already exists: 45-electric-buses-arrive-in-rawalpindi
[20:38:11] ⏭️  [2025-10-21] Already exists: pakistan-sells-first-women-bank-to-uae-firm
[20:38:11] ⏭️  [2025-10-21] Already exists: pakistans-jf-17-block-iii-jets-touch-down-in-azerbaijan-for-bilateral-aerial-combat-exercise
[20:38:14] ⏭️  [2025-10-21] Already exists: pakistan-afghanistan-agree-to-immediate-ceasefire-after-doha-talks-defence-minister
[20:38:14] ⏭️  [2025-10-21] Already exists: notices-issued-to-adiala-jail-superintendent-others-on-kp-cms-plea-seeking-meeting-with-imran
[20:38:15] ⏭️  [2025-10-21] Already exists: lahore-ranks-second-most-polluted-city-in-world-in-terms-of-air-quality
[20:38:19] ⏭️  [2025-10-21] Already exists: authorities-in-punjab-closing-in-on-tlp-chiefs-whereabouts
[20:38:19] ⏭️  [2025-10-21] Already exists: need-for-safeguards
[20:38:19] ⏭️  [2025-10-21] Already exists: suparco-launches-countrys-first-hyperspectral-satellite
[20:38:21] ⏭️  [2025-10-21] Already exists: talibans-new-ploy
[20:38:21] ⏭️  [2025-10-21] Already exists: trump-vows-to-keep-massive-tariffs-on-india-until-russian-oil-imports-cease
[20:38:22] ⏭️  [2025-10-21] Already exists: why-are-multinationals-exiting-pakistan
[20:38:26] ⏭️  [2025-10-21] Already exists: doha-truce
[20:38:26] ⏭️  [2025-10-21] Already exists: lhc-informed-cnic-of-arshad-chaiwala-restored-after-nadra-verification
[20:38:26] ⏭️  [2025-10-21] Already exists: measured-response
[20:38:29] ⏭️  [2025-10-21] Already exists: pakistan-cricket-board-to-finalise-new-odi-skipper-ahead-of-south-africa-series
[20:38:29] ⏭️  [2025-10-21] Already exists: saudi-telecom-giant-launches-ai-hub-in-pakistan
[20:38:29] ⏭️  [2025-10-21] Already exists: pakistan-fall-to-great-britain-end-fourth-in-sultan-of-johor-cup
[20:38:31] ⏭️  [2025-10-21] Already exists: shaheen-named-pakistan-mens-odi-captain-set-to-start-stint-with-south-africa-series
[20:38:31] ⏭️  [2025-10-21] Already exists: kp-cm-afridi-calls-for-a-grand-peace-jirgah-on-oct-25
[20:38:31] ⏭️  [2025-10-21] Already exists: another-doha-pact
[20:38:35] ⏭️  [2025-10-21] Already exists: now-the-hard-part
[20:38:35] ⏭️  [2025-10-21] Already exists: veteran-bollywood-comedian-asrani-passes-away-at-84-after-prolonged-illness
[20:38:36] ⏭️  [2025-10-21] Already exists: too-many-battlefronts
[20:38:38] ⏭️  [2025-10-21] Already exists: shift-in-kabul-ties-imminent-as-more-terror-hideouts-hit
[20:38:38] ⏭️  [2025-10-21] Already exists: beyond-baku-belem
[20:38:38] ⏭️  [2025-10-21] Already exists: zimbabwe-roped-in-after-afghanistan-pulls-out-of-upcoming-tri-nation-series
[20:38:41] ⏭️  [2025-10-21] Already exists: from-sar-to-menaap
[20:38:41] ⏭️  [2025-10-21] Already exists: make-israel-great-again
[20:38:45] 📊 [2025-10-21] Summary: 95 success, 0 failed
